{"C:\\Users\\jagap\\Downloads\\sahavahan\\app.js": {"path":"C:\\Users\\jagap\\Downloads\\sahavahan\\app.js","statementMap":{"0":{"start":{"line":1,"column":0},"end":{"line":1,"column":27}},"1":{"start":{"line":2,"column":0},"end":{"line":2,"column":68}},"2":{"start":{"line":3,"column":16},"end":{"line":3,"column":34}},"3":{"start":{"line":4,"column":17},"end":{"line":4,"column":36}},"4":{"start":{"line":5,"column":13},"end":{"line":5,"column":28}},"5":{"start":{"line":6,"column":13},"end":{"line":6,"column":28}},"6":{"start":{"line":8,"column":12},"end":{"line":8,"column":21}},"7":{"start":{"line":9,"column":0},"end":{"line":9,"column":51}},"8":{"start":{"line":10,"column":0},"end":{"line":10,"column":69}},"9":{"start":{"line":11,"column":13},"end":{"line":11,"column":37}},"10":{"start":{"line":12,"column":18},"end":{"line":12,"column":39}},"11":{"start":{"line":15,"column":20},"end":{"line":17,"column":1}},"12":{"start":{"line":19,"column":19},"end":{"line":19,"column":61}},"13":{"start":{"line":19,"column":45},"end":{"line":19,"column":60}},"14":{"start":{"line":20,"column":0},"end":{"line":23,"column":1}},"15":{"start":{"line":21,"column":2},"end":{"line":21,"column":84}},"16":{"start":{"line":22,"column":2},"end":{"line":22,"column":18}},"17":{"start":{"line":26,"column":0},"end":{"line":28,"column":69}},"18":{"start":{"line":27,"column":14},"end":{"line":27,"column":48}},"19":{"start":{"line":28,"column":18},"end":{"line":28,"column":67}},"20":{"start":{"line":31,"column":19},"end":{"line":31,"column":44}},"21":{"start":{"line":34,"column":0},"end":{"line":34,"column":33}},"22":{"start":{"line":37,"column":0},"end":{"line":37,"column":37}},"23":{"start":{"line":40,"column":19},"end":{"line":40,"column":44}},"24":{"start":{"line":41,"column":32},"end":{"line":41,"column":69}},"25":{"start":{"line":44,"column":24},"end":{"line":44,"column":53}},"26":{"start":{"line":45,"column":21},"end":{"line":45,"column":48}},"27":{"start":{"line":46,"column":19},"end":{"line":46,"column":43}},"28":{"start":{"line":47,"column":20},"end":{"line":47,"column":45}},"29":{"start":{"line":48,"column":27},"end":{"line":48,"column":60}},"30":{"start":{"line":49,"column":23},"end":{"line":49,"column":52}},"31":{"start":{"line":50,"column":18},"end":{"line":50,"column":41}},"32":{"start":{"line":51,"column":21},"end":{"line":51,"column":48}},"33":{"start":{"line":52,"column":24},"end":{"line":52,"column":53}},"34":{"start":{"line":53,"column":22},"end":{"line":53,"column":49}},"35":{"start":{"line":54,"column":27},"end":{"line":54,"column":59}},"36":{"start":{"line":55,"column":24},"end":{"line":55,"column":53}},"37":{"start":{"line":56,"column":30},"end":{"line":56,"column":65}},"38":{"start":{"line":57,"column":25},"end":{"line":57,"column":55}},"39":{"start":{"line":58,"column":22},"end":{"line":58,"column":49}},"40":{"start":{"line":59,"column":23},"end":{"line":59,"column":51}},"41":{"start":{"line":60,"column":26},"end":{"line":60,"column":57}},"42":{"start":{"line":61,"column":26},"end":{"line":61,"column":57}},"43":{"start":{"line":62,"column":27},"end":{"line":62,"column":59}},"44":{"start":{"line":63,"column":27},"end":{"line":63,"column":60}},"45":{"start":{"line":68,"column":0},"end":{"line":68,"column":41}},"46":{"start":{"line":72,"column":0},"end":{"line":72,"column":47}},"47":{"start":{"line":75,"column":0},"end":{"line":75,"column":47}},"48":{"start":{"line":84,"column":0},"end":{"line":84,"column":16}},"49":{"start":{"line":86,"column":0},"end":{"line":86,"column":24}},"50":{"start":{"line":87,"column":0},"end":{"line":87,"column":48}},"51":{"start":{"line":90,"column":0},"end":{"line":90,"column":56}},"52":{"start":{"line":95,"column":22},"end":{"line":95,"column":49}},"53":{"start":{"line":96,"column":0},"end":{"line":96,"column":39}},"54":{"start":{"line":99,"column":33},"end":{"line":99,"column":71}},"55":{"start":{"line":100,"column":0},"end":{"line":100,"column":62}},"56":{"start":{"line":103,"column":23},"end":{"line":103,"column":51}},"57":{"start":{"line":104,"column":0},"end":{"line":104,"column":41}},"58":{"start":{"line":109,"column":22},"end":{"line":109,"column":50}},"59":{"start":{"line":110,"column":0},"end":{"line":110,"column":40}},"60":{"start":{"line":113,"column":0},"end":{"line":113,"column":34}},"61":{"start":{"line":115,"column":0},"end":{"line":115,"column":43}},"62":{"start":{"line":116,"column":0},"end":{"line":116,"column":34}},"63":{"start":{"line":119,"column":18},"end":{"line":119,"column":41}},"64":{"start":{"line":120,"column":0},"end":{"line":120,"column":31}},"65":{"start":{"line":125,"column":0},"end":{"line":125,"column":60}},"66":{"start":{"line":129,"column":0},"end":{"line":129,"column":43}},"67":{"start":{"line":130,"column":0},"end":{"line":130,"column":38}},"68":{"start":{"line":131,"column":0},"end":{"line":131,"column":33}},"69":{"start":{"line":132,"column":0},"end":{"line":132,"column":35}},"70":{"start":{"line":133,"column":0},"end":{"line":133,"column":50}},"71":{"start":{"line":134,"column":0},"end":{"line":134,"column":42}},"72":{"start":{"line":135,"column":0},"end":{"line":135,"column":31}},"73":{"start":{"line":136,"column":0},"end":{"line":136,"column":38}},"74":{"start":{"line":137,"column":0},"end":{"line":137,"column":39}},"75":{"start":{"line":138,"column":0},"end":{"line":138,"column":50}},"76":{"start":{"line":139,"column":0},"end":{"line":139,"column":43}},"77":{"start":{"line":140,"column":0},"end":{"line":140,"column":55}},"78":{"start":{"line":141,"column":0},"end":{"line":141,"column":45}},"79":{"start":{"line":142,"column":0},"end":{"line":142,"column":50}},"80":{"start":{"line":146,"column":0},"end":{"line":146,"column":50}},"81":{"start":{"line":149,"column":0},"end":{"line":149,"column":39}},"82":{"start":{"line":159,"column":0},"end":{"line":161,"column":3}},"83":{"start":{"line":160,"column":2},"end":{"line":160,"column":61}},"84":{"start":{"line":163,"column":0},"end":{"line":165,"column":3}},"85":{"start":{"line":164,"column":2},"end":{"line":164,"column":62}},"86":{"start":{"line":167,"column":0},"end":{"line":169,"column":3}},"87":{"start":{"line":168,"column":2},"end":{"line":168,"column":61}},"88":{"start":{"line":171,"column":0},"end":{"line":173,"column":3}},"89":{"start":{"line":172,"column":2},"end":{"line":172,"column":67}},"90":{"start":{"line":175,"column":0},"end":{"line":177,"column":3}},"91":{"start":{"line":176,"column":2},"end":{"line":176,"column":65}},"92":{"start":{"line":180,"column":13},"end":{"line":180,"column":28}},"93":{"start":{"line":181,"column":19},"end":{"line":181,"column":39}},"94":{"start":{"line":183,"column":15},"end":{"line":183,"column":37}},"95":{"start":{"line":185,"column":11},"end":{"line":190,"column":2}},"96":{"start":{"line":193,"column":0},"end":{"line":193,"column":17}},"97":{"start":{"line":197,"column":0},"end":{"line":236,"column":3}},"98":{"start":{"line":199,"column":2},"end":{"line":202,"column":5}},"99":{"start":{"line":200,"column":4},"end":{"line":200,"column":26}},"100":{"start":{"line":200,"column":19},"end":{"line":200,"column":26}},"101":{"start":{"line":201,"column":4},"end":{"line":201,"column":34}},"102":{"start":{"line":204,"column":2},"end":{"line":207,"column":5}},"103":{"start":{"line":205,"column":4},"end":{"line":205,"column":24}},"104":{"start":{"line":205,"column":17},"end":{"line":205,"column":24}},"105":{"start":{"line":206,"column":4},"end":{"line":206,"column":32}},"106":{"start":{"line":209,"column":2},"end":{"line":212,"column":5}},"107":{"start":{"line":210,"column":4},"end":{"line":210,"column":24}},"108":{"start":{"line":210,"column":17},"end":{"line":210,"column":24}},"109":{"start":{"line":211,"column":4},"end":{"line":211,"column":32}},"110":{"start":{"line":214,"column":2},"end":{"line":235,"column":5}},"111":{"start":{"line":215,"column":4},"end":{"line":234,"column":5}},"112":{"start":{"line":216,"column":35},"end":{"line":216,"column":39}},"113":{"start":{"line":217,"column":6},"end":{"line":217,"column":26}},"114":{"start":{"line":217,"column":19},"end":{"line":217,"column":26}},"115":{"start":{"line":218,"column":6},"end":{"line":218,"column":69}},"116":{"start":{"line":218,"column":62},"end":{"line":218,"column":69}},"117":{"start":{"line":220,"column":19},"end":{"line":220,"column":43}},"118":{"start":{"line":222,"column":6},"end":{"line":225,"column":9}},"119":{"start":{"line":227,"column":6},"end":{"line":231,"column":9}},"120":{"start":{"line":233,"column":6},"end":{"line":233,"column":48}},"121":{"start":{"line":238,"column":0},"end":{"line":240,"column":3}},"122":{"start":{"line":239,"column":2},"end":{"line":239,"column":51}},"123":{"start":{"line":242,"column":0},"end":{"line":242,"column":21}}},"fnMap":{"0":{"name":"(anonymous_0)","decl":{"start":{"line":19,"column":38},"end":{"line":19,"column":39}},"loc":{"start":{"line":19,"column":45},"end":{"line":19,"column":60}},"line":19},"1":{"name":"(anonymous_1)","decl":{"start":{"line":27,"column":8},"end":{"line":27,"column":9}},"loc":{"start":{"line":27,"column":14},"end":{"line":27,"column":48}},"line":27},"2":{"name":"(anonymous_2)","decl":{"start":{"line":28,"column":9},"end":{"line":28,"column":10}},"loc":{"start":{"line":28,"column":18},"end":{"line":28,"column":67}},"line":28},"3":{"name":"(anonymous_3)","decl":{"start":{"line":159,"column":13},"end":{"line":159,"column":14}},"loc":{"start":{"line":159,"column":27},"end":{"line":161,"column":1}},"line":159},"4":{"name":"(anonymous_4)","decl":{"start":{"line":163,"column":19},"end":{"line":163,"column":20}},"loc":{"start":{"line":163,"column":33},"end":{"line":165,"column":1}},"line":163},"5":{"name":"(anonymous_5)","decl":{"start":{"line":167,"column":18},"end":{"line":167,"column":19}},"loc":{"start":{"line":167,"column":32},"end":{"line":169,"column":1}},"line":167},"6":{"name":"(anonymous_6)","decl":{"start":{"line":171,"column":24},"end":{"line":171,"column":25}},"loc":{"start":{"line":171,"column":38},"end":{"line":173,"column":1}},"line":171},"7":{"name":"(anonymous_7)","decl":{"start":{"line":175,"column":22},"end":{"line":175,"column":23}},"loc":{"start":{"line":175,"column":36},"end":{"line":177,"column":1}},"line":175},"8":{"name":"(anonymous_8)","decl":{"start":{"line":197,"column":20},"end":{"line":197,"column":21}},"loc":{"start":{"line":197,"column":32},"end":{"line":236,"column":1}},"line":197},"9":{"name":"(anonymous_9)","decl":{"start":{"line":199,"column":37},"end":{"line":199,"column":38}},"loc":{"start":{"line":199,"column":66},"end":{"line":202,"column":3}},"line":199},"10":{"name":"(anonymous_10)","decl":{"start":{"line":204,"column":30},"end":{"line":204,"column":31}},"loc":{"start":{"line":204,"column":57},"end":{"line":207,"column":3}},"line":204},"11":{"name":"(anonymous_11)","decl":{"start":{"line":209,"column":33},"end":{"line":209,"column":34}},"loc":{"start":{"line":209,"column":60},"end":{"line":212,"column":3}},"line":209},"12":{"name":"(anonymous_12)","decl":{"start":{"line":214,"column":30},"end":{"line":214,"column":31}},"loc":{"start":{"line":214,"column":51},"end":{"line":235,"column":3}},"line":214},"13":{"name":"(anonymous_13)","decl":{"start":{"line":238,"column":20},"end":{"line":238,"column":21}},"loc":{"start":{"line":238,"column":26},"end":{"line":240,"column":1}},"line":238}},"branchMap":{"0":{"loc":{"start":{"line":11,"column":13},"end":{"line":11,"column":37}},"type":"binary-expr","locations":[{"start":{"line":11,"column":13},"end":{"line":11,"column":29}},{"start":{"line":11,"column":33},"end":{"line":11,"column":37}}],"line":11},"1":{"loc":{"start":{"line":20,"column":0},"end":{"line":23,"column":1}},"type":"if","locations":[{"start":{"line":20,"column":0},"end":{"line":23,"column":1}},{"start":{},"end":{}}],"line":20},"2":{"loc":{"start":{"line":199,"column":44},"end":{"line":199,"column":61}},"type":"default-arg","locations":[{"start":{"line":199,"column":59},"end":{"line":199,"column":61}}],"line":199},"3":{"loc":{"start":{"line":200,"column":4},"end":{"line":200,"column":26}},"type":"if","locations":[{"start":{"line":200,"column":4},"end":{"line":200,"column":26}},{"start":{},"end":{}}],"line":200},"4":{"loc":{"start":{"line":204,"column":37},"end":{"line":204,"column":52}},"type":"default-arg","locations":[{"start":{"line":204,"column":50},"end":{"line":204,"column":52}}],"line":204},"5":{"loc":{"start":{"line":205,"column":4},"end":{"line":205,"column":24}},"type":"if","locations":[{"start":{"line":205,"column":4},"end":{"line":205,"column":24}},{"start":{},"end":{}}],"line":205},"6":{"loc":{"start":{"line":209,"column":40},"end":{"line":209,"column":55}},"type":"default-arg","locations":[{"start":{"line":209,"column":53},"end":{"line":209,"column":55}}],"line":209},"7":{"loc":{"start":{"line":210,"column":4},"end":{"line":210,"column":24}},"type":"if","locations":[{"start":{"line":210,"column":4},"end":{"line":210,"column":24}},{"start":{},"end":{}}],"line":210},"8":{"loc":{"start":{"line":214,"column":37},"end":{"line":214,"column":46}},"type":"default-arg","locations":[{"start":{"line":214,"column":44},"end":{"line":214,"column":46}}],"line":214},"9":{"loc":{"start":{"line":217,"column":6},"end":{"line":217,"column":26}},"type":"if","locations":[{"start":{"line":217,"column":6},"end":{"line":217,"column":26}},{"start":{},"end":{}}],"line":217},"10":{"loc":{"start":{"line":218,"column":6},"end":{"line":218,"column":69}},"type":"if","locations":[{"start":{"line":218,"column":6},"end":{"line":218,"column":69}},{"start":{},"end":{}}],"line":218},"11":{"loc":{"start":{"line":218,"column":10},"end":{"line":218,"column":60}},"type":"binary-expr","locations":[{"start":{"line":218,"column":10},"end":{"line":218,"column":33}},{"start":{"line":218,"column":37},"end":{"line":218,"column":60}}],"line":218}},"s":{"0":1,"1":1,"2":1,"3":1,"4":1,"5":1,"6":1,"7":1,"8":1,"9":1,"10":1,"11":1,"12":1,"13":1,"14":1,"15":0,"16":0,"17":1,"18":1,"19":0,"20":1,"21":1,"22":1,"23":1,"24":1,"25":1,"26":1,"27":1,"28":1,"29":1,"30":1,"31":1,"32":1,"33":1,"34":1,"35":1,"36":1,"37":1,"38":1,"39":1,"40":1,"41":1,"42":1,"43":1,"44":1,"45":1,"46":1,"47":1,"48":1,"49":1,"50":1,"51":1,"52":1,"53":1,"54":1,"55":1,"56":1,"57":1,"58":1,"59":1,"60":1,"61":1,"62":1,"63":1,"64":1,"65":1,"66":1,"67":1,"68":1,"69":1,"70":1,"71":1,"72":1,"73":1,"74":1,"75":1,"76":1,"77":1,"78":1,"79":1,"80":1,"81":1,"82":1,"83":0,"84":1,"85":0,"86":1,"87":0,"88":1,"89":0,"90":1,"91":0,"92":1,"93":1,"94":1,"95":1,"96":1,"97":1,"98":0,"99":0,"100":0,"101":0,"102":0,"103":0,"104":0,"105":0,"106":0,"107":0,"108":0,"109":0,"110":0,"111":0,"112":0,"113":0,"114":0,"115":0,"116":0,"117":0,"118":0,"119":0,"120":0,"121":1,"122":1,"123":1},"f":{"0":1,"1":1,"2":0,"3":0,"4":0,"5":0,"6":0,"7":0,"8":0,"9":0,"10":0,"11":0,"12":0,"13":1},"b":{"0":[1,0],"1":[0,1],"2":[0],"3":[0,0],"4":[0],"5":[0,0],"6":[0],"7":[0,0],"8":[0],"9":[0,0],"10":[0,0],"11":[0,0]},"_coverageSchema":"1a1c01bbd47fc00a2c39e90264f33305004495a9","hash":"6d0db8a67b055a74ab6d59f913e413cf4e545818"}
,"C:\\Users\\jagap\\Downloads\\sahavahan\\config\\cloudinary.js": {"path":"C:\\Users\\jagap\\Downloads\\sahavahan\\config\\cloudinary.js","statementMap":{"0":{"start":{"line":1,"column":19},"end":{"line":1,"column":43}},"1":{"start":{"line":3,"column":0},"end":{"line":7,"column":3}},"2":{"start":{"line":9,"column":0},"end":{"line":9,"column":28}}},"fnMap":{},"branchMap":{},"s":{"0":1,"1":1,"2":1},"f":{},"b":{},"_coverageSchema":"1a1c01bbd47fc00a2c39e90264f33305004495a9","hash":"0f46a263ef05821c91fbc9f3f500faaaed26c997"}
,"C:\\Users\\jagap\\Downloads\\sahavahan\\middleware\\adminAuth.js": {"path":"C:\\Users\\jagap\\Downloads\\sahavahan\\middleware\\adminAuth.js","statementMap":{"0":{"start":{"line":1,"column":12},"end":{"line":1,"column":35}},"1":{"start":{"line":2,"column":13},"end":{"line":2,"column":38}},"2":{"start":{"line":3,"column":19},"end":{"line":3,"column":56}},"3":{"start":{"line":5,"column":28},"end":{"line":27,"column":1}},"4":{"start":{"line":6,"column":2},"end":{"line":26,"column":3}},"5":{"start":{"line":7,"column":23},"end":{"line":7,"column":48}},"6":{"start":{"line":8,"column":4},"end":{"line":10,"column":5}},"7":{"start":{"line":9,"column":6},"end":{"line":9,"column":104}},"8":{"start":{"line":12,"column":18},"end":{"line":12,"column":42}},"9":{"start":{"line":13,"column":20},"end":{"line":13,"column":49}},"10":{"start":{"line":15,"column":17},"end":{"line":15,"column":52}},"11":{"start":{"line":16,"column":4},"end":{"line":18,"column":5}},"12":{"start":{"line":17,"column":6},"end":{"line":17,"column":86}},"13":{"start":{"line":20,"column":4},"end":{"line":20,"column":32}},"14":{"start":{"line":21,"column":4},"end":{"line":21,"column":20}},"15":{"start":{"line":22,"column":4},"end":{"line":22,"column":11}},"16":{"start":{"line":24,"column":4},"end":{"line":24,"column":55}},"17":{"start":{"line":25,"column":4},"end":{"line":25,"column":88}},"18":{"start":{"line":29,"column":0},"end":{"line":29,"column":37}}},"fnMap":{"0":{"name":"(anonymous_0)","decl":{"start":{"line":5,"column":28},"end":{"line":5,"column":29}},"loc":{"start":{"line":5,"column":54},"end":{"line":27,"column":1}},"line":5}},"branchMap":{"0":{"loc":{"start":{"line":3,"column":19},"end":{"line":3,"column":56}},"type":"binary-expr","locations":[{"start":{"line":3,"column":19},"end":{"line":3,"column":41}},{"start":{"line":3,"column":45},"end":{"line":3,"column":56}}],"line":3},"1":{"loc":{"start":{"line":8,"column":4},"end":{"line":10,"column":5}},"type":"if","locations":[{"start":{"line":8,"column":4},"end":{"line":10,"column":5}},{"start":{},"end":{}}],"line":8},"2":{"loc":{"start":{"line":8,"column":8},"end":{"line":8,"column":56}},"type":"binary-expr","locations":[{"start":{"line":8,"column":8},"end":{"line":8,"column":19}},{"start":{"line":8,"column":23},"end":{"line":8,"column":56}}],"line":8},"3":{"loc":{"start":{"line":16,"column":4},"end":{"line":18,"column":5}},"type":"if","locations":[{"start":{"line":16,"column":4},"end":{"line":18,"column":5}},{"start":{},"end":{}}],"line":16},"4":{"loc":{"start":{"line":16,"column":8},"end":{"line":16,"column":38}},"type":"binary-expr","locations":[{"start":{"line":16,"column":8},"end":{"line":16,"column":13}},{"start":{"line":16,"column":17},"end":{"line":16,"column":38}}],"line":16}},"s":{"0":2,"1":2,"2":2,"3":2,"4":5,"5":5,"6":5,"7":1,"8":4,"9":4,"10":3,"11":3,"12":1,"13":2,"14":2,"15":2,"16":1,"17":1,"18":2},"f":{"0":5},"b":{"0":[2,1],"1":[1,4],"2":[5,4],"3":[1,2],"4":[3,3]},"_coverageSchema":"1a1c01bbd47fc00a2c39e90264f33305004495a9","hash":"efc6ac45e64cbc1745ba663816200601eca18ef7"}
,"C:\\Users\\jagap\\Downloads\\sahavahan\\middleware\\auth.js": {"path":"C:\\Users\\jagap\\Downloads\\sahavahan\\middleware\\auth.js","statementMap":{"0":{"start":{"line":2,"column":12},"end":{"line":2,"column":35}},"1":{"start":{"line":3,"column":19},"end":{"line":3,"column":61}},"2":{"start":{"line":5,"column":23},"end":{"line":17,"column":1}},"3":{"start":{"line":6,"column":16},"end":{"line":6,"column":56}},"4":{"start":{"line":7,"column":2},"end":{"line":7,"column":72}},"5":{"start":{"line":7,"column":14},"end":{"line":7,"column":72}},"6":{"start":{"line":9,"column":2},"end":{"line":16,"column":3}},"7":{"start":{"line":10,"column":20},"end":{"line":10,"column":49}},"8":{"start":{"line":11,"column":4},"end":{"line":11,"column":32}},"9":{"start":{"line":12,"column":4},"end":{"line":12,"column":36}},"10":{"start":{"line":13,"column":4},"end":{"line":13,"column":11}},"11":{"start":{"line":15,"column":4},"end":{"line":15,"column":55}},"12":{"start":{"line":19,"column":0},"end":{"line":19,"column":32}}},"fnMap":{"0":{"name":"(anonymous_0)","decl":{"start":{"line":5,"column":23},"end":{"line":5,"column":24}},"loc":{"start":{"line":5,"column":43},"end":{"line":17,"column":1}},"line":5}},"branchMap":{"0":{"loc":{"start":{"line":3,"column":19},"end":{"line":3,"column":61}},"type":"binary-expr","locations":[{"start":{"line":3,"column":19},"end":{"line":3,"column":41}},{"start":{"line":3,"column":45},"end":{"line":3,"column":61}}],"line":3},"1":{"loc":{"start":{"line":7,"column":2},"end":{"line":7,"column":72}},"type":"if","locations":[{"start":{"line":7,"column":2},"end":{"line":7,"column":72}},{"start":{},"end":{}}],"line":7}},"s":{"0":2,"1":2,"2":2,"3":5,"4":5,"5":2,"6":3,"7":3,"8":2,"9":2,"10":2,"11":1,"12":2},"f":{"0":5},"b":{"0":[2,1],"1":[2,3]},"_coverageSchema":"1a1c01bbd47fc00a2c39e90264f33305004495a9","hash":"bf2ceec01ac658e0d79b9cfb0289435decc75977"}
,"C:\\Users\\jagap\\Downloads\\sahavahan\\middleware\\cloudinaryUpload.js": {"path":"C:\\Users\\jagap\\Downloads\\sahavahan\\middleware\\cloudinaryUpload.js","statementMap":{"0":{"start":{"line":1,"column":15},"end":{"line":1,"column":32}},"1":{"start":{"line":2,"column":30},"end":{"line":2,"column":66}},"2":{"start":{"line":3,"column":19},"end":{"line":3,"column":50}},"3":{"start":{"line":5,"column":23},"end":{"line":12,"column":2}},"4":{"start":{"line":14,"column":23},"end":{"line":21,"column":2}},"5":{"start":{"line":23,"column":28},"end":{"line":30,"column":2}},"6":{"start":{"line":32,"column":24},"end":{"line":39,"column":2}},"7":{"start":{"line":41,"column":22},"end":{"line":41,"column":73}},"8":{"start":{"line":42,"column":22},"end":{"line":42,"column":80}},"9":{"start":{"line":43,"column":27},"end":{"line":52,"column":2}},"10":{"start":{"line":53,"column":23},"end":{"line":53,"column":78}},"11":{"start":{"line":55,"column":0},"end":{"line":60,"column":2}}},"fnMap":{},"branchMap":{},"s":{"0":1,"1":1,"2":1,"3":1,"4":1,"5":1,"6":1,"7":1,"8":1,"9":1,"10":1,"11":1},"f":{},"b":{},"_coverageSchema":"1a1c01bbd47fc00a2c39e90264f33305004495a9","hash":"8c21de68bd78145fa1502922f1fcc4827da9a693"}
,"C:\\Users\\jagap\\Downloads\\sahavahan\\models\\BookedRide.js": {"path":"C:\\Users\\jagap\\Downloads\\sahavahan\\models\\BookedRide.js","statementMap":{"0":{"start":{"line":1,"column":17},"end":{"line":1,"column":36}},"1":{"start":{"line":3,"column":25},"end":{"line":165,"column":2}},"2":{"start":{"line":167,"column":0},"end":{"line":170,"column":2}}},"fnMap":{},"branchMap":{},"s":{"0":2,"1":2,"2":2},"f":{},"b":{},"_coverageSchema":"1a1c01bbd47fc00a2c39e90264f33305004495a9","hash":"502b5591c189efb72e08c3892d83adc277f0d04b"}
,"C:\\Users\\jagap\\Downloads\\sahavahan\\models\\DriverVerification.js": {"path":"C:\\Users\\jagap\\Downloads\\sahavahan\\models\\DriverVerification.js","statementMap":{"0":{"start":{"line":1,"column":17},"end":{"line":1,"column":36}},"1":{"start":{"line":3,"column":33},"end":{"line":67,"column":1}},"2":{"start":{"line":69,"column":0},"end":{"line":72,"column":2}}},"fnMap":{},"branchMap":{},"s":{"0":1,"1":1,"2":1},"f":{},"b":{},"_coverageSchema":"1a1c01bbd47fc00a2c39e90264f33305004495a9","hash":"06e7f5d06d4b51f1a4291a15d762270355b8a66d"}
,"C:\\Users\\jagap\\Downloads\\sahavahan\\models\\FavoriteRoute.js": {"path":"C:\\Users\\jagap\\Downloads\\sahavahan\\models\\FavoriteRoute.js","statementMap":{"0":{"start":{"line":1,"column":17},"end":{"line":1,"column":36}},"1":{"start":{"line":3,"column":28},"end":{"line":23,"column":1}},"2":{"start":{"line":25,"column":0},"end":{"line":28,"column":2}}},"fnMap":{},"branchMap":{},"s":{"0":1,"1":1,"2":1},"f":{},"b":{},"_coverageSchema":"1a1c01bbd47fc00a2c39e90264f33305004495a9","hash":"5ff412a5885b05944935b219ffe582b6170dca2a"}
,"C:\\Users\\jagap\\Downloads\\sahavahan\\models\\Message.js": {"path":"C:\\Users\\jagap\\Downloads\\sahavahan\\models\\Message.js","statementMap":{"0":{"start":{"line":1,"column":17},"end":{"line":1,"column":36}},"1":{"start":{"line":3,"column":22},"end":{"line":27,"column":2}},"2":{"start":{"line":29,"column":0},"end":{"line":32,"column":2}}},"fnMap":{},"branchMap":{},"s":{"0":1,"1":1,"2":1},"f":{},"b":{},"_coverageSchema":"1a1c01bbd47fc00a2c39e90264f33305004495a9","hash":"673c8b99d34b3908ca8cf8a1101c06d44c93f833"}
,"C:\\Users\\jagap\\Downloads\\sahavahan\\models\\Notification.js": {"path":"C:\\Users\\jagap\\Downloads\\sahavahan\\models\\Notification.js","statementMap":{"0":{"start":{"line":1,"column":17},"end":{"line":1,"column":36}},"1":{"start":{"line":3,"column":27},"end":{"line":50,"column":1}},"2":{"start":{"line":52,"column":0},"end":{"line":52,"column":68}}},"fnMap":{},"branchMap":{},"s":{"0":2,"1":2,"2":2},"f":{},"b":{},"_coverageSchema":"1a1c01bbd47fc00a2c39e90264f33305004495a9","hash":"8a6f2d13f8e6e43b546ce275e3c917fc763f01e8"}
,"C:\\Users\\jagap\\Downloads\\sahavahan\\models\\PickupPoint.js": {"path":"C:\\Users\\jagap\\Downloads\\sahavahan\\models\\PickupPoint.js","statementMap":{"0":{"start":{"line":1,"column":17},"end":{"line":1,"column":36}},"1":{"start":{"line":3,"column":26},"end":{"line":24,"column":2}},"2":{"start":{"line":26,"column":0},"end":{"line":26,"column":66}}},"fnMap":{},"branchMap":{},"s":{"0":1,"1":1,"2":1},"f":{},"b":{},"_coverageSchema":"1a1c01bbd47fc00a2c39e90264f33305004495a9","hash":"55eeed01a6fc9bd50b430accd19361fc56170b11"}
,"C:\\Users\\jagap\\Downloads\\sahavahan\\models\\Report.js": {"path":"C:\\Users\\jagap\\Downloads\\sahavahan\\models\\Report.js","statementMap":{"0":{"start":{"line":1,"column":17},"end":{"line":1,"column":36}},"1":{"start":{"line":3,"column":21},"end":{"line":37,"column":1}},"2":{"start":{"line":39,"column":0},"end":{"line":39,"column":56}}},"fnMap":{},"branchMap":{},"s":{"0":1,"1":1,"2":1},"f":{},"b":{},"_coverageSchema":"1a1c01bbd47fc00a2c39e90264f33305004495a9","hash":"73c7636a33381538c31c5055d1a5dbdf4a65b2e4"}
,"C:\\Users\\jagap\\Downloads\\sahavahan\\models\\Review.js": {"path":"C:\\Users\\jagap\\Downloads\\sahavahan\\models\\Review.js","statementMap":{"0":{"start":{"line":1,"column":17},"end":{"line":1,"column":36}},"1":{"start":{"line":3,"column":21},"end":{"line":29,"column":2}},"2":{"start":{"line":31,"column":0},"end":{"line":31,"column":56}}},"fnMap":{},"branchMap":{},"s":{"0":2,"1":2,"2":2},"f":{},"b":{},"_coverageSchema":"1a1c01bbd47fc00a2c39e90264f33305004495a9","hash":"574f55bda2aec0370d76b4349488145d9fb2fc68"}
,"C:\\Users\\jagap\\Downloads\\sahavahan\\models\\Ride.js": {"path":"C:\\Users\\jagap\\Downloads\\sahavahan\\models\\Ride.js","statementMap":{"0":{"start":{"line":1,"column":17},"end":{"line":1,"column":36}},"1":{"start":{"line":3,"column":19},"end":{"line":224,"column":2}},"2":{"start":{"line":226,"column":0},"end":{"line":226,"column":52}}},"fnMap":{},"branchMap":{},"s":{"0":2,"1":2,"2":2},"f":{},"b":{},"_coverageSchema":"1a1c01bbd47fc00a2c39e90264f33305004495a9","hash":"1b0bb2dfa4e6692ebc4218f8e37db438f74d7061"}
,"C:\\Users\\jagap\\Downloads\\sahavahan\\models\\RideHistory.js": {"path":"C:\\Users\\jagap\\Downloads\\sahavahan\\models\\RideHistory.js","statementMap":{"0":{"start":{"line":1,"column":17},"end":{"line":1,"column":36}},"1":{"start":{"line":3,"column":26},"end":{"line":30,"column":1}},"2":{"start":{"line":32,"column":0},"end":{"line":35,"column":2}}},"fnMap":{},"branchMap":{},"s":{"0":1,"1":1,"2":1},"f":{},"b":{},"_coverageSchema":"1a1c01bbd47fc00a2c39e90264f33305004495a9","hash":"575f8ad8f77df0b2e3c322cc454f73b7b9cb9bf5"}
,"C:\\Users\\jagap\\Downloads\\sahavahan\\models\\RidePhoto.js": {"path":"C:\\Users\\jagap\\Downloads\\sahavahan\\models\\RidePhoto.js","statementMap":{"0":{"start":{"line":1,"column":17},"end":{"line":1,"column":36}},"1":{"start":{"line":3,"column":24},"end":{"line":24,"column":1}},"2":{"start":{"line":26,"column":0},"end":{"line":26,"column":62}}},"fnMap":{},"branchMap":{},"s":{"0":1,"1":1,"2":1},"f":{},"b":{},"_coverageSchema":"1a1c01bbd47fc00a2c39e90264f33305004495a9","hash":"637834426e6087e1cbd053494277f99cce8c7019"}
,"C:\\Users\\jagap\\Downloads\\sahavahan\\models\\RouteSubscription.js": {"path":"C:\\Users\\jagap\\Downloads\\sahavahan\\models\\RouteSubscription.js","statementMap":{"0":{"start":{"line":1,"column":17},"end":{"line":1,"column":36}},"1":{"start":{"line":3,"column":32},"end":{"line":26,"column":1}},"2":{"start":{"line":29,"column":0},"end":{"line":29,"column":92}},"3":{"start":{"line":31,"column":0},"end":{"line":31,"column":78}}},"fnMap":{},"branchMap":{},"s":{"0":2,"1":2,"2":2,"3":2},"f":{},"b":{},"_coverageSchema":"1a1c01bbd47fc00a2c39e90264f33305004495a9","hash":"2ba84233318d865d610d7c3ce20e9332b7e4fd4c"}
,"C:\\Users\\jagap\\Downloads\\sahavahan\\models\\SOS.js": {"path":"C:\\Users\\jagap\\Downloads\\sahavahan\\models\\SOS.js","statementMap":{"0":{"start":{"line":1,"column":17},"end":{"line":1,"column":36}},"1":{"start":{"line":3,"column":18},"end":{"line":35,"column":1}},"2":{"start":{"line":37,"column":0},"end":{"line":37,"column":50}}},"fnMap":{},"branchMap":{},"s":{"0":1,"1":1,"2":1},"f":{},"b":{},"_coverageSchema":"1a1c01bbd47fc00a2c39e90264f33305004495a9","hash":"2b7dac30b1aa204a01392b6a21c940527c2271d2"}
,"C:\\Users\\jagap\\Downloads\\sahavahan\\models\\User.js": {"path":"C:\\Users\\jagap\\Downloads\\sahavahan\\models\\User.js","statementMap":{"0":{"start":{"line":1,"column":17},"end":{"line":1,"column":36}},"1":{"start":{"line":3,"column":19},"end":{"line":208,"column":2}},"2":{"start":{"line":212,"column":0},"end":{"line":218,"column":2}},"3":{"start":{"line":225,"column":0},"end":{"line":228,"column":2}}},"fnMap":{},"branchMap":{},"s":{"0":3,"1":3,"2":3,"3":3},"f":{},"b":{},"_coverageSchema":"1a1c01bbd47fc00a2c39e90264f33305004495a9","hash":"e11d83e7896b0547b09edc1909080e513136adf5"}
,"C:\\Users\\jagap\\Downloads\\sahavahan\\models\\Vehicle.js": {"path":"C:\\Users\\jagap\\Downloads\\sahavahan\\models\\Vehicle.js","statementMap":{"0":{"start":{"line":1,"column":17},"end":{"line":1,"column":36}},"1":{"start":{"line":3,"column":22},"end":{"line":44,"column":1}},"2":{"start":{"line":46,"column":0},"end":{"line":46,"column":58}}},"fnMap":{},"branchMap":{},"s":{"0":2,"1":2,"2":2},"f":{},"b":{},"_coverageSchema":"1a1c01bbd47fc00a2c39e90264f33305004495a9","hash":"e6cd905a5dc0cef207ff09cd649f6448696edd83"}
,"C:\\Users\\jagap\\Downloads\\sahavahan\\models\\Waitlist.js": {"path":"C:\\Users\\jagap\\Downloads\\sahavahan\\models\\Waitlist.js","statementMap":{"0":{"start":{"line":1,"column":17},"end":{"line":1,"column":36}},"1":{"start":{"line":3,"column":23},"end":{"line":26,"column":1}},"2":{"start":{"line":29,"column":0},"end":{"line":29,"column":49}},"3":{"start":{"line":31,"column":0},"end":{"line":31,"column":60}}},"fnMap":{},"branchMap":{},"s":{"0":2,"1":2,"2":2,"3":2},"f":{},"b":{},"_coverageSchema":"1a1c01bbd47fc00a2c39e90264f33305004495a9","hash":"436e1cf7bd737fe16f3226dea0ed0fcf50a290b3"}
,"C:\\Users\\jagap\\Downloads\\sahavahan\\routes\\admin.js": {"path":"C:\\Users\\jagap\\Downloads\\sahavahan\\routes\\admin.js","statementMap":{"0":{"start":{"line":1,"column":16},"end":{"line":1,"column":34}},"1":{"start":{"line":2,"column":15},"end":{"line":2,"column":31}},"2":{"start":{"line":4,"column":13},"end":{"line":4,"column":38}},"3":{"start":{"line":5,"column":13},"end":{"line":5,"column":38}},"4":{"start":{"line":6,"column":19},"end":{"line":6,"column":50}},"5":{"start":{"line":7,"column":15},"end":{"line":7,"column":42}},"6":{"start":{"line":8,"column":15},"end":{"line":8,"column":42}},"7":{"start":{"line":11,"column":28},"end":{"line":11,"column":62}},"8":{"start":{"line":13,"column":0},"end":{"line":13,"column":32}},"9":{"start":{"line":16,"column":0},"end":{"line":55,"column":3}},"10":{"start":{"line":18,"column":2},"end":{"line":53,"column":3}},"11":{"start":{"line":21,"column":6},"end":{"line":21,"column":33}},"12":{"start":{"line":24,"column":6},"end":{"line":24,"column":33}},"13":{"start":{"line":27,"column":6},"end":{"line":27,"column":39}},"14":{"start":{"line":30,"column":6},"end":{"line":30,"column":29}},"15":{"start":{"line":32,"column":18},"end":{"line":32,"column":19}},"16":{"start":{"line":34,"column":4},"end":{"line":36,"column":7}},"17":{"start":{"line":35,"column":6},"end":{"line":35,"column":38}},"18":{"start":{"line":38,"column":4},"end":{"line":43,"column":7}},"19":{"start":{"line":47,"column":4},"end":{"line":47,"column":25}},"20":{"start":{"line":49,"column":4},"end":{"line":51,"column":7}},"21":{"start":{"line":58,"column":0},"end":{"line":74,"column":3}},"22":{"start":{"line":60,"column":2},"end":{"line":72,"column":3}},"23":{"start":{"line":62,"column":18},"end":{"line":62,"column":35}},"24":{"start":{"line":64,"column":4},"end":{"line":64,"column":20}},"25":{"start":{"line":68,"column":4},"end":{"line":70,"column":7}},"26":{"start":{"line":77,"column":0},"end":{"line":93,"column":3}},"27":{"start":{"line":79,"column":2},"end":{"line":91,"column":3}},"28":{"start":{"line":81,"column":18},"end":{"line":81,"column":35}},"29":{"start":{"line":83,"column":4},"end":{"line":83,"column":20}},"30":{"start":{"line":87,"column":4},"end":{"line":89,"column":7}},"31":{"start":{"line":96,"column":0},"end":{"line":113,"column":3}},"32":{"start":{"line":98,"column":2},"end":{"line":111,"column":3}},"33":{"start":{"line":101,"column":6},"end":{"line":101,"column":29}},"34":{"start":{"line":103,"column":4},"end":{"line":103,"column":23}},"35":{"start":{"line":107,"column":4},"end":{"line":109,"column":7}},"36":{"start":{"line":116,"column":0},"end":{"line":138,"column":3}},"37":{"start":{"line":118,"column":2},"end":{"line":136,"column":3}},"38":{"start":{"line":120,"column":4},"end":{"line":122,"column":6}},"39":{"start":{"line":124,"column":4},"end":{"line":127,"column":7}},"40":{"start":{"line":131,"column":4},"end":{"line":134,"column":7}},"41":{"start":{"line":141,"column":0},"end":{"line":163,"column":3}},"42":{"start":{"line":143,"column":2},"end":{"line":161,"column":3}},"43":{"start":{"line":145,"column":4},"end":{"line":147,"column":6}},"44":{"start":{"line":149,"column":4},"end":{"line":152,"column":7}},"45":{"start":{"line":156,"column":4},"end":{"line":159,"column":7}},"46":{"start":{"line":165,"column":0},"end":{"line":220,"column":3}},"47":{"start":{"line":166,"column":2},"end":{"line":219,"column":3}},"48":{"start":{"line":167,"column":18},"end":{"line":167,"column":68}},"49":{"start":{"line":170,"column":23},"end":{"line":172,"column":6}},"50":{"start":{"line":174,"column":24},"end":{"line":176,"column":6}},"51":{"start":{"line":178,"column":28},"end":{"line":180,"column":6}},"52":{"start":{"line":182,"column":25},"end":{"line":182,"column":93}},"53":{"start":{"line":182,"column":69},"end":{"line":182,"column":91}},"54":{"start":{"line":183,"column":22},"end":{"line":183,"column":135}},"55":{"start":{"line":183,"column":67},"end":{"line":183,"column":133}},"56":{"start":{"line":184,"column":23},"end":{"line":184,"column":96}},"57":{"start":{"line":184,"column":72},"end":{"line":184,"column":94}},"58":{"start":{"line":186,"column":28},"end":{"line":213,"column":50}},"59":{"start":{"line":188,"column":26},"end":{"line":188,"column":58}},"60":{"start":{"line":189,"column":29},"end":{"line":189,"column":59}},"61":{"start":{"line":190,"column":27},"end":{"line":190,"column":87}},"62":{"start":{"line":191,"column":27},"end":{"line":191,"column":74}},"63":{"start":{"line":192,"column":24},"end":{"line":192,"column":26}},"64":{"start":{"line":194,"column":8},"end":{"line":194,"column":61}},"65":{"start":{"line":194,"column":29},"end":{"line":194,"column":61}},"66":{"start":{"line":195,"column":8},"end":{"line":195,"column":114}},"67":{"start":{"line":195,"column":71},"end":{"line":195,"column":114}},"68":{"start":{"line":196,"column":8},"end":{"line":196,"column":120}},"69":{"start":{"line":196,"column":51},"end":{"line":196,"column":120}},"70":{"start":{"line":197,"column":8},"end":{"line":197,"column":104}},"71":{"start":{"line":197,"column":48},"end":{"line":197,"column":104}},"72":{"start":{"line":199,"column":8},"end":{"line":210,"column":10}},"73":{"start":{"line":212,"column":25},"end":{"line":212,"column":41}},"74":{"start":{"line":213,"column":22},"end":{"line":213,"column":49}},"75":{"start":{"line":215,"column":4},"end":{"line":215,"column":30}},"76":{"start":{"line":217,"column":4},"end":{"line":217,"column":25}},"77":{"start":{"line":218,"column":4},"end":{"line":218,"column":73}},"78":{"start":{"line":222,"column":0},"end":{"line":286,"column":3}},"79":{"start":{"line":223,"column":2},"end":{"line":285,"column":3}},"80":{"start":{"line":224,"column":23},"end":{"line":224,"column":50}},"81":{"start":{"line":225,"column":23},"end":{"line":225,"column":50}},"82":{"start":{"line":226,"column":26},"end":{"line":226,"column":59}},"83":{"start":{"line":228,"column":24},"end":{"line":228,"column":70}},"84":{"start":{"line":229,"column":21},"end":{"line":229,"column":22}},"85":{"start":{"line":230,"column":28},"end":{"line":230,"column":30}},"86":{"start":{"line":231,"column":27},"end":{"line":231,"column":29}},"87":{"start":{"line":233,"column":4},"end":{"line":240,"column":7}},"88":{"start":{"line":234,"column":20},"end":{"line":234,"column":37}},"89":{"start":{"line":235,"column":6},"end":{"line":235,"column":26}},"90":{"start":{"line":237,"column":20},"end":{"line":237,"column":87}},"91":{"start":{"line":238,"column":6},"end":{"line":238,"column":65}},"92":{"start":{"line":239,"column":6},"end":{"line":239,"column":67}},"93":{"start":{"line":243,"column":22},"end":{"line":252,"column":6}},"94":{"start":{"line":253,"column":26},"end":{"line":256,"column":7}},"95":{"start":{"line":253,"column":49},"end":{"line":256,"column":5}},"96":{"start":{"line":259,"column":4},"end":{"line":261,"column":5}},"97":{"start":{"line":260,"column":6},"end":{"line":260,"column":37}},"98":{"start":{"line":262,"column":4},"end":{"line":264,"column":5}},"99":{"start":{"line":263,"column":6},"end":{"line":263,"column":36}},"100":{"start":{"line":265,"column":4},"end":{"line":267,"column":5}},"101":{"start":{"line":266,"column":6},"end":{"line":266,"column":61}},"102":{"start":{"line":269,"column":4},"end":{"line":279,"column":7}},"103":{"start":{"line":281,"column":4},"end":{"line":281,"column":54}},"104":{"start":{"line":282,"column":4},"end":{"line":284,"column":7}},"105":{"start":{"line":288,"column":27},"end":{"line":288,"column":66}},"106":{"start":{"line":291,"column":0},"end":{"line":300,"column":3}},"107":{"start":{"line":292,"column":2},"end":{"line":299,"column":3}},"108":{"start":{"line":293,"column":21},"end":{"line":294,"column":30}},"109":{"start":{"line":295,"column":4},"end":{"line":295,"column":23}},"110":{"start":{"line":297,"column":4},"end":{"line":297,"column":25}},"111":{"start":{"line":298,"column":4},"end":{"line":298,"column":48}},"112":{"start":{"line":303,"column":0},"end":{"line":308,"column":3}},"113":{"start":{"line":304,"column":2},"end":{"line":307,"column":20}},"114":{"start":{"line":314,"column":0},"end":{"line":414,"column":3}},"115":{"start":{"line":315,"column":2},"end":{"line":413,"column":3}},"116":{"start":{"line":316,"column":41},"end":{"line":316,"column":49}},"117":{"start":{"line":318,"column":4},"end":{"line":318,"column":96}},"118":{"start":{"line":318,"column":25},"end":{"line":318,"column":96}},"119":{"start":{"line":319,"column":4},"end":{"line":321,"column":5}},"120":{"start":{"line":320,"column":6},"end":{"line":320,"column":88}},"121":{"start":{"line":323,"column":25},"end":{"line":323,"column":74}},"122":{"start":{"line":324,"column":4},"end":{"line":324,"column":98}},"123":{"start":{"line":324,"column":23},"end":{"line":324,"column":98}},"124":{"start":{"line":326,"column":17},"end":{"line":326,"column":72}},"125":{"start":{"line":327,"column":4},"end":{"line":327,"column":74}},"126":{"start":{"line":327,"column":15},"end":{"line":327,"column":74}},"127":{"start":{"line":329,"column":4},"end":{"line":407,"column":5}},"128":{"start":{"line":330,"column":26},"end":{"line":330,"column":49}},"129":{"start":{"line":332,"column":6},"end":{"line":332,"column":35}},"130":{"start":{"line":333,"column":6},"end":{"line":333,"column":43}},"131":{"start":{"line":335,"column":34},"end":{"line":335,"column":73}},"132":{"start":{"line":338,"column":6},"end":{"line":338,"column":50}},"133":{"start":{"line":341,"column":37},"end":{"line":341,"column":70}},"134":{"start":{"line":344,"column":6},"end":{"line":349,"column":9}},"135":{"start":{"line":351,"column":6},"end":{"line":351,"column":53}},"136":{"start":{"line":353,"column":6},"end":{"line":353,"column":39}},"137":{"start":{"line":354,"column":6},"end":{"line":354,"column":32}},"138":{"start":{"line":358,"column":6},"end":{"line":381,"column":7}},"139":{"start":{"line":359,"column":32},"end":{"line":359,"column":63}},"140":{"start":{"line":360,"column":21},"end":{"line":360,"column":46}},"141":{"start":{"line":361,"column":23},"end":{"line":361,"column":50}},"142":{"start":{"line":363,"column":27},"end":{"line":363,"column":102}},"143":{"start":{"line":364,"column":35},"end":{"line":367,"column":10}},"144":{"start":{"line":369,"column":32},"end":{"line":371,"column":13}},"145":{"start":{"line":373,"column":8},"end":{"line":377,"column":11}},"146":{"start":{"line":378,"column":8},"end":{"line":378,"column":55}},"147":{"start":{"line":380,"column":8},"end":{"line":380,"column":69}},"148":{"start":{"line":383,"column":6},"end":{"line":383,"column":36}},"149":{"start":{"line":384,"column":6},"end":{"line":384,"column":43}},"150":{"start":{"line":385,"column":6},"end":{"line":385,"column":53}},"151":{"start":{"line":387,"column":6},"end":{"line":387,"column":39}},"152":{"start":{"line":388,"column":6},"end":{"line":390,"column":7}},"153":{"start":{"line":389,"column":8},"end":{"line":389,"column":58}},"154":{"start":{"line":391,"column":6},"end":{"line":391,"column":32}},"155":{"start":{"line":394,"column":6},"end":{"line":406,"column":7}},"156":{"start":{"line":395,"column":39},"end":{"line":395,"column":72}},"157":{"start":{"line":396,"column":8},"end":{"line":403,"column":11}},"158":{"start":{"line":405,"column":8},"end":{"line":405,"column":65}},"159":{"start":{"line":409,"column":4},"end":{"line":409,"column":48}},"160":{"start":{"line":411,"column":4},"end":{"line":411,"column":25}},"161":{"start":{"line":412,"column":4},"end":{"line":412,"column":48}},"162":{"start":{"line":417,"column":0},"end":{"line":425,"column":3}},"163":{"start":{"line":418,"column":2},"end":{"line":424,"column":3}},"164":{"start":{"line":419,"column":20},"end":{"line":419,"column":63}},"165":{"start":{"line":420,"column":4},"end":{"line":420,"column":22}},"166":{"start":{"line":422,"column":4},"end":{"line":422,"column":52}},"167":{"start":{"line":423,"column":4},"end":{"line":423,"column":64}},"168":{"start":{"line":428,"column":0},"end":{"line":441,"column":3}},"169":{"start":{"line":429,"column":2},"end":{"line":440,"column":3}},"170":{"start":{"line":430,"column":19},"end":{"line":430,"column":55}},"171":{"start":{"line":431,"column":4},"end":{"line":433,"column":5}},"172":{"start":{"line":432,"column":6},"end":{"line":432,"column":67}},"173":{"start":{"line":434,"column":4},"end":{"line":434,"column":31}},"174":{"start":{"line":435,"column":4},"end":{"line":435,"column":24}},"175":{"start":{"line":436,"column":4},"end":{"line":436,"column":76}},"176":{"start":{"line":438,"column":4},"end":{"line":438,"column":54}},"177":{"start":{"line":439,"column":4},"end":{"line":439,"column":66}},"178":{"start":{"line":444,"column":0},"end":{"line":457,"column":3}},"179":{"start":{"line":445,"column":2},"end":{"line":456,"column":3}},"180":{"start":{"line":446,"column":17},"end":{"line":446,"column":70}},"181":{"start":{"line":447,"column":4},"end":{"line":449,"column":5}},"182":{"start":{"line":448,"column":6},"end":{"line":448,"column":65}},"183":{"start":{"line":450,"column":4},"end":{"line":450,"column":28}},"184":{"start":{"line":451,"column":4},"end":{"line":451,"column":22}},"185":{"start":{"line":452,"column":4},"end":{"line":452,"column":86}},"186":{"start":{"line":454,"column":4},"end":{"line":454,"column":52}},"187":{"start":{"line":455,"column":4},"end":{"line":455,"column":64}},"188":{"start":{"line":460,"column":0},"end":{"line":473,"column":3}},"189":{"start":{"line":461,"column":2},"end":{"line":472,"column":3}},"190":{"start":{"line":462,"column":17},"end":{"line":462,"column":70}},"191":{"start":{"line":463,"column":4},"end":{"line":465,"column":5}},"192":{"start":{"line":464,"column":6},"end":{"line":464,"column":65}},"193":{"start":{"line":466,"column":4},"end":{"line":466,"column":29}},"194":{"start":{"line":467,"column":4},"end":{"line":467,"column":22}},"195":{"start":{"line":468,"column":4},"end":{"line":468,"column":88}},"196":{"start":{"line":470,"column":4},"end":{"line":470,"column":54}},"197":{"start":{"line":471,"column":4},"end":{"line":471,"column":66}},"198":{"start":{"line":475,"column":0},"end":{"line":475,"column":24}}},"fnMap":{"0":{"name":"(anonymous_0)","decl":{"start":{"line":16,"column":21},"end":{"line":16,"column":22}},"loc":{"start":{"line":16,"column":41},"end":{"line":55,"column":1}},"line":16},"1":{"name":"(anonymous_1)","decl":{"start":{"line":34,"column":24},"end":{"line":34,"column":25}},"loc":{"start":{"line":34,"column":34},"end":{"line":36,"column":5}},"line":34},"2":{"name":"(anonymous_2)","decl":{"start":{"line":58,"column":21},"end":{"line":58,"column":22}},"loc":{"start":{"line":58,"column":41},"end":{"line":74,"column":1}},"line":58},"3":{"name":"(anonymous_3)","decl":{"start":{"line":77,"column":21},"end":{"line":77,"column":22}},"loc":{"start":{"line":77,"column":41},"end":{"line":93,"column":1}},"line":77},"4":{"name":"(anonymous_4)","decl":{"start":{"line":96,"column":24},"end":{"line":96,"column":25}},"loc":{"start":{"line":96,"column":44},"end":{"line":113,"column":1}},"line":96},"5":{"name":"(anonymous_5)","decl":{"start":{"line":116,"column":27},"end":{"line":116,"column":28}},"loc":{"start":{"line":116,"column":47},"end":{"line":138,"column":1}},"line":116},"6":{"name":"(anonymous_6)","decl":{"start":{"line":141,"column":27},"end":{"line":141,"column":28}},"loc":{"start":{"line":141,"column":47},"end":{"line":163,"column":1}},"line":141},"7":{"name":"(anonymous_7)","decl":{"start":{"line":165,"column":27},"end":{"line":165,"column":28}},"loc":{"start":{"line":165,"column":47},"end":{"line":220,"column":1}},"line":165},"8":{"name":"(anonymous_8)","decl":{"start":{"line":182,"column":59},"end":{"line":182,"column":60}},"loc":{"start":{"line":182,"column":69},"end":{"line":182,"column":91}},"line":182},"9":{"name":"(anonymous_9)","decl":{"start":{"line":183,"column":57},"end":{"line":183,"column":58}},"loc":{"start":{"line":183,"column":67},"end":{"line":183,"column":133}},"line":183},"10":{"name":"(anonymous_10)","decl":{"start":{"line":184,"column":62},"end":{"line":184,"column":63}},"loc":{"start":{"line":184,"column":72},"end":{"line":184,"column":94}},"line":184},"11":{"name":"(anonymous_11)","decl":{"start":{"line":187,"column":11},"end":{"line":187,"column":12}},"loc":{"start":{"line":187,"column":21},"end":{"line":211,"column":7}},"line":187},"12":{"name":"(anonymous_12)","decl":{"start":{"line":212,"column":14},"end":{"line":212,"column":15}},"loc":{"start":{"line":212,"column":25},"end":{"line":212,"column":41}},"line":212},"13":{"name":"(anonymous_13)","decl":{"start":{"line":213,"column":12},"end":{"line":213,"column":13}},"loc":{"start":{"line":213,"column":22},"end":{"line":213,"column":49}},"line":213},"14":{"name":"(anonymous_14)","decl":{"start":{"line":222,"column":25},"end":{"line":222,"column":26}},"loc":{"start":{"line":222,"column":45},"end":{"line":286,"column":1}},"line":222},"15":{"name":"(anonymous_15)","decl":{"start":{"line":233,"column":24},"end":{"line":233,"column":25}},"loc":{"start":{"line":233,"column":31},"end":{"line":240,"column":5}},"line":233},"16":{"name":"(anonymous_16)","decl":{"start":{"line":253,"column":40},"end":{"line":253,"column":41}},"loc":{"start":{"line":253,"column":49},"end":{"line":256,"column":5}},"line":253},"17":{"name":"(anonymous_17)","decl":{"start":{"line":291,"column":37},"end":{"line":291,"column":38}},"loc":{"start":{"line":291,"column":58},"end":{"line":300,"column":1}},"line":291},"18":{"name":"(anonymous_18)","decl":{"start":{"line":303,"column":37},"end":{"line":303,"column":38}},"loc":{"start":{"line":303,"column":58},"end":{"line":308,"column":1}},"line":303},"19":{"name":"(anonymous_19)","decl":{"start":{"line":307,"column":10},"end":{"line":307,"column":11}},"loc":{"start":{"line":307,"column":16},"end":{"line":307,"column":18}},"line":307},"20":{"name":"(anonymous_20)","decl":{"start":{"line":314,"column":30},"end":{"line":314,"column":31}},"loc":{"start":{"line":314,"column":50},"end":{"line":414,"column":1}},"line":314},"21":{"name":"(anonymous_21)","decl":{"start":{"line":417,"column":23},"end":{"line":417,"column":24}},"loc":{"start":{"line":417,"column":44},"end":{"line":425,"column":1}},"line":417},"22":{"name":"(anonymous_22)","decl":{"start":{"line":428,"column":35},"end":{"line":428,"column":36}},"loc":{"start":{"line":428,"column":55},"end":{"line":441,"column":1}},"line":428},"23":{"name":"(anonymous_23)","decl":{"start":{"line":444,"column":39},"end":{"line":444,"column":40}},"loc":{"start":{"line":444,"column":59},"end":{"line":457,"column":1}},"line":444},"24":{"name":"(anonymous_24)","decl":{"start":{"line":460,"column":41},"end":{"line":460,"column":42}},"loc":{"start":{"line":460,"column":61},"end":{"line":473,"column":1}},"line":460}},"branchMap":{"0":{"loc":{"start":{"line":35,"column":17},"end":{"line":35,"column":37}},"type":"binary-expr","locations":[{"start":{"line":35,"column":17},"end":{"line":35,"column":32}},{"start":{"line":35,"column":36},"end":{"line":35,"column":37}}],"line":35},"1":{"loc":{"start":{"line":188,"column":26},"end":{"line":188,"column":58}},"type":"binary-expr","locations":[{"start":{"line":188,"column":26},"end":{"line":188,"column":53}},{"start":{"line":188,"column":57},"end":{"line":188,"column":58}}],"line":188},"2":{"loc":{"start":{"line":189,"column":29},"end":{"line":189,"column":59}},"type":"binary-expr","locations":[{"start":{"line":189,"column":29},"end":{"line":189,"column":54}},{"start":{"line":189,"column":58},"end":{"line":189,"column":59}}],"line":189},"3":{"loc":{"start":{"line":190,"column":27},"end":{"line":190,"column":87}},"type":"binary-expr","locations":[{"start":{"line":190,"column":27},"end":{"line":190,"column":51}},{"start":{"line":190,"column":55},"end":{"line":190,"column":87}}],"line":190},"4":{"loc":{"start":{"line":191,"column":27},"end":{"line":191,"column":74}},"type":"cond-expr","locations":[{"start":{"line":191,"column":53},"end":{"line":191,"column":68}},{"start":{"line":191,"column":71},"end":{"line":191,"column":74}}],"line":191},"5":{"loc":{"start":{"line":194,"column":8},"end":{"line":194,"column":61}},"type":"if","locations":[{"start":{"line":194,"column":8},"end":{"line":194,"column":61}},{"start":{},"end":{}}],"line":194},"6":{"loc":{"start":{"line":195,"column":8},"end":{"line":195,"column":114}},"type":"if","locations":[{"start":{"line":195,"column":8},"end":{"line":195,"column":114}},{"start":{},"end":{}}],"line":195},"7":{"loc":{"start":{"line":195,"column":12},"end":{"line":195,"column":69}},"type":"binary-expr","locations":[{"start":{"line":195,"column":12},"end":{"line":195,"column":39}},{"start":{"line":195,"column":43},"end":{"line":195,"column":69}}],"line":195},"8":{"loc":{"start":{"line":196,"column":8},"end":{"line":196,"column":120}},"type":"if","locations":[{"start":{"line":196,"column":8},"end":{"line":196,"column":120}},{"start":{},"end":{}}],"line":196},"9":{"loc":{"start":{"line":196,"column":12},"end":{"line":196,"column":49}},"type":"binary-expr","locations":[{"start":{"line":196,"column":12},"end":{"line":196,"column":30}},{"start":{"line":196,"column":34},"end":{"line":196,"column":49}}],"line":196},"10":{"loc":{"start":{"line":197,"column":8},"end":{"line":197,"column":104}},"type":"if","locations":[{"start":{"line":197,"column":8},"end":{"line":197,"column":104}},{"start":{},"end":{}}],"line":197},"11":{"loc":{"start":{"line":197,"column":12},"end":{"line":197,"column":46}},"type":"binary-expr","locations":[{"start":{"line":197,"column":12},"end":{"line":197,"column":27}},{"start":{"line":197,"column":31},"end":{"line":197,"column":46}}],"line":197},"12":{"loc":{"start":{"line":206,"column":28},"end":{"line":206,"column":65}},"type":"binary-expr","locations":[{"start":{"line":206,"column":28},"end":{"line":206,"column":60}},{"start":{"line":206,"column":64},"end":{"line":206,"column":65}}],"line":206},"13":{"loc":{"start":{"line":234,"column":20},"end":{"line":234,"column":37}},"type":"binary-expr","locations":[{"start":{"line":234,"column":20},"end":{"line":234,"column":32}},{"start":{"line":234,"column":36},"end":{"line":234,"column":37}}],"line":234},"14":{"loc":{"start":{"line":238,"column":32},"end":{"line":238,"column":59}},"type":"binary-expr","locations":[{"start":{"line":238,"column":32},"end":{"line":238,"column":54}},{"start":{"line":238,"column":58},"end":{"line":238,"column":59}}],"line":238},"15":{"loc":{"start":{"line":239,"column":31},"end":{"line":239,"column":57}},"type":"binary-expr","locations":[{"start":{"line":239,"column":31},"end":{"line":239,"column":52}},{"start":{"line":239,"column":56},"end":{"line":239,"column":57}}],"line":239},"16":{"loc":{"start":{"line":259,"column":4},"end":{"line":261,"column":5}},"type":"if","locations":[{"start":{"line":259,"column":4},"end":{"line":261,"column":5}},{"start":{},"end":{}}],"line":259},"17":{"loc":{"start":{"line":262,"column":4},"end":{"line":264,"column":5}},"type":"if","locations":[{"start":{"line":262,"column":4},"end":{"line":264,"column":5}},{"start":{},"end":{}}],"line":262},"18":{"loc":{"start":{"line":265,"column":4},"end":{"line":267,"column":5}},"type":"if","locations":[{"start":{"line":265,"column":4},"end":{"line":267,"column":5}},{"start":{},"end":{}}],"line":265},"19":{"loc":{"start":{"line":318,"column":4},"end":{"line":318,"column":96}},"type":"if","locations":[{"start":{"line":318,"column":4},"end":{"line":318,"column":96}},{"start":{},"end":{}}],"line":318},"20":{"loc":{"start":{"line":319,"column":4},"end":{"line":321,"column":5}},"type":"if","locations":[{"start":{"line":319,"column":4},"end":{"line":321,"column":5}},{"start":{},"end":{}}],"line":319},"21":{"loc":{"start":{"line":319,"column":8},"end":{"line":319,"column":65}},"type":"binary-expr","locations":[{"start":{"line":319,"column":8},"end":{"line":319,"column":17}},{"start":{"line":319,"column":21},"end":{"line":319,"column":65}}],"line":319},"22":{"loc":{"start":{"line":324,"column":4},"end":{"line":324,"column":98}},"type":"if","locations":[{"start":{"line":324,"column":4},"end":{"line":324,"column":98}},{"start":{},"end":{}}],"line":324},"23":{"loc":{"start":{"line":327,"column":4},"end":{"line":327,"column":74}},"type":"if","locations":[{"start":{"line":327,"column":4},"end":{"line":327,"column":74}},{"start":{},"end":{}}],"line":327},"24":{"loc":{"start":{"line":329,"column":4},"end":{"line":407,"column":5}},"type":"if","locations":[{"start":{"line":329,"column":4},"end":{"line":407,"column":5}},{"start":{"line":382,"column":11},"end":{"line":407,"column":5}}],"line":329},"25":{"loc":{"start":{"line":369,"column":32},"end":{"line":371,"column":13}},"type":"cond-expr","locations":[{"start":{"line":370,"column":12},"end":{"line":370,"column":62}},{"start":{"line":371,"column":12},"end":{"line":371,"column":13}}],"line":369},"26":{"loc":{"start":{"line":388,"column":6},"end":{"line":390,"column":7}},"type":"if","locations":[{"start":{"line":388,"column":6},"end":{"line":390,"column":7}},{"start":{},"end":{}}],"line":388},"27":{"loc":{"start":{"line":399,"column":19},"end":{"line":401,"column":96}},"type":"cond-expr","locations":[{"start":{"line":400,"column":14},"end":{"line":400,"column":72}},{"start":{"line":401,"column":14},"end":{"line":401,"column":96}}],"line":399},"28":{"loc":{"start":{"line":431,"column":4},"end":{"line":433,"column":5}},"type":"if","locations":[{"start":{"line":431,"column":4},"end":{"line":433,"column":5}},{"start":{},"end":{}}],"line":431},"29":{"loc":{"start":{"line":447,"column":4},"end":{"line":449,"column":5}},"type":"if","locations":[{"start":{"line":447,"column":4},"end":{"line":449,"column":5}},{"start":{},"end":{}}],"line":447},"30":{"loc":{"start":{"line":463,"column":4},"end":{"line":465,"column":5}},"type":"if","locations":[{"start":{"line":463,"column":4},"end":{"line":465,"column":5}},{"start":{},"end":{}}],"line":463}},"s":{"0":1,"1":1,"2":1,"3":1,"4":1,"5":1,"6":1,"7":1,"8":1,"9":1,"10":1,"11":1,"12":1,"13":1,"14":1,"15":1,"16":1,"17":1,"18":1,"19":0,"20":0,"21":1,"22":0,"23":0,"24":0,"25":0,"26":1,"27":0,"28":0,"29":0,"30":0,"31":1,"32":0,"33":0,"34":0,"35":0,"36":1,"37":0,"38":0,"39":0,"40":0,"41":1,"42":0,"43":0,"44":0,"45":0,"46":1,"47":0,"48":0,"49":0,"50":0,"51":0,"52":0,"53":0,"54":0,"55":0,"56":0,"57":0,"58":0,"59":0,"60":0,"61":0,"62":0,"63":0,"64":0,"65":0,"66":0,"67":0,"68":0,"69":0,"70":0,"71":0,"72":0,"73":0,"74":0,"75":0,"76":0,"77":0,"78":1,"79":0,"80":0,"81":0,"82":0,"83":0,"84":0,"85":0,"86":0,"87":0,"88":0,"89":0,"90":0,"91":0,"92":0,"93":0,"94":0,"95":0,"96":0,"97":0,"98":0,"99":0,"100":0,"101":0,"102":0,"103":0,"104":0,"105":1,"106":1,"107":0,"108":0,"109":0,"110":0,"111":0,"112":1,"113":0,"114":1,"115":0,"116":0,"117":0,"118":0,"119":0,"120":0,"121":0,"122":0,"123":0,"124":0,"125":0,"126":0,"127":0,"128":0,"129":0,"130":0,"131":0,"132":0,"133":0,"134":0,"135":0,"136":0,"137":0,"138":0,"139":0,"140":0,"141":0,"142":0,"143":0,"144":0,"145":0,"146":0,"147":0,"148":0,"149":0,"150":0,"151":0,"152":0,"153":0,"154":0,"155":0,"156":0,"157":0,"158":0,"159":0,"160":0,"161":0,"162":1,"163":0,"164":0,"165":0,"166":0,"167":0,"168":1,"169":0,"170":0,"171":0,"172":0,"173":0,"174":0,"175":0,"176":0,"177":0,"178":1,"179":0,"180":0,"181":0,"182":0,"183":0,"184":0,"185":0,"186":0,"187":0,"188":1,"189":0,"190":0,"191":0,"192":0,"193":0,"194":0,"195":0,"196":0,"197":0,"198":1},"f":{"0":1,"1":1,"2":0,"3":0,"4":0,"5":0,"6":0,"7":0,"8":0,"9":0,"10":0,"11":0,"12":0,"13":0,"14":0,"15":0,"16":0,"17":0,"18":0,"19":0,"20":0,"21":0,"22":0,"23":0,"24":0},"b":{"0":[1,0],"1":[0,0],"2":[0,0],"3":[0,0],"4":[0,0],"5":[0,0],"6":[0,0],"7":[0,0],"8":[0,0],"9":[0,0],"10":[0,0],"11":[0,0],"12":[0,0],"13":[0,0],"14":[0,0],"15":[0,0],"16":[0,0],"17":[0,0],"18":[0,0],"19":[0,0],"20":[0,0],"21":[0,0],"22":[0,0],"23":[0,0],"24":[0,0],"25":[0,0],"26":[0,0],"27":[0,0],"28":[0,0],"29":[0,0],"30":[0,0]},"_coverageSchema":"1a1c01bbd47fc00a2c39e90264f33305004495a9","hash":"c26c187a930949cb6e54daba383671eed3d01d77"}
,"C:\\Users\\jagap\\Downloads\\sahavahan\\routes\\analytics.js": {"path":"C:\\Users\\jagap\\Downloads\\sahavahan\\routes\\analytics.js","statementMap":{"0":{"start":{"line":1,"column":16},"end":{"line":1,"column":34}},"1":{"start":{"line":2,"column":15},"end":{"line":2,"column":31}},"2":{"start":{"line":4,"column":19},"end":{"line":4,"column":50}},"3":{"start":{"line":5,"column":20},"end":{"line":5,"column":52}},"4":{"start":{"line":9,"column":0},"end":{"line":75,"column":3}},"5":{"start":{"line":10,"column":2},"end":{"line":74,"column":3}},"6":{"start":{"line":21,"column":8},"end":{"line":53,"column":6}},"7":{"start":{"line":55,"column":22},"end":{"line":55,"column":57}},"8":{"start":{"line":56,"column":29},"end":{"line":56,"column":67}},"9":{"start":{"line":57,"column":21},"end":{"line":57,"column":49}},"10":{"start":{"line":58,"column":24},"end":{"line":58,"column":55}},"11":{"start":{"line":60,"column":4},"end":{"line":70,"column":7}},"12":{"start":{"line":72,"column":4},"end":{"line":72,"column":46}},"13":{"start":{"line":73,"column":4},"end":{"line":73,"column":67}},"14":{"start":{"line":78,"column":0},"end":{"line":96,"column":3}},"15":{"start":{"line":79,"column":2},"end":{"line":95,"column":3}},"16":{"start":{"line":80,"column":19},"end":{"line":89,"column":6}},"17":{"start":{"line":91,"column":4},"end":{"line":91,"column":21}},"18":{"start":{"line":93,"column":4},"end":{"line":93,"column":50}},"19":{"start":{"line":94,"column":4},"end":{"line":94,"column":71}},"20":{"start":{"line":100,"column":0},"end":{"line":118,"column":3}},"21":{"start":{"line":101,"column":2},"end":{"line":117,"column":3}},"22":{"start":{"line":102,"column":19},"end":{"line":111,"column":6}},"23":{"start":{"line":113,"column":4},"end":{"line":113,"column":21}},"24":{"start":{"line":115,"column":4},"end":{"line":115,"column":51}},"25":{"start":{"line":116,"column":4},"end":{"line":116,"column":72}},"26":{"start":{"line":126,"column":0},"end":{"line":177,"column":3}},"27":{"start":{"line":127,"column":2},"end":{"line":176,"column":3}},"28":{"start":{"line":128,"column":20},"end":{"line":170,"column":6}},"29":{"start":{"line":172,"column":4},"end":{"line":172,"column":22}},"30":{"start":{"line":174,"column":4},"end":{"line":174,"column":48}},"31":{"start":{"line":175,"column":4},"end":{"line":175,"column":69}},"32":{"start":{"line":179,"column":0},"end":{"line":179,"column":24}}},"fnMap":{"0":{"name":"(anonymous_0)","decl":{"start":{"line":9,"column":26},"end":{"line":9,"column":27}},"loc":{"start":{"line":9,"column":46},"end":{"line":75,"column":1}},"line":9},"1":{"name":"(anonymous_1)","decl":{"start":{"line":78,"column":30},"end":{"line":78,"column":31}},"loc":{"start":{"line":78,"column":50},"end":{"line":96,"column":1}},"line":78},"2":{"name":"(anonymous_2)","decl":{"start":{"line":100,"column":31},"end":{"line":100,"column":32}},"loc":{"start":{"line":100,"column":51},"end":{"line":118,"column":1}},"line":100},"3":{"name":"(anonymous_3)","decl":{"start":{"line":126,"column":28},"end":{"line":126,"column":29}},"loc":{"start":{"line":126,"column":48},"end":{"line":177,"column":1}},"line":126}},"branchMap":{"0":{"loc":{"start":{"line":55,"column":22},"end":{"line":55,"column":57}},"type":"binary-expr","locations":[{"start":{"line":55,"column":22},"end":{"line":55,"column":50}},{"start":{"line":55,"column":54},"end":{"line":55,"column":57}}],"line":55},"1":{"loc":{"start":{"line":56,"column":29},"end":{"line":56,"column":67}},"type":"binary-expr","locations":[{"start":{"line":56,"column":29},"end":{"line":56,"column":62}},{"start":{"line":56,"column":66},"end":{"line":56,"column":67}}],"line":56},"2":{"loc":{"start":{"line":57,"column":21},"end":{"line":57,"column":49}},"type":"binary-expr","locations":[{"start":{"line":57,"column":21},"end":{"line":57,"column":44}},{"start":{"line":57,"column":48},"end":{"line":57,"column":49}}],"line":57},"3":{"loc":{"start":{"line":58,"column":24},"end":{"line":58,"column":55}},"type":"binary-expr","locations":[{"start":{"line":58,"column":24},"end":{"line":58,"column":50}},{"start":{"line":58,"column":54},"end":{"line":58,"column":55}}],"line":58}},"s":{"0":1,"1":1,"2":1,"3":1,"4":1,"5":0,"6":0,"7":0,"8":0,"9":0,"10":0,"11":0,"12":0,"13":0,"14":1,"15":0,"16":0,"17":0,"18":0,"19":0,"20":1,"21":0,"22":0,"23":0,"24":0,"25":0,"26":1,"27":0,"28":0,"29":0,"30":0,"31":0,"32":1},"f":{"0":0,"1":0,"2":0,"3":0},"b":{"0":[0,0],"1":[0,0],"2":[0,0],"3":[0,0]},"_coverageSchema":"1a1c01bbd47fc00a2c39e90264f33305004495a9","hash":"218f0fb1ee54f67a9a7fb84c82137ccf6d8d5650"}
,"C:\\Users\\jagap\\Downloads\\sahavahan\\routes\\assistant.js": {"path":"C:\\Users\\jagap\\Downloads\\sahavahan\\routes\\assistant.js","statementMap":{"0":{"start":{"line":1,"column":16},"end":{"line":1,"column":34}},"1":{"start":{"line":2,"column":15},"end":{"line":2,"column":31}},"2":{"start":{"line":4,"column":13},"end":{"line":4,"column":38}},"3":{"start":{"line":5,"column":19},"end":{"line":5,"column":50}},"4":{"start":{"line":6,"column":22},"end":{"line":6,"column":58}},"5":{"start":{"line":9,"column":2},"end":{"line":13,"column":43}},"6":{"start":{"line":13,"column":26},"end":{"line":13,"column":41}},"7":{"start":{"line":21,"column":17},"end":{"line":21,"column":79}},"8":{"start":{"line":22,"column":2},"end":{"line":31,"column":3}},"9":{"start":{"line":24,"column":20},"end":{"line":24,"column":86}},"10":{"start":{"line":25,"column":4},"end":{"line":25,"column":30}},"11":{"start":{"line":25,"column":18},"end":{"line":25,"column":30}},"12":{"start":{"line":26,"column":4},"end":{"line":30,"column":6}},"13":{"start":{"line":34,"column":15},"end":{"line":34,"column":24}},"14":{"start":{"line":35,"column":20},"end":{"line":35,"column":29}},"15":{"start":{"line":36,"column":14},"end":{"line":36,"column":64}},"16":{"start":{"line":40,"column":2},"end":{"line":42,"column":12}},"17":{"start":{"line":43,"column":2},"end":{"line":45,"column":12}},"18":{"start":{"line":48,"column":2},"end":{"line":48,"column":43}},"19":{"start":{"line":48,"column":31},"end":{"line":48,"column":43}},"20":{"start":{"line":50,"column":2},"end":{"line":54,"column":4}},"21":{"start":{"line":58,"column":14},"end":{"line":58,"column":24}},"22":{"start":{"line":59,"column":16},"end":{"line":59,"column":29}},"23":{"start":{"line":60,"column":2},"end":{"line":60,"column":29}},"24":{"start":{"line":62,"column":2},"end":{"line":66,"column":3}},"25":{"start":{"line":63,"column":16},"end":{"line":63,"column":31}},"26":{"start":{"line":64,"column":4},"end":{"line":64,"column":35}},"27":{"start":{"line":65,"column":4},"end":{"line":65,"column":93}},"28":{"start":{"line":68,"column":2},"end":{"line":74,"column":3}},"29":{"start":{"line":69,"column":26},"end":{"line":69,"column":41}},"30":{"start":{"line":70,"column":4},"end":{"line":70,"column":55}},"31":{"start":{"line":71,"column":24},"end":{"line":71,"column":47}},"32":{"start":{"line":72,"column":4},"end":{"line":72,"column":51}},"33":{"start":{"line":73,"column":4},"end":{"line":73,"column":109}},"34":{"start":{"line":77,"column":14},"end":{"line":77,"column":29}},"35":{"start":{"line":78,"column":2},"end":{"line":78,"column":33}},"36":{"start":{"line":79,"column":2},"end":{"line":79,"column":91}},"37":{"start":{"line":84,"column":20},"end":{"line":84,"column":36}},"38":{"start":{"line":88,"column":16},"end":{"line":95,"column":14}},"39":{"start":{"line":97,"column":2},"end":{"line":97,"column":27}},"40":{"start":{"line":102,"column":16},"end":{"line":102,"column":72}},"41":{"start":{"line":103,"column":19},"end":{"line":103,"column":121}},"42":{"start":{"line":103,"column":68},"end":{"line":103,"column":96}},"43":{"start":{"line":105,"column":19},"end":{"line":105,"column":75}},"44":{"start":{"line":106,"column":24},"end":{"line":106,"column":60}},"45":{"start":{"line":107,"column":21},"end":{"line":107,"column":44}},"46":{"start":{"line":109,"column":27},"end":{"line":109,"column":87}},"47":{"start":{"line":110,"column":2},"end":{"line":110,"column":26}},"48":{"start":{"line":116,"column":0},"end":{"line":121,"column":3}},"49":{"start":{"line":117,"column":2},"end":{"line":120,"column":5}},"50":{"start":{"line":124,"column":0},"end":{"line":324,"column":3}},"51":{"start":{"line":125,"column":2},"end":{"line":125,"column":33}},"52":{"start":{"line":127,"column":2},"end":{"line":323,"column":3}},"53":{"start":{"line":128,"column":44},"end":{"line":128,"column":58}},"54":{"start":{"line":130,"column":25},"end":{"line":130,"column":44}},"55":{"start":{"line":132,"column":4},"end":{"line":134,"column":5}},"56":{"start":{"line":133,"column":6},"end":{"line":133,"column":80}},"57":{"start":{"line":136,"column":14},"end":{"line":136,"column":48}},"58":{"start":{"line":137,"column":19},"end":{"line":137,"column":23}},"59":{"start":{"line":140,"column":4},"end":{"line":142,"column":5}},"60":{"start":{"line":141,"column":6},"end":{"line":141,"column":87}},"61":{"start":{"line":145,"column":21},"end":{"line":145,"column":76}},"62":{"start":{"line":147,"column":6},"end":{"line":147,"column":67}},"63":{"start":{"line":149,"column":6},"end":{"line":149,"column":67}},"64":{"start":{"line":151,"column":4},"end":{"line":189,"column":5}},"65":{"start":{"line":152,"column":20},"end":{"line":152,"column":65}},"66":{"start":{"line":153,"column":6},"end":{"line":153,"column":57}},"67":{"start":{"line":154,"column":11},"end":{"line":189,"column":5}},"68":{"start":{"line":155,"column":20},"end":{"line":155,"column":49}},"69":{"start":{"line":156,"column":6},"end":{"line":156,"column":60}},"70":{"start":{"line":157,"column":11},"end":{"line":189,"column":5}},"71":{"start":{"line":158,"column":20},"end":{"line":158,"column":70}},"72":{"start":{"line":159,"column":6},"end":{"line":159,"column":52}},"73":{"start":{"line":160,"column":11},"end":{"line":189,"column":5}},"74":{"start":{"line":168,"column":20},"end":{"line":168,"column":70}},"75":{"start":{"line":169,"column":20},"end":{"line":172,"column":7}},"76":{"start":{"line":170,"column":23},"end":{"line":170,"column":52}},"77":{"start":{"line":173,"column":6},"end":{"line":173,"column":53}},"78":{"start":{"line":174,"column":11},"end":{"line":189,"column":5}},"79":{"start":{"line":181,"column":23},"end":{"line":181,"column":68}},"80":{"start":{"line":183,"column":25},"end":{"line":186,"column":7}},"81":{"start":{"line":184,"column":26},"end":{"line":184,"column":63}},"82":{"start":{"line":188,"column":6},"end":{"line":188,"column":59}},"83":{"start":{"line":193,"column":6},"end":{"line":201,"column":34}},"84":{"start":{"line":203,"column":23},"end":{"line":203,"column":112}},"85":{"start":{"line":206,"column":19},"end":{"line":206,"column":48}},"86":{"start":{"line":210,"column":4},"end":{"line":246,"column":5}},"87":{"start":{"line":212,"column":21},"end":{"line":212,"column":34}},"88":{"start":{"line":213,"column":26},"end":{"line":213,"column":44}},"89":{"start":{"line":215,"column":6},"end":{"line":219,"column":7}},"90":{"start":{"line":216,"column":33},"end":{"line":216,"column":91}},"91":{"start":{"line":217,"column":8},"end":{"line":217,"column":94}},"92":{"start":{"line":218,"column":8},"end":{"line":218,"column":38}},"93":{"start":{"line":221,"column":23},"end":{"line":225,"column":8}},"94":{"start":{"line":227,"column":6},"end":{"line":232,"column":9}},"95":{"start":{"line":234,"column":6},"end":{"line":238,"column":7}},"96":{"start":{"line":235,"column":8},"end":{"line":237,"column":11}},"97":{"start":{"line":240,"column":20},"end":{"line":242,"column":8}},"98":{"start":{"line":241,"column":8},"end":{"line":241,"column":143}},"99":{"start":{"line":244,"column":6},"end":{"line":244,"column":129}},"100":{"start":{"line":245,"column":6},"end":{"line":245,"column":36}},"101":{"start":{"line":249,"column":4},"end":{"line":251,"column":5}},"102":{"start":{"line":250,"column":6},"end":{"line":250,"column":36}},"103":{"start":{"line":255,"column":4},"end":{"line":255,"column":55}},"104":{"start":{"line":256,"column":4},"end":{"line":256,"column":51}},"105":{"start":{"line":258,"column":58},"end":{"line":262,"column":6}},"106":{"start":{"line":264,"column":4},"end":{"line":264,"column":43}},"107":{"start":{"line":265,"column":4},"end":{"line":265,"column":54}},"108":{"start":{"line":266,"column":4},"end":{"line":266,"column":60}},"109":{"start":{"line":267,"column":4},"end":{"line":267,"column":60}},"110":{"start":{"line":270,"column":21},"end":{"line":273,"column":5}},"111":{"start":{"line":271,"column":21},"end":{"line":271,"column":50}},"112":{"start":{"line":275,"column":18},"end":{"line":278,"column":5}},"113":{"start":{"line":276,"column":21},"end":{"line":276,"column":55}},"114":{"start":{"line":280,"column":19},"end":{"line":299,"column":8}},"115":{"start":{"line":302,"column":4},"end":{"line":307,"column":5}},"116":{"start":{"line":303,"column":6},"end":{"line":303,"column":43}},"117":{"start":{"line":306,"column":6},"end":{"line":306,"column":91}},"118":{"start":{"line":309,"column":26},"end":{"line":309,"column":111}},"119":{"start":{"line":310,"column":4},"end":{"line":310,"column":49}},"120":{"start":{"line":313,"column":4},"end":{"line":313,"column":38}},"121":{"start":{"line":314,"column":4},"end":{"line":314,"column":25}},"122":{"start":{"line":315,"column":4},"end":{"line":315,"column":40}},"123":{"start":{"line":317,"column":4},"end":{"line":317,"column":38}},"124":{"start":{"line":319,"column":4},"end":{"line":322,"column":7}},"125":{"start":{"line":326,"column":0},"end":{"line":326,"column":24}}},"fnMap":{"0":{"name":"normalizeRouteCity","decl":{"start":{"line":8,"column":9},"end":{"line":8,"column":27}},"loc":{"start":{"line":8,"column":31},"end":{"line":14,"column":1}},"line":8},"1":{"name":"(anonymous_1)","decl":{"start":{"line":13,"column":19},"end":{"line":13,"column":20}},"loc":{"start":{"line":13,"column":26},"end":{"line":13,"column":41}},"line":13},"2":{"name":"parseFromToTodayOrTomorrow","decl":{"start":{"line":16,"column":9},"end":{"line":16,"column":35}},"loc":{"start":{"line":16,"column":39},"end":{"line":55,"column":1}},"line":16},"3":{"name":"getDayRange","decl":{"start":{"line":57,"column":9},"end":{"line":57,"column":20}},"loc":{"start":{"line":57,"column":26},"end":{"line":80,"column":1}},"line":57},"4":{"name":"findTopRidesForRoute","decl":{"start":{"line":82,"column":15},"end":{"line":82,"column":35}},"loc":{"start":{"line":82,"column":66},"end":{"line":98,"column":1}},"line":82},"5":{"name":"getRecommendedPriceForRoute","decl":{"start":{"line":100,"column":15},"end":{"line":100,"column":42}},"loc":{"start":{"line":100,"column":68},"end":{"line":111,"column":1}},"line":100},"6":{"name":"(anonymous_6)","decl":{"start":{"line":103,"column":56},"end":{"line":103,"column":57}},"loc":{"start":{"line":103,"column":68},"end":{"line":103,"column":96}},"line":103},"7":{"name":"(anonymous_7)","decl":{"start":{"line":116,"column":20},"end":{"line":116,"column":21}},"loc":{"start":{"line":116,"column":34},"end":{"line":121,"column":1}},"line":116},"8":{"name":"(anonymous_8)","decl":{"start":{"line":124,"column":20},"end":{"line":124,"column":21}},"loc":{"start":{"line":124,"column":40},"end":{"line":324,"column":1}},"line":124},"9":{"name":"(anonymous_9)","decl":{"start":{"line":170,"column":8},"end":{"line":170,"column":9}},"loc":{"start":{"line":170,"column":23},"end":{"line":170,"column":52}},"line":170},"10":{"name":"(anonymous_10)","decl":{"start":{"line":184,"column":8},"end":{"line":184,"column":9}},"loc":{"start":{"line":184,"column":26},"end":{"line":184,"column":63}},"line":184},"11":{"name":"(anonymous_11)","decl":{"start":{"line":240,"column":33},"end":{"line":240,"column":34}},"loc":{"start":{"line":240,"column":45},"end":{"line":242,"column":7}},"line":240},"12":{"name":"(anonymous_12)","decl":{"start":{"line":271,"column":6},"end":{"line":271,"column":7}},"loc":{"start":{"line":271,"column":21},"end":{"line":271,"column":50}},"line":271},"13":{"name":"(anonymous_13)","decl":{"start":{"line":276,"column":6},"end":{"line":276,"column":7}},"loc":{"start":{"line":276,"column":21},"end":{"line":276,"column":55}},"line":276}},"branchMap":{"0":{"loc":{"start":{"line":9,"column":16},"end":{"line":9,"column":23}},"type":"binary-expr","locations":[{"start":{"line":9,"column":16},"end":{"line":9,"column":17}},{"start":{"line":9,"column":21},"end":{"line":9,"column":23}}],"line":9},"1":{"loc":{"start":{"line":22,"column":2},"end":{"line":31,"column":3}},"type":"if","locations":[{"start":{"line":22,"column":2},"end":{"line":31,"column":3}},{"start":{},"end":{}}],"line":22},"2":{"loc":{"start":{"line":25,"column":4},"end":{"line":25,"column":30}},"type":"if","locations":[{"start":{"line":25,"column":4},"end":{"line":25,"column":30}},{"start":{},"end":{}}],"line":25},"3":{"loc":{"start":{"line":29,"column":11},"end":{"line":29,"column":63}},"type":"cond-expr","locations":[{"start":{"line":29,"column":24},"end":{"line":29,"column":56}},{"start":{"line":29,"column":59},"end":{"line":29,"column":63}}],"line":29},"4":{"loc":{"start":{"line":36,"column":14},"end":{"line":36,"column":64}},"type":"cond-expr","locations":[{"start":{"line":36,"column":26},"end":{"line":36,"column":57}},{"start":{"line":36,"column":60},"end":{"line":36,"column":64}}],"line":36},"5":{"loc":{"start":{"line":48,"column":2},"end":{"line":48,"column":43}},"type":"if","locations":[{"start":{"line":48,"column":2},"end":{"line":48,"column":43}},{"start":{},"end":{}}],"line":48},"6":{"loc":{"start":{"line":48,"column":6},"end":{"line":48,"column":29}},"type":"binary-expr","locations":[{"start":{"line":48,"column":6},"end":{"line":48,"column":13}},{"start":{"line":48,"column":17},"end":{"line":48,"column":29}}],"line":48},"7":{"loc":{"start":{"line":62,"column":2},"end":{"line":66,"column":3}},"type":"if","locations":[{"start":{"line":62,"column":2},"end":{"line":66,"column":3}},{"start":{},"end":{}}],"line":62},"8":{"loc":{"start":{"line":62,"column":6},"end":{"line":62,"column":29}},"type":"binary-expr","locations":[{"start":{"line":62,"column":6},"end":{"line":62,"column":10}},{"start":{"line":62,"column":14},"end":{"line":62,"column":29}}],"line":62},"9":{"loc":{"start":{"line":68,"column":2},"end":{"line":74,"column":3}},"type":"if","locations":[{"start":{"line":68,"column":2},"end":{"line":74,"column":3}},{"start":{},"end":{}}],"line":68},"10":{"loc":{"start":{"line":103,"column":19},"end":{"line":103,"column":121}},"type":"cond-expr","locations":[{"start":{"line":103,"column":43},"end":{"line":103,"column":115}},{"start":{"line":103,"column":118},"end":{"line":103,"column":121}}],"line":103},"11":{"loc":{"start":{"line":103,"column":19},"end":{"line":103,"column":40}},"type":"binary-expr","locations":[{"start":{"line":103,"column":19},"end":{"line":103,"column":24}},{"start":{"line":103,"column":28},"end":{"line":103,"column":40}}],"line":103},"12":{"loc":{"start":{"line":103,"column":75},"end":{"line":103,"column":95}},"type":"binary-expr","locations":[{"start":{"line":103,"column":75},"end":{"line":103,"column":90}},{"start":{"line":103,"column":94},"end":{"line":103,"column":95}}],"line":103},"13":{"loc":{"start":{"line":128,"column":44},"end":{"line":128,"column":58}},"type":"binary-expr","locations":[{"start":{"line":128,"column":44},"end":{"line":128,"column":52}},{"start":{"line":128,"column":56},"end":{"line":128,"column":58}}],"line":128},"14":{"loc":{"start":{"line":130,"column":25},"end":{"line":130,"column":44}},"type":"binary-expr","locations":[{"start":{"line":130,"column":25},"end":{"line":130,"column":33}},{"start":{"line":130,"column":37},"end":{"line":130,"column":44}}],"line":130},"15":{"loc":{"start":{"line":132,"column":4},"end":{"line":134,"column":5}},"type":"if","locations":[{"start":{"line":132,"column":4},"end":{"line":134,"column":5}},{"start":{},"end":{}}],"line":132},"16":{"loc":{"start":{"line":132,"column":8},"end":{"line":132,"column":34}},"type":"binary-expr","locations":[{"start":{"line":132,"column":8},"end":{"line":132,"column":17}},{"start":{"line":132,"column":21},"end":{"line":132,"column":34}}],"line":132},"17":{"loc":{"start":{"line":140,"column":4},"end":{"line":142,"column":5}},"type":"if","locations":[{"start":{"line":140,"column":4},"end":{"line":142,"column":5}},{"start":{},"end":{}}],"line":140},"18":{"loc":{"start":{"line":140,"column":8},"end":{"line":140,"column":81}},"type":"binary-expr","locations":[{"start":{"line":140,"column":8},"end":{"line":140,"column":18}},{"start":{"line":140,"column":22},"end":{"line":140,"column":35}},{"start":{"line":140,"column":39},"end":{"line":140,"column":57}},{"start":{"line":140,"column":61},"end":{"line":140,"column":81}}],"line":140},"19":{"loc":{"start":{"line":145,"column":21},"end":{"line":145,"column":76}},"type":"binary-expr","locations":[{"start":{"line":145,"column":21},"end":{"line":145,"column":46}},{"start":{"line":145,"column":50},"end":{"line":145,"column":76}}],"line":145},"20":{"loc":{"start":{"line":147,"column":6},"end":{"line":147,"column":67}},"type":"binary-expr","locations":[{"start":{"line":147,"column":6},"end":{"line":147,"column":34}},{"start":{"line":147,"column":38},"end":{"line":147,"column":67}}],"line":147},"21":{"loc":{"start":{"line":149,"column":6},"end":{"line":149,"column":67}},"type":"binary-expr","locations":[{"start":{"line":149,"column":6},"end":{"line":149,"column":34}},{"start":{"line":149,"column":38},"end":{"line":149,"column":67}}],"line":149},"22":{"loc":{"start":{"line":151,"column":4},"end":{"line":189,"column":5}},"type":"if","locations":[{"start":{"line":151,"column":4},"end":{"line":189,"column":5}},{"start":{"line":154,"column":11},"end":{"line":189,"column":5}}],"line":151},"23":{"loc":{"start":{"line":151,"column":8},"end":{"line":151
[...]
20":{"start":{"line":43,"column":27},"end":{"line":43,"column":50}},"21":{"start":{"line":45,"column":8},"end":{"line":45,"column":41}},"22":{"start":{"line":45,"column":29},"end":{"line":45,"column":41}},"23":{"start":{"line":48,"column":23},"end":{"line":48,"column":41}},"24":{"start":{"line":49,"column":8},"end":{"line":49,"column":45}},"25":{"start":{"line":52,"column":8},"end":{"line":56,"column":9}},"26":{"start":{"line":52,"column":21},"end":{"line":52,"column":22}},"27":{"start":{"line":53,"column":22},"end":{"line":53,"column":37}},"28":{"start":{"line":54,"column":10},"end":{"line":54,"column":51}},"29":{"start":{"line":54,"column":37},"end":{"line":54,"column":51}},"30":{"start":{"line":55,"column":10},"end":{"line":55,"column":47}},"31":{"start":{"line":58,"column":8},"end":{"line":58,"column":20}},"32":{"start":{"line":62,"column":25},"end":{"line":62,"column":43}},"33":{"start":{"line":63,"column":6},"end":{"line":63,"column":24}},"34":{"start":{"line":66,"column":4},"end":{"line":159,"column":5}},"35":{"start":{"line":67,"column":26},"end":{"line":67,"column":35}},"36":{"start":{"line":68,"column":6},"end":{"line":68,"column":33}},"37":{"start":{"line":68,"column":24},"end":{"line":68,"column":33}},"38":{"start":{"line":70,"column":27},"end":{"line":84,"column":10}},"39":{"start":{"line":71,"column":8},"end":{"line":75,"column":9}},"40":{"start":{"line":73,"column":20},"end":{"line":73,"column":132}},"41":{"start":{"line":74,"column":10},"end":{"line":74,"column":19}},"42":{"start":{"line":77,"column":25},"end":{"line":77,"column":46}},"43":{"start":{"line":78,"column":8},"end":{"line":78,"column":58}},"44":{"start":{"line":78,"column":46},"end":{"line":78,"column":58}},"45":{"start":{"line":80,"column":8},"end":{"line":80,"column":85}},"46":{"start":{"line":80,"column":44},"end":{"line":80,"column":85}},"47":{"start":{"line":81,"column":8},"end":{"line":81,"column":86}},"48":{"start":{"line":81,"column":45},"end":{"line":81,"column":86}},"49":{"start":{"line":82,"column":8},"end":{"line":82,"column":89}},"50":{"start":{"line":82,"column":46},"end":{"line":82,"column":89}},"51":{"start":{"line":83,"column":8},"end":{"line":83,"column":24}},"52":{"start":{"line":86,"column":6},"end":{"line":86,"column":74}},"53":{"start":{"line":86,"column":65},"end":{"line":86,"column":74}},"54":{"start":{"line":88,"column":26},"end":{"line":88,"column":66}},"55":{"start":{"line":89,"column":22},"end":{"line":89,"column":66}},"56":{"start":{"line":90,"column":6},"end":{"line":90,"column":45}},"57":{"start":{"line":90,"column":36},"end":{"line":90,"column":45}},"58":{"start":{"line":92,"column":23},"end":{"line":100,"column":15}},"59":{"start":{"line":102,"column":6},"end":{"line":105,"column":7}},"60":{"start":{"line":103,"column":8},"end":{"line":103,"column":33}},"61":{"start":{"line":104,"column":8},"end":{"line":104,"column":17}},"62":{"start":{"line":107,"column":6},"end":{"line":107,"column":31}},"63":{"start":{"line":109,"column":23},"end":{"line":109,"column":89}},"64":{"start":{"line":111,"column":22},"end":{"line":129,"column":8}},"65":{"start":{"line":132,"column":6},"end":{"line":157,"column":7}},"66":{"start":{"line":133,"column":28},"end":{"line":136,"column":17}},"67":{"start":{"line":138,"column":41},"end":{"line":140,"column":9}},"68":{"start":{"line":139,"column":39},"end":{"line":139,"column":49}},"69":{"start":{"line":142,"column":30},"end":{"line":149,"column":13}},"70":{"start":{"line":143,"column":23},"end":{"line":143,"column":50}},"71":{"start":{"line":144,"column":21},"end":{"line":149,"column":11}},"72":{"start":{"line":151,"column":8},"end":{"line":154,"column":9}},"73":{"start":{"line":153,"column":10},"end":{"line":153,"column":55}},"74":{"start":{"line":156,"column":8},"end":{"line":156,"column":65}},"75":{"start":{"line":161,"column":4},"end":{"line":161,"column":45}}},"fnMap":{"0":{"name":"(anonymous_0)","decl":{"start":{"line":9,"column":27},"end":{"line":9,"column":28}},"loc":{"start":{"line":9,"column":39},"end":{"line":163,"column":1}},"line":9},"1":{"name":"(anonymous_1)","decl":{"start":{"line":24,"column":25},"end":{"line":24,"column":26}},"loc":{"start":{"line":24,"column":32},"end":{"line":24,"column":54}},"line":24},"2":{"name":"(anonymous_2)","decl":{"start":{"line":26,"column":25},"end":{"line":26,"column":26}},"loc":{"start":{"line":26,"column":48},"end":{"line":29,"column":5}},"line":26},"3":{"name":"(anonymous_3)","decl":{"start":{"line":31,"column":28},"end":{"line":31,"column":29}},"loc":{"start":{"line":31,"column":78},"end":{"line":64,"column":5}},"line":31},"4":{"name":"(anonymous_4)","decl":{"start":{"line":42,"column":15},"end":{"line":42,"column":16}},"loc":{"start":{"line":42,"column":22},"end":{"line":42,"column":39}},"line":42},"5":{"name":"(anonymous_5)","decl":{"start":{"line":43,"column":18},"end":{"line":43,"column":19}},"loc":{"start":{"line":43,"column":27},"end":{"line":43,"column":50}},"line":43},"6":{"name":"(anonymous_6)","decl":{"start":{"line":70,"column":28},"end":{"line":70,"column":29}},"loc":{"start":{"line":70,"column":34},"end":{"line":84,"column":7}},"line":70},"7":{"name":"(anonymous_7)","decl":{"start":{"line":139,"column":34},"end":{"line":139,"column":35}},"loc":{"start":{"line":139,"column":39},"end":{"line":139,"column":49}},"line":139},"8":{"name":"(anonymous_8)","decl":{"start":{"line":143,"column":18},"end":{"line":143,"column":19}},"loc":{"start":{"line":143,"column":23},"end":{"line":143,"column":50}},"line":143},"9":{"name":"(anonymous_9)","decl":{"start":{"line":144,"column":15},"end":{"line":144,"column":16}},"loc":{"start":{"line":144,"column":21},"end":{"line":149,"column":11}},"line":144}},"branchMap":{"0":{"loc":{"start":{"line":24,"column":39},"end":{"line":24,"column":46}},"type":"binary-expr","locations":[{"start":{"line":24,"column":39},"end":{"line":24,"column":40}},{"start":{"line":24,"column":44},"end":{"line":24,"column":46}}],"line":24},"1":{"loc":{"start":{"line":37,"column":6},"end":{"line":37,"column":56}},"type":"if","locations":[{"start":{"line":37,"column":6},"end":{"line":37,"column":56}},{"start":{},"end":{}}],"line":37},"2":{"loc":{"start":{"line":39,"column":6},"end":{"line":59,"column":7}},"type":"if","locations":[{"start":{"line":39,"column":6},"end":{"line":59,"column":7}},{"start":{},"end":{}}],"line":39},"3":{"loc":{"start":{"line":39,"column":10},"end":{"line":39,"column":70}},"type":"binary-expr","locations":[{"start":{"line":39,"column":10},"end":{"line":39,"column":20}},{"start":{"line":39,"column":24},"end":{"line":39,"column":49}},{"start":{"line":39,"column":53},"end":{"line":39,"column":70}}],"line":39},"4":{"loc":{"start":{"line":45,"column":8},"end":{"line":45,"column":41}},"type":"if","locations":[{"start":{"line":45,"column":8},"end":{"line":45,"column":41}},{"start":{},"end":{}}],"line":45},"5":{"loc":{"start":{"line":54,"column":10},"end":{"line":54,"column":51}},"type":"if","locations":[{"start":{"line":54,"column":10},"end":{"line":54,"column":51}},{"start":{},"end":{}}],"line":54},"6":{"loc":{"start":{"line":68,"column":6},"end":{"line":68,"column":33}},"type":"if","locations":[{"start":{"line":68,"column":6},"end":{"line":68,"column":33}},{"start":{},"end":{}}],"line":68},"7":{"loc":{"start":{"line":71,"column":8},"end":{"line":75,"column":9}},"type":"if","locations":[{"start":{"line":71,"column":8},"end":{"line":75,"column":9}},{"start":{},"end":{}}],"line":71},"8":{"loc":{"start":{"line":71,"column":12},"end":{"line":71,"column":87}},"type":"binary-expr","locations":[{"start":{"line":71,"column":12},"end":{"line":71,"column":27}},{"start":{"line":71,"column":31},"end":{"line":71,"column":61}},{"start":{"line":71,"column":65},"end":{"line":71,"column":87}}],"line":71},"9":{"loc":{"start":{"line":78,"column":8},"end":{"line":78,"column":58}},"type":"if","locations":[{"start":{"line":78,"column":8},"end":{"line":78,"column":58}},{"start":{},"end":{}}],"line":78},"10":{"loc":{"start":{"line":80,"column":8},"end":{"line":80,"column":85}},"type":"if","locations":[{"start":{"line":80,"column":8},"end":{"line":80,"column":85}},{"start":{},"end":{}}],"line":80},"11":{"loc":{"start":{"line":81,"column":8},"end":{"line":81,"column":86}},"type":"if","locations":[{"start":{"line":81,"column":8},"end":{"line":81,"column":86}},{"start":{},"end":{}}],"line":81},"12":{"loc":{"start":{"line":82,"column":8},"end":{"line":82,"column":89}},"type":"if","locations":[{"start":{"line":82,"column":8},"end":{"line":82,"column":89}},{"start":{},"end":{}}],"line":82},"13":{"loc":{"start":{"line":86,"column":6},"end":{"line":86,"column":74}},"type":"if","locations":[{"start":{"line":86,"column":6},"end":{"line":86,"column":74}},{"start":{},"end":{}}],"line":86},"14":{"loc":{"start":{"line":86,"column":10},"end":{"line":86,"column":63}},"type":"binary-expr","locations":[{"start":{"line":86,"column":10},"end":{"line":86,"column":23}},{"start":{"line":86,"column":27},"end":{"line":86,"column":63}}],"line":86},"15":{"loc":{"start":{"line":90,"column":6},"end":{"line":90,"column":45}},"type":"if","locations":[{"start":{"line":90,"column":6},"end":{"line":90,"column":45}},{"start":{},"end":{}}],"line":90},"16":{"loc":{"start":{"line":102,"column":6},"end":{"line":105,"column":7}},"type":"if","locations":[{"start":{"line":102,"column":6},"end":{"line":105,"column":7}},{"start":{},"end":{}}],"line":102},"17":{"loc":{"start":{"line":114,"column":21},"end":{"line":114,"column":43}},"type":"binary-expr","locations":[{"start":{"line":114,"column":21},"end":{"line":114,"column":37}},{"start":{"line":114,"column":41},"end":{"line":114,"column":43}}],"line":114},"18":{"loc":{"start":{"line":128,"column":20},"end":{"line":128,"column":41}},"type":"binary-expr","locations":[{"start":{"line":128,"column":20},"end":{"line":128,"column":35}},{"start":{"line":128,"column":39},"end":{"line":128,"column":41}}],"line":128},"19":{"loc":{"start":{"line":143,"column":23},"end":{"line":143,"column":50}},"type":"binary-expr","locations":[{"start":{"line":143,"column":23},"end":{"line":143,"column":24}},{"start":{"line":143,"column":28},"end":{"line":143,"column":50}}],"line":143},"20":{"loc":{"start":{"line":151,"column":8},"end":{"line":154,"column":9}},"type":"if","locations":[{"start":{"line":151,"column":8},"end":{"line":154,"column":9}},{"start":{},"end":{}}],"line":151}},"s":{"0":1,"1":1,"2":1,"3":1,"4":1,"5":0,"6":0,"7":0,"8":0,"9":0,"10":0,"11":0,"12":0,"13":0,"14":0,"15":0,"16":0,"17":0,"18":0,"19":0,"20":0,"21":0,"22":0,"23":0,"24":0,"25":0,"26":0,"27":0,"28":0,"29":0,"30":0,"31":0,"32":0,"33":0,"34":0,"35":0,"36":0,"37":0,"38":0,"39":0,"40":0,"41":0,"42":0,"43":0,"44":0,"45":0,"46":0,"47":0,"48":0,"49":0,"50":0,"51":0,"52":0,"53":0,"54":0,"55":0,"56":0,"57":0,"58":0,"59":0,"60":0,"61":0,"62":0,"63":0,"64":0,"65":0,"66":0,"67":0,"68":0,"69":0,"70":0,"71":0,"72":0,"73":0,"74":0,"75":0},"f":{"0":0,"1":0,"2":0,"3":0,"4":0,"5":0,"6":0,"7":0,"8":0,"9":0},"b":{"0":[0,0],"1":[0,0],"2":[0,0],"3":[0,0,0],"4":[0,0],"5":[0,0],"6":[0,0],"7":[0,0],"8":[0,0,0],"9":[0,0],"10":[0,0],"11":[0,0],"12":[0,0],"13":[0,0],"14":[0,0],"15":[0,0],"16":[0,0],"17":[0,0],"18":[0,0],"19":[0,0],"20":[0,0]},"_coverageSchema":"1a1c01bbd47fc00a2c39e90264f33305004495a9","hash":"faf479644dd9ef1e8a7ccc8405960ba2f4ea4b12"}
,"C:\\Users\\jagap\\Downloads\\sahavahan\\utils\\rideStatusUpdater.js": {"path":"C:\\Users\\jagap\\Downloads\\sahavahan\\utils\\rideStatusUpdater.js","statementMap":{"0":{"start":{"line":1,"column":13},"end":{"line":1,"column":38}},"1":{"start":{"line":4,"column":2},"end":{"line":4,"column":34}},"2":{"start":{"line":4,"column":22},"end":{"line":4,"column":34}},"3":{"start":{"line":5,"column":23},"end":{"line":5,"column":50}},"4":{"start":{"line":6,"column":2},"end":{"line":6,"column":56}},"5":{"start":{"line":6,"column":44},"end":{"line":6,"column":56}},"6":{"start":{"line":7,"column":2},"end":{"line":7,"column":22}},"7":{"start":{"line":11,"column":14},"end":{"line":11,"column":24}},"8":{"start":{"line":14,"column":16},"end":{"line":14,"column":63}},"9":{"start":{"line":16,"column":21},"end":{"line":16,"column":23}},"10":{"start":{"line":18,"column":2},"end":{"line":29,"column":3}},"11":{"start":{"line":19,"column":25},"end":{"line":22,"column":6}},"12":{"start":{"line":24,"column":4},"end":{"line":24,"column":32}},"13":{"start":{"line":24,"column":23},"end":{"line":24,"column":32}},"14":{"start":{"line":26,"column":4},"end":{"line":28,"column":5}},"15":{"start":{"line":27,"column":6},"end":{"line":27,"column":32}},"16":{"start":{"line":31,"column":2},"end":{"line":31,"column":33}},"17":{"start":{"line":31,"column":26},"end":{"line":31,"column":33}},"18":{"start":{"line":33,"column":2},"end":{"line":36,"column":4}},"19":{"start":{"line":40,"column":0},"end":{"line":42,"column":19}},"20":{"start":{"line":41,"column":2},"end":{"line":41,"column":86}},"21":{"start":{"line":41,"column":38},"end":{"line":41,"column":84}},"22":{"start":{"line":44,"column":0},"end":{"line":44,"column":36}}},"fnMap":{"0":{"name":"combineRideDateTime","decl":{"start":{"line":3,"column":9},"end":{"line":3,"column":28}},"loc":{"start":{"line":3,"column":45},"end":{"line":8,"column":1}},"line":3},"1":{"name":"updateExpiredRides","decl":{"start":{"line":10,"column":15},"end":{"line":10,"column":33}},"loc":{"start":{"line":10,"column":36},"end":{"line":37,"column":1}},"line":10},"2":{"name":"(anonymous_2)","decl":{"start":{"line":40,"column":12},"end":{"line":40,"column":13}},"loc":{"start":{"line":40,"column":18},"end":{"line":42,"column":1}},"line":40},"3":{"name":"(anonymous_3)","decl":{"start":{"line":41,"column":29},"end":{"line":41,"column":30}},"loc":{"start":{"line":41,"column":38},"end":{"line":41,"column":84}},"line":41}},"branchMap":{"0":{"loc":{"start":{"line":4,"column":2},"end":{"line":4,"column":34}},"type":"if","locations":[{"start":{"line":4,"column":2},"end":{"line":4,"column":34}},{"start":{},"end":{}}],"line":4},"1":{"loc":{"start":{"line":4,"column":6},"end":{"line":4,"column":20}},"type":"binary-expr","locations":[{"start":{"line":4,"column":6},"end":{"line":4,"column":11}},{"start":{"line":4,"column":15},"end":{"line":4,"column":20}}],"line":4},"2":{"loc":{"start":{"line":6,"column":2},"end":{"line":6,"column":56}},"type":"if","locations":[{"start":{"line":6,"column":2},"end":{"line":6,"column":56}},{"start":{},"end":{}}],"line":6},"3":{"loc":{"start":{"line":24,"column":4},"end":{"line":24,"column":32}},"type":"if","locations":[{"start":{"line":24,"column":4},"end":{"line":24,"column":32}},{"start":{},"end":{}}],"line":24},"4":{"loc":{"start":{"line":26,"column":4},"end":{"line":28,"column":5}},"type":"if","locations":[{"start":{"line":26,"column":4},"end":{"line":28,"column":5}},{"start":{},"end":{}}],"line":26},"5":{"loc":{"start":{"line":31,"column":2},"end":{"line":31,"column":33}},"type":"if","locations":[{"start":{"line":31,"column":2},"end":{"line":31,"column":33}},{"start":{},"end":{}}],"line":31}},"s":{"0":1,"1":0,"2":0,"3":0,"4":0,"5":0,"6":0,"7":0,"8":0,"9":0,"10":0,"11":0,"12":0,"13":0,"14":0,"15":0,"16":0,"17":0,"18":0,"19":1,"20":0,"21":0,"22":1},"f":{"0":0,"1":0,"2":0,"3":0},"b":{"0":[0,0],"1":[0,0],"2":[0,0],"3":[0,0],"4":[0,0],"5":[0,0]},"_coverageSchema":"1a1c01bbd47fc00a2c39e90264f33305004495a9","hash":"c5121999fee468587fbd35e57ffd726f1876cec6"}
,"C:\\Users\\jagap\\Downloads\\sahavahan\\utils\\sendPushNotification.js": {"path":"C:\\Users\\jagap\\Downloads\\sahavahan\\utils\\sendPushNotification.js","statementMap":{"0":{"start":{"line":1,"column":14},"end":{"line":1,"column":39}},"1":{"start":{"line":3,"column":18},"end":{"line":3,"column":23}},"2":{"start":{"line":6,"column":2},"end":{"line":6,"column":26}},"3":{"start":{"line":6,"column":19},"end":{"line":6,"column":26}},"4":{"start":{"line":7,"column":2},"end":{"line":10,"column":3}},"5":{"start":{"line":8,"column":4},"end":{"line":8,"column":23}},"6":{"start":{"line":9,"column":4},"end":{"line":9,"column":11}},"7":{"start":{"line":14,"column":18},"end":{"line":14,"column":53}},"8":{"start":{"line":15,"column":19},"end":{"line":15,"column":61}},"9":{"start":{"line":17,"column":2},"end":{"line":31,"column":3}},"10":{"start":{"line":18,"column":19},"end":{"line":18,"column":38}},"11":{"start":{"line":19,"column":4},"end":{"line":21,"column":7}},"12":{"start":{"line":22,"column":9},"end":{"line":31,"column":3}},"13":{"start":{"line":23,"column":4},"end":{"line":25,"column":7}},"14":{"start":{"line":28,"column":4},"end":{"line":30,"column":7}},"15":{"start":{"line":33,"column":2},"end":{"line":33,"column":21}},"16":{"start":{"line":37,"column":2},"end":{"line":37,"column":26}},"17":{"start":{"line":37,"column":14},"end":{"line":37,"column":26}},"18":{"start":{"line":38,"column":2},"end":{"line":38,"column":22}},"19":{"start":{"line":40,"column":18},"end":{"line":51,"column":3}},"20":{"start":{"line":48,"column":6},"end":{"line":48,"column":61}},"21":{"start":{"line":49,"column":6},"end":{"line":49,"column":17}},"22":{"start":{"line":53,"column":2},"end":{"line":58,"column":3}},"23":{"start":{"line":54,"column":4},"end":{"line":54,"column":49}},"24":{"start":{"line":56,"column":4},"end":{"line":56,"column":42}},"25":{"start":{"line":57,"column":4},"end":{"line":57,"column":16}},"26":{"start":{"line":61,"column":0},"end":{"line":63,"column":2}}},"fnMap":{"0":{"name":"initFirebaseAdmin","decl":{"start":{"line":5,"column":9},"end":{"line":5,"column":26}},"loc":{"start":{"line":5,"column":29},"end":{"line":34,"column":1}},"line":5},"1":{"name":"sendPushNotification","decl":{"start":{"line":36,"column":15},"end":{"line":36,"column":35}},"loc":{"start":{"line":36,"column":71},"end":{"line":59,"column":1}},"line":36},"2":{"name":"(anonymous_2)","decl":{"start":{"line":46,"column":38},"end":{"line":46,"column":39}},"loc":{"start":{"line":46,"column":55},"end":{"line":50,"column":5}},"line":46}},"branchMap":{"0":{"loc":{"start":{"line":6,"column":2},"end":{"line":6,"column":26}},"type":"if","locations":[{"start":{"line":6,"column":2},"end":{"line":6,"column":26}},{"start":{},"end":{}}],"line":6},"1":{"loc":{"start":{"line":7,"column":2},"end":{"line":10,"column":3}},"type":"if","locations":[{"start":{"line":7,"column":2},"end":{"line":10,"column":3}},{"start":{},"end":{}}],"line":7},"2":{"loc":{"start":{"line":7,"column":6},"end":{"line":7,"column":37}},"type":"binary-expr","locations":[{"start":{"line":7,"column":6},"end":{"line":7,"column":16}},{"start":{"line":7,"column":20},"end":{"line":7,"column":37}}],"line":7},"3":{"loc":{"start":{"line":17,"column":2},"end":{"line":31,"column":3}},"type":"if","locations":[{"start":{"line":17,"column":2},"end":{"line":31,"column":3}},{"start":{"line":22,"column":9},"end":{"line":31,"column":3}}],"line":17},"4":{"loc":{"start":{"line":22,"column":9},"end":{"line":31,"column":3}},"type":"if","locations":[{"start":{"line":22,"column":9},"end":{"line":31,"column":3}},{"start":{"line":26,"column":9},"end":{"line":31,"column":3}}],"line":22},"5":{"loc":{"start":{"line":36,"column":58},"end":{"line":36,"column":67}},"type":"default-arg","locations":[{"start":{"line":36,"column":65},"end":{"line":36,"column":67}}],"line":36},"6":{"loc":{"start":{"line":37,"column":2},"end":{"line":37,"column":26}},"type":"if","locations":[{"start":{"line":37,"column":2},"end":{"line":37,"column":26}},{"start":{},"end":{}}],"line":37},"7":{"loc":{"start":{"line":48,"column":15},"end":{"line":48,"column":60}},"type":"cond-expr","locations":[{"start":{"line":48,"column":39},"end":{"line":48,"column":40}},{"start":{"line":48,"column":43},"end":{"line":48,"column":60}}],"line":48}},"s":{"0":1,"1":1,"2":0,"3":0,"4":0,"5":0,"6":0,"7":0,"8":0,"9":0,"10":0,"11":0,"12":0,"13":0,"14":0,"15":0,"16":0,"17":0,"18":0,"19":0,"20":0,"21":0,"22":0,"23":0,"24":0,"25":0,"26":1},"f":{"0":0,"1":0,"2":0},"b":{"0":[0,0],"1":[0,0],"2":[0,0],"3":[0,0],"4":[0,0],"5":[0],"6":[0,0],"7":[0,0]},"_coverageSchema":"1a1c01bbd47fc00a2c39e90264f33305004495a9","hash":"4ab860b1260d1656d441f9ba8329878ea8a1c50a"}
}
