TN:
SF:app.js
FN:19,(anonymous_0)
FN:27,(anonymous_1)
FN:28,(anonymous_2)
FN:159,(anonymous_3)
FN:163,(anonymous_4)
FN:167,(anonymous_5)
FN:171,(anonymous_6)
FN:175,(anonymous_7)
FN:197,(anonymous_8)
FN:199,(anonymous_9)
FN:204,(anonymous_10)
FN:209,(anonymous_11)
FN:214,(anonymous_12)
FN:238,(anonymous_13)
FNF:14
FNH:3
FNDA:1,(anonymous_0)
FNDA:1,(anonymous_1)
FNDA:0,(anonymous_2)
FNDA:0,(anonymous_3)
FNDA:0,(anonymous_4)
FNDA:0,(anonymous_5)
FNDA:0,(anonymous_6)
FNDA:0,(anonymous_7)
FNDA:0,(anonymous_8)
FNDA:0,(anonymous_9)
FNDA:0,(anonymous_10)
FNDA:0,(anonymous_11)
FNDA:0,(anonymous_12)
FNDA:1,(anonymous_13)
DA:1,1
DA:2,1
DA:3,1
DA:4,1
DA:5,1
DA:6,1
DA:8,1
DA:9,1
DA:10,1
DA:11,1
DA:12,1
DA:15,1
DA:19,1
DA:20,1
DA:21,0
DA:22,0
DA:26,1
DA:27,1
DA:28,0
DA:31,1
DA:34,1
DA:37,1
DA:40,1
DA:41,1
DA:44,1
DA:45,1
DA:46,1
DA:47,1
DA:48,1
DA:49,1
DA:50,1
DA:51,1
DA:52,1
DA:53,1
DA:54,1
DA:55,1
DA:56,1
DA:57,1
DA:58,1
DA:59,1
DA:60,1
DA:61,1
DA:62,1
DA:63,1
DA:68,1
DA:72,1
DA:75,1
DA:84,1
DA:86,1
DA:87,1
DA:90,1
DA:95,1
DA:96,1
DA:99,1
DA:100,1
DA:103,1
DA:104,1
DA:109,1
DA:110,1
DA:113,1
DA:115,1
DA:116,1
DA:119,1
DA:120,1
DA:125,1
DA:129,1
DA:130,1
DA:131,1
DA:132,1
DA:133,1
DA:134,1
DA:135,1
DA:136,1
DA:137,1
DA:138,1
DA:139,1
DA:140,1
DA:141,1
DA:142,1
DA:146,1
DA:149,1
DA:159,1
DA:160,0
DA:163,1
DA:164,0
DA:167,1
DA:168,0
DA:171,1
DA:172,0
DA:175,1
DA:176,0
DA:180,1
DA:181,1
DA:183,1
DA:185,1
DA:193,1
DA:197,1
DA:199,0
DA:200,0
DA:201,0
DA:204,0
DA:205,0
DA:206,0
DA:209,0
DA:210,0
DA:211,0
DA:214,0
DA:215,0
DA:216,0
DA:217,0
DA:218,0
DA:220,0
DA:222,0
DA:227,0
DA:233,0
DA:238,1
DA:239,1
DA:242,1
LF:118
LH:92
BRDA:11,0,0,1
BRDA:11,0,1,0
BRDA:20,1,0,0
BRDA:20,1,1,1
BRDA:199,2,0,0
BRDA:200,3,0,0
BRDA:200,3,1,0
BRDA:204,4,0,0
BRDA:205,5,0,0
BRDA:205,5,1,0
BRDA:209,6,0,0
BRDA:210,7,0,0
BRDA:210,7,1,0
BRDA:214,8,0,0
BRDA:217,9,0,0
BRDA:217,9,1,0
BRDA:218,10,0,0
BRDA:218,10,1,0
BRDA:218,11,0,0
BRDA:218,11,1,0
BRF:20
BRH:2
end_of_record
TN:
SF:config\cloudinary.js
FNF:0
FNH:0
DA:1,1
DA:3,1
DA:9,1
LF:3
LH:3
BRF:0
BRH:0
end_of_record
TN:
SF:middleware\adminAuth.js
FN:5,(anonymous_0)
FNF:1
FNH:1
FNDA:5,(anonymous_0)
DA:1,2
DA:2,2
DA:3,2
DA:5,2
DA:6,5
DA:7,5
DA:8,5
DA:9,1
DA:12,4
DA:13,4
DA:15,3
DA:16,3
DA:17,1
DA:20,2
DA:21,2
DA:22,2
DA:24,1
DA:25,1
DA:29,2
LF:19
LH:19
BRDA:3,0,0,2
BRDA:3,0,1,1
BRDA:8,1,0,1
BRDA:8,1,1,4
BRDA:8,2,0,5
BRDA:8,2,1,4
BRDA:16,3,0,1
BRDA:16,3,1,2
BRDA:16,4,0,3
BRDA:16,4,1,3
BRF:10
BRH:10
end_of_record
TN:
SF:middleware\auth.js
FN:5,(anonymous_0)
FNF:1
FNH:1
FNDA:5,(anonymous_0)
DA:2,2
DA:3,2
DA:5,2
DA:6,5
DA:7,5
DA:9,3
DA:10,3
DA:11,2
DA:12,2
DA:13,2
DA:15,1
DA:19,2
LF:12
LH:12
BRDA:3,0,0,2
BRDA:3,0,1,1
BRDA:7,1,0,2
BRDA:7,1,1,3
BRF:4
BRH:4
end_of_record
TN:
SF:middleware\cloudinaryUpload.js
FNF:0
FNH:0
DA:1,1
DA:2,1
DA:3,1
DA:5,1
DA:14,1
DA:23,1
DA:32,1
DA:41,1
DA:42,1
DA:43,1
DA:53,1
DA:55,1
LF:12
LH:12
BRF:0
BRH:0
end_of_record
TN:
SF:models\BookedRide.js
FNF:0
FNH:0
DA:1,2
DA:3,2
DA:167,2
LF:3
LH:3
BRF:0
BRH:0
end_of_record
TN:
SF:models\DriverVerification.js
FNF:0
FNH:0
DA:1,1
DA:3,1
DA:69,1
LF:3
LH:3
BRF:0
BRH:0
end_of_record
TN:
SF:models\FavoriteRoute.js
FNF:0
FNH:0
DA:1,1
DA:3,1
DA:25,1
LF:3
LH:3
BRF:0
BRH:0
end_of_record
TN:
SF:models\Message.js
FNF:0
FNH:0
DA:1,1
DA:3,1
DA:29,1
LF:3
LH:3
BRF:0
BRH:0
end_of_record
TN:
SF:models\Notification.js
FNF:0
FNH:0
DA:1,2
DA:3,2
DA:52,2
LF:3
LH:3
BRF:0
BRH:0
end_of_record
TN:
SF:models\PickupPoint.js
FNF:0
FNH:0
DA:1,1
DA:3,1
DA:26,1
LF:3
LH:3
BRF:0
BRH:0
end_of_record
TN:
SF:models\Report.js
FNF:0
FNH:0
DA:1,1
DA:3,1
DA:39,1
LF:3
LH:3
BRF:0
BRH:0
end_of_record
TN:
SF:models\Review.js
FNF:0
FNH:0
DA:1,2
DA:3,2
DA:31,2
LF:3
LH:3
BRF:0
BRH:0
end_of_record
TN:
SF:models\Ride.js
FNF:0
FNH:0
DA:1,2
DA:3,2
DA:226,2
LF:3
LH:3
BRF:0
BRH:0
end_of_record
TN:
SF:models\RideHistory.js
FNF:0
FNH:0
DA:1,1
DA:3,1
DA:32,1
LF:3
LH:3
BRF:0
BRH:0
end_of_record
TN:
SF:models\RidePhoto.js
FNF:0
FNH:0
DA:1,1
DA:3,1
DA:26,1
LF:3
LH:3
BRF:0
BRH:0
end_of_record
TN:
SF:models\RouteSubscription.js
FNF:0
FNH:0
DA:1,2
DA:3,2
DA:29,2
DA:31,2
LF:4
LH:4
BRF:0
BRH:0
end_of_record
TN:
SF:models\SOS.js
FNF:0
FNH:0
DA:1,1
DA:3,1
DA:37,1
LF:3
LH:3
BRF:0
BRH:0
end_of_record
TN:
SF:models\User.js
FNF:0
FNH:0
DA:1,3
DA:3,3
DA:212,3
DA:225,3
LF:4
LH:4
BRF:0
BRH:0
end_of_record
TN:
SF:models\Vehicle.js
FNF:0
FNH:0
DA:1,2
DA:3,2
DA:46,2
LF:3
LH:3
BRF:0
BRH:0
end_of_record
TN:
SF:models\Waitlist.js
FNF:0
FNH:0
DA:1,2
DA:3,2
DA:29,2
DA:31,2
LF:4
LH:4
BRF:0
BRH:0
end_of_record
TN:
SF:routes\admin.js
FN:16,(anonymous_0)
FN:34,(anonymous_1)
FN:58,(anonymous_2)
FN:77,(anonymous_3)
FN:96,(anonymous_4)
FN:116,(anonymous_5)
FN:141,(anonymous_6)
FN:165,(anonymous_7)
FN:182,(anonymous_8)
FN:183,(anonymous_9)
FN:184,(anonymous_10)
FN:187,(anonymous_11)
FN:212,(anonymous_12)
FN:213,(anonymous_13)
FN:222,(anonymous_14)
FN:233,(anonymous_15)
FN:253,(anonymous_16)
FN:291,(anonymous_17)
FN:303,(anonymous_18)
FN:307,(anonymous_19)
FN:314,(anonymous_20)
FN:417,(anonymous_21)
FN:428,(anonymous_22)
FN:444,(anonymous_23)
FN:460,(anonymous_24)
FNF:25
FNH:2
FNDA:1,(anonymous_0)
FNDA:1,(anonymous_1)
FNDA:0,(anonymous_2)
FNDA:0,(anonymous_3)
FNDA:0,(anonymous_4)
FNDA:0,(anonymous_5)
FNDA:0,(anonymous_6)
FNDA:0,(anonymous_7)
FNDA:0,(anonymous_8)
FNDA:0,(anonymous_9)
FNDA:0,(anonymous_10)
FNDA:0,(anonymous_11)
FNDA:0,(anonymous_12)
FNDA:0,(anonymous_13)
FNDA:0,(anonymous_14)
FNDA:0,(anonymous_15)
FNDA:0,(anonymous_16)
FNDA:0,(anonymous_17)
FNDA:0,(anonymous_18)
FNDA:0,(anonymous_19)
FNDA:0,(anonymous_20)
FNDA:0,(anonymous_21)
FNDA:0,(anonymous_22)
FNDA:0,(anonymous_23)
FNDA:0,(anonymous_24)
DA:1,1
DA:2,1
DA:4,1
DA:5,1
DA:6,1
DA:7,1
DA:8,1
DA:11,1
DA:13,1
DA:16,1
DA:18,1
DA:21,1
DA:24,1
DA:27,1
DA:30,1
DA:32,1
DA:34,1
DA:35,1
DA:38,1
DA:47,0
DA:49,0
DA:58,1
DA:60,0
DA:62,0
DA:64,0
DA:68,0
DA:77,1
DA:79,0
DA:81,0
DA:83,0
DA:87,0
DA:96,1
DA:98,0
DA:101,0
DA:103,0
DA:107,0
DA:116,1
DA:118,0
DA:120,0
DA:124,0
DA:131,0
DA:141,1
DA:143,0
DA:145,0
DA:149,0
DA:156,0
DA:165,1
DA:166,0
DA:167,0
DA:170,0
DA:174,0
DA:178,0
DA:182,0
DA:183,0
DA:184,0
DA:186,0
DA:188,0
DA:189,0
DA:190,0
DA:191,0
DA:192,0
DA:194,0
DA:195,0
DA:196,0
DA:197,0
DA:199,0
DA:212,0
DA:213,0
DA:215,0
DA:217,0
DA:218,0
DA:222,1
DA:223,0
DA:224,0
DA:225,0
DA:226,0
DA:228,0
DA:229,0
DA:230,0
DA:231,0
DA:233,0
DA:234,0
DA:235,0
DA:237,0
DA:238,0
DA:239,0
DA:243,0
DA:253,0
DA:259,0
DA:260,0
DA:262,0
DA:263,0
DA:265,0
DA:266,0
DA:269,0
DA:281,0
DA:282,0
DA:288,1
DA:291,1
DA:292,0
DA:293,0
DA:295,0
DA:297,0
DA:298,0
DA:303,1
DA:304,0
DA:314,1
DA:315,0
DA:316,0
DA:318,0
DA:319,0
DA:320,0
DA:323,0
DA:324,0
DA:326,0
DA:327,0
DA:329,0
DA:330,0
DA:332,0
DA:333,0
DA:335,0
DA:338,0
DA:341,0
DA:344,0
DA:351,0
DA:353,0
DA:354,0
DA:358,0
DA:359,0
DA:360,0
DA:361,0
DA:363,0
DA:364,0
DA:369,0
DA:373,0
DA:378,0
DA:380,0
DA:383,0
DA:384,0
DA:385,0
DA:387,0
DA:388,0
DA:389,0
DA:391,0
DA:394,0
DA:395,0
DA:396,0
DA:405,0
DA:409,0
DA:411,0
DA:412,0
DA:417,1
DA:418,0
DA:419,0
DA:420,0
DA:422,0
DA:423,0
DA:428,1
DA:429,0
DA:430,0
DA:431,0
DA:432,0
DA:434,0
DA:435,0
DA:436,0
DA:438,0
DA:439,0
DA:444,1
DA:445,0
DA:446,0
DA:447,0
DA:448,0
DA:450,0
DA:451,0
DA:452,0
DA:454,0
DA:455,0
DA:460,1
DA:461,0
DA:462,0
DA:463,0
DA:464,0
DA:466,0
DA:467,0
DA:468,0
DA:470,0
DA:471,0
DA:475,1
LF:188
LH:35
BRDA:35,0,0,1
BRDA:35,0,1,0
BRDA:188,1,0,0
BRDA:188,1,1,0
BRDA:189,2,0,0
BRDA:189,2,1,0
BRDA:190,3,0,0
BRDA:190,3,1,0
BRDA:191,4,0,0
BRDA:191,4,1,0
BRDA:194,5,0,0
BRDA:194,5,1,0
BRDA:195,6,0,0
BRDA:195,6,1,0
BRDA:195,7,0,0
BRDA:195,7,1,0
BRDA:196,8,0,0
BRDA:196,8,1,0
BRDA:196,9,0,0
BRDA:196,9,1,0
BRDA:197,10,0,0
BRDA:197,10,1,0
BRDA:197,11,0,0
BRDA:197,11,1,0
BRDA:206,12,0,0
BRDA:206,12,1,0
BRDA:234,13,0,0
BRDA:234,13,1,0
BRDA:238,14,0,0
BRDA:238,14,1,0
BRDA:239,15,0,0
BRDA:239,15,1,0
BRDA:259,16,0,0
BRDA:259,16,1,0
BRDA:262,17,0,0
BRDA:262,17,1,0
BRDA:265,18,0,0
BRDA:265,18,1,0
BRDA:318,19,0,0
BRDA:318,19,1,0
BRDA:319,20,0,0
BRDA:319,20,1,0
BRDA:319,21,0,0
BRDA:319,21,1,0
BRDA:324,22,0,0
BRDA:324,22,1,0
BRDA:327,23,0,0
BRDA:327,23,1,0
BRDA:329,24,0,0
BRDA:329,24,1,0
BRDA:369,25,0,0
BRDA:369,25,1,0
BRDA:388,26,0,0
BRDA:388,26,1,0
BRDA:399,27,0,0
BRDA:399,27,1,0
BRDA:431,28,0,0
BRDA:431,28,1,0
BRDA:447,29,0,0
BRDA:447,29,1,0
BRDA:463,30,0,0
BRDA:463,30,1,0
BRF:62
BRH:1
end_of_record
TN:
SF:routes\analytics.js
FN:9,(anonymous_0)
FN:78,(anonymous_1)
FN:100,(anonymous_2)
FN:126,(anonymous_3)
FNF:4
FNH:0
FNDA:0,(anonymous_0)
FNDA:0,(anonymous_1)
FNDA:0,(anonymous_2)
FNDA:0,(anonymous_3)
DA:1,1
DA:2,1
DA:4,1
DA:5,1
DA:9,1
DA:10,0
DA:21,0
DA:55,0
DA:56,0
DA:57,0
DA:58,0
DA:60,0
DA:72,0
DA:73,0
DA:78,1
DA:79,0
DA:80,0
DA:91,0
DA:93,0
DA:94,0
DA:100,1
DA:101,0
DA:102,0
DA:113,0
DA:115,0
DA:116,0
DA:126,1
DA:127,0
DA:128,0
DA:172,0
DA:174,0
DA:175,0
DA:179,1
LF:33
LH:9
BRDA:55,0,0,0
BRDA:55,0,1,0
BRDA:56,1,0,0
BRDA:56,1,1,0
BRDA:57,2,0,0
BRDA:57,2,1,0
BRDA:58,3,0,0
BRDA:58,3,1,0
BRF:8
BRH:0
end_of_record
TN:
SF:routes\assistant.js
FN:8,normalizeRouteCity
FN:13,(anonymous_1)
FN:16,parseFromToTodayOrTomorrow
FN:57,getDayRange
FN:82,findTopRidesForRoute
FN:100,getRecommendedPriceForRoute
FN:103,(anonymous_6)
FN:116,(anonymous_7)
FN:124,(anonymous_8)
FN:170,(anonymous_9)
FN:184,(anonymous_10)
FN:240,(anonymous_11)
FN:271,(anonymous_12)
FN:276,(anonymous_13)
FNF:14
FNH:0
FNDA:0,normalizeRouteCity
FNDA:0,(anonymous_1)
FNDA:0,parseFromToTodayOrTomorrow
FNDA:0,getDayRange
FNDA:0,findTopRidesForRoute
FNDA:0,getRecommendedPriceForRoute
FNDA:0,(anonymous_6)
FNDA:0,(anonymous_7)
FNDA:0,(anonymous_8)
FNDA:0,(anonymous_9)
FNDA:0,(anonymous_10)
FNDA:0,(anonymous_11)
FNDA:0,(anonymous_12)
FNDA:0,(anonymous_13)
DA:1,1
DA:2,1
DA:4,1
DA:5,1
DA:6,1
DA:9,0
DA:13,0
DA:21,0
DA:22,0
DA:24,0
DA:25,0
DA:26,0
DA:34,0
DA:35,0
DA:36,0
DA:40,0
DA:43,0
DA:48,0
DA:50,0
DA:58,0
DA:59,0
DA:60,0
DA:62,0
DA:63,0
DA:64,0
DA:65,0
DA:68,0
DA:69,0
DA:70,0
DA:71,0
DA:72,0
DA:73,0
DA:77,0
DA:78,0
DA:79,0
DA:84,0
DA:88,0
DA:97,0
DA:102,0
DA:103,0
DA:105,0
DA:106,0
DA:107,0
DA:109,0
DA:110,0
DA:116,1
DA:117,0
DA:124,1
DA:125,0
DA:127,0
DA:128,0
DA:130,0
DA:132,0
DA:133,0
DA:136,0
DA:137,0
DA:140,0
DA:141,0
DA:145,0
DA:147,0
DA:149,0
DA:151,0
DA:152,0
DA:153,0
DA:154,0
DA:155,0
DA:156,0
DA:157,0
DA:158,0
DA:159,0
DA:160,0
DA:168,0
DA:169,0
DA:170,0
DA:173,0
DA:174,0
DA:181,0
DA:183,0
DA:184,0
DA:188,0
DA:193,0
DA:203,0
DA:206,0
DA:210,0
DA:212,0
DA:213,0
DA:215,0
DA:216,0
DA:217,0
DA:218,0
DA:221,0
DA:227,0
DA:234,0
DA:235,0
DA:240,0
DA:241,0
DA:244,0
DA:245,0
DA:249,0
DA:250,0
DA:255,0
DA:256,0
DA:258,0
DA:264,0
DA:265,0
DA:266,0
DA:267,0
DA:270,0
DA:271,0
DA:275,0
DA:276,0
DA:280,0
DA:302,0
DA:303,0
DA:306,0
DA:309,0
DA:310,0
DA:313,0
DA:314,0
DA:315,0
DA:317,0
DA:319,0
DA:326,1
LF:123
LH:8
BRDA:9,0,0,0
BRDA:9,0,1,0
BRDA:22,1,0,0
BRDA:22,1,1,0
BRDA:25,2,0,0
BRDA:25,2,1,0
BRDA:29,3,0,0
BRDA:29,3,1,0
BRDA:36,4,0,0
BRDA:36,4,1,0
BRDA:48,5,0,0
BRDA:48,5,1,0
BRDA:48,6,0,0
BRDA:48,6,1,0
BRDA:62,7,0,0
BRDA:62,7,1,0
BRDA:62,8,0,0
BRDA:62,8,1,0
BRDA:68,9,0,0
BRDA:68,9,1,0
BRDA:103,10,0,0
BRDA:103,10,1,0
BRDA:103,11,0,0
BRDA:103,11,1,0
BRDA:103,12,0,0
BRDA:103,12,1,0
BRDA:128,13,0,0
BRDA:128,13,1,0
BRDA:130,14,0,0
BRDA:130,14,1,0
BRDA:132,15,0,0
BRDA:132,15,1,0
BRDA:132,16,0,0
BRDA:132,16,1,0
BRDA:140,17,0,0
BRDA:140,17,1,0
BRDA:140,18,0,0
BRDA:140,18,1,0
BRDA:140,18,2,0
BRDA:140,18,3,0
BRDA:145,19,0,0
BRDA:145,19,1,0
BRDA:147,20,0,0
BRDA:147,20,1,0
BRDA:149,21,0,0
BRDA:149,21,1,0
BRDA:151,22,0,0
BRDA:151,22,1,0
BRDA:151,23,0,0
BRDA:151,23,1,0
BRDA:154,24,0,0
BRDA:154,24,1,0
BRDA:154,25,0,0
BRDA:154,25,1,0
BRDA:157,26,0,0
BRDA:157,26,1,0
BRDA:157,27,0,0
BRDA:157,27,1,0
BRDA:160,28,0,0
BRDA:160,28,1,0
BRDA:161,29,0,0
BRDA:161,29,1,0
BRDA:161,29,2,0
BRDA:161,29,3,0
BRDA:161,29,4,0
BRDA:161,29,5,0
BRDA:170,30,0,0
BRDA:170,30,1,0
BRDA:174,31,0,0
BRDA:174,31,1,0
BRDA:175,32,0,0
BRDA:175,32,1,0
BRDA:175,32,2,0
BRDA:175,32,3,0
BRDA:175,32,4,0
BRDA:184,33,0,0
BRDA:184,33,1,0
BRDA:193,34,0,0
BRDA:193,34,1,0
BRDA:193,34,2,0
BRDA:193,34,3,0
BRDA:193,34,4,0
BRDA:193,34,5,0
BRDA:193,34,6,0
BRDA:193,34,7,0
BRDA:193,34,8,0
BRDA:203,35,0,0
BRDA:203,35,1,0
BRDA:203,35,2,0
BRDA:203,35,3,0
BRDA:210,36,0,0
BRDA:210,36,1,0
BRDA:210,37,0,0
BRDA:210,37,1,0
BRDA:210,37,2,0
BRDA:210,37,3,0
BRDA:210,37,4,0
BRDA:210,37,5,0
BRDA:210,37,6,0
BRDA:215,38,0,0
BRDA:215,38,1,0
BRDA:230,39,0,0
BRDA:230,39,1,0
BRDA:234,40,0,0
BRDA:234,40,1,0
BRDA:236,41,0,0
BRDA:236,41,1,0
BRDA:241,42,0,0
BRDA:241,42,1,0
BRDA:244,43,0,0
BRDA:244,43,1,0
BRDA:249,44,0,0
BRDA:249,44,1,0
BRDA:271,45,0,0
BRDA:271,45,1,0
BRDA:276,46,0,0
BRDA:276,46,1,0
BRDA:309,47,0,0
BRDA:309,47,1,0
BRDA:315,48,0,0
BRDA:315,48,1,0
BRF:121
BRH:0
end_of_record
TN:
SF:routes\chat.js
FN:9,(anonymous_0)
FN:64,(anonymous_1)
FN:91,(anonymous_2)
FNF:3
FNH:0
FNDA:0,(anonymous_0)
FNDA:0,(anonymous_1)
FNDA:0,(anonymous_2)
DA:1,1
DA:2,1
DA:5,1
DA:6,1
DA:9,1
DA:11,0
DA:17,0
DA:19,0
DA:26,0
DA:31,0
DA:37,0
DA:39,0
DA:46,0
DA:52,0
DA:54,0
DA:62,1
DA:66,0
DA:69,0
DA:75,0
DA:81,0
DA:91,1
DA:93,0
DA:98,0
DA:100,0
DA:106,0
DA:111,0
DA:126,0
DA:137,0
DA:141,0
DA:143,0
DA:151,1
LF:31
LH:8
BRDA:19,0,0,0
BRDA:19,0,1,0
BRDA:20,1,0,0
BRDA:20,1,1,0
BRDA:20,1,2,0
BRDA:20,1,3,0
BRDA:20,1,4,0
BRDA:100,2,0,0
BRDA:100,2,1,0
BRDA:101,3,0,0
BRDA:101,3,1,0
BRDA:101,3,2,0
BRDA:101,3,3,0
BRF:13
BRH:0
end_of_record
TN:
SF:routes\dashboard.js
FN:11,getDriverLevel
FN:18,(anonymous_1)
FN:33,(anonymous_2)
FN:39,(anonymous_3)
FN:63,(anonymous_4)
FN:72,(anonymous_5)
FN:76,(anonymous_6)
FN:115,(anonymous_7)
FN:132,(anonymous_8)
FNF:9
FNH:0
FNDA:0,getDriverLevel
FNDA:0,(anonymous_1)
FNDA:0,(anonymous_2)
FNDA:0,(anonymous_3)
FNDA:0,(anonymous_4)
FNDA:0,(anonymous_5)
FNDA:0,(anonymous_6)
FNDA:0,(anonymous_7)
FNDA:0,(anonymous_8)
DA:1,1
DA:2,1
DA:4,1
DA:5,1
DA:6,1
DA:7,1
DA:8,1
DA:12,0
DA:13,0
DA:14,0
DA:15,0
DA:18,1
DA:19,0
DA:21,0
DA:23,0
DA:27,0
DA:31,0
DA:33,0
DA:34,0
DA:37,0
DA:39,0
DA:40,0
DA:45,0
DA:54,0
DA:56,0
DA:63,1
DA:64,0
DA:65,0
DA:67,0
DA:68,0
DA:69,0
DA:71,0
DA:72,0
DA:74,0
DA:75,0
DA:76,0
DA:78,0
DA:80,0
DA:84,0
DA:89,0
DA:93,0
DA:94,0
DA:96,0
DA:98,0
DA:110,0
DA:111,0
DA:115,1
DA:116,0
DA:117,0
DA:123,0
DA:125,0
DA:132,1
DA:133,0
DA:134,0
DA:136,0
DA:141,0
DA:143,0
DA:144,0
DA:146,0
DA:147,0
DA:149,0
DA:150,0
DA:151,0
DA:153,0
DA:154,0
DA:155,0
DA:157,0
DA:159,0
DA:160,0
DA:163,0
DA:165,0
DA:166,0
DA:170,1
LF:73
LH:12
BRDA:12,0,0,0
BRDA:12,0,1,0
BRDA:13,1,0,0
BRDA:13,1,1,0
BRDA:14,2,0,0
BRDA:14,2,1,0
BRDA:34,3,0,0
BRDA:34,3,1,0
BRDA:41,4,0,0
BRDA:41,4,1,0
BRDA:41,4,2,0
BRDA:72,5,0,0
BRDA:72,5,1,0
BRDA:76,6,0,0
BRDA:76,6,1,0
BRDA:78,7,0,0
BRDA:78,7,1,0
BRDA:80,8,0,0
BRDA:80,8,1,0
BRDA:89,9,0,0
BRDA:89,9,1,0
BRDA:94,10,0,0
BRDA:94,10,1,0
BRDA:154,11,0,0
BRDA:154,11,1,0
BRDA:155,12,0,0
BRDA:155,12,1,0
BRDA:159,13,0,0
BRDA:159,13,1,0
BRDA:159,14,0,0
BRDA:159,14,1,0
BRDA:160,15,0,0
BRDA:160,15,1,0
BRDA:160,16,0,0
BRDA:160,16,1,0
BRF:35
BRH:0
end_of_record
TN:
SF:routes\driverVerification.js
FN:16,(anonymous_0)
FN:24,(anonymous_1)
FN:89,(anonymous_2)
FNF:3
FNH:0
FNDA:0,(anonymous_0)
FNDA:0,(anonymous_1)
FNDA:0,(anonymous_2)
DA:1,1
DA:2,1
DA:4,1
DA:5,1
DA:6,1
DA:13,1
DA:17,0
DA:18,0
DA:19,0
DA:21,0
DA:22,0
DA:24,0
DA:25,0
DA:26,0
DA:31,0
DA:32,0
DA:33,0
DA:34,0
DA:35,0
DA:38,0
DA:39,0
DA:40,0
DA:42,0
DA:49,0
DA:55,0
DA:75,0
DA:76,0
DA:77,0
DA:79,0
DA:81,0
DA:82,0
DA:89,1
DA:90,0
DA:91,0
DA:92,0
DA:95,0
DA:96,0
DA:97,0
DA:100,0
DA:114,0
DA:115,0
DA:119,1
LF:42
LH:8
BRDA:18,0,0,0
BRDA:18,0,1,0
BRDA:19,1,0,0
BRDA:19,1,1,0
BRDA:22,2,0,0
BRDA:22,2,1,0
BRDA:26,3,0,0
BRDA:26,3,1,0
BRDA:31,4,0,0
BRDA:31,4,1,0
BRDA:31,4,2,0
BRDA:31,4,3,0
BRDA:32,5,0,0
BRDA:32,5,1,0
BRDA:32,5,2,0
BRDA:32,5,3,0
BRDA:33,6,0,0
BRDA:33,6,1,0
BRDA:33,6,2,0
BRDA:33,6,3,0
BRDA:34,7,0,0
BRDA:34,7,1,0
BRDA:35,8,0,0
BRDA:35,8,1,0
BRDA:42,9,0,0
BRDA:42,9,1,0
BRDA:43,10,0,0
BRDA:43,10,1,0
BRDA:43,10,2,0
BRDA:43,10,3,0
BRDA:43,10,4,0
BRDA:92,11,0,0
BRDA:92,11,1,0
BRDA:96,12,0,0
BRDA:96,12,1,0
BRDA:102,13,0,0
BRDA:102,13,1,0
BRF:37
BRH:0
end_of_record
TN:
SF:routes\environment.js
FN:7,(anonymous_0)
FNF:1
FNH:0
FNDA:0,(anonymous_0)
DA:1,1
DA:3,1
DA:5,1
DA:7,1
DA:8,0
DA:9,0
DA:11,0
DA:13,0
DA:15,0
DA:16,0
DA:18,0
DA:24,0
DA:28,1
LF:13
LH:5
BRDA:13,0,0,0
BRDA:13,0,1,0
BRF:2
BRH:0
end_of_record
TN:
SF:routes\favorites.js
FN:6,(anonymous_0)
FN:42,(anonymous_1)
FNF:2
FNH:0
FNDA:0,(anonymous_0)
FNDA:0,(anonymous_1)
DA:1,1
DA:2,1
DA:4,1
DA:6,1
DA:7,0
DA:12,0
DA:14,0
DA:20,0
DA:21,0
DA:26,0
DA:32,0
DA:36,0
DA:42,1
DA:43,0
DA:44,0
DA:48,0
DA:50,0
DA:56,1
LF:18
LH:6
BRDA:20,0,0,0
BRDA:20,0,1,0
BRF:2
BRH:0
end_of_record
TN:
SF:routes\forecast.js
FN:10,monthKeyFromDate
FN:19,(anonymous_1)
FN:23,(anonymous_2)
FN:38,(anonymous_3)
FN:46,(anonymous_4)
FN:52,(anonymous_5)
FN:53,(anonymous_6)
FN:70,(anonymous_7)
FN:73,(anonymous_8)
FN:77,(anonymous_9)
FN:88,(anonymous_10)
FNF:11
FNH:0
FNDA:0,monthKeyFromDate
FNDA:0,(anonymous_1)
FNDA:0,(anonymous_2)
FNDA:0,(anonymous_3)
FNDA:0,(anonymous_4)
FNDA:0,(anonymous_5)
FNDA:0,(anonymous_6)
FNDA:0,(anonymous_7)
FNDA:0,(anonymous_8)
FNDA:0,(anonymous_9)
FNDA:0,(anonymous_10)
DA:1,1
DA:2,1
DA:4,1
DA:5,1
DA:6,1
DA:8,1
DA:11,0
DA:12,0
DA:14,0
DA:15,0
DA:16,0
DA:19,1
DA:20,0
DA:23,1
DA:24,0
DA:26,0
DA:27,0
DA:28,0
DA:30,0
DA:35,0
DA:36,0
DA:38,0
DA:39,0
DA:40,0
DA:41,0
DA:42,0
DA:45,0
DA:46,0
DA:47,0
DA:49,0
DA:52,0
DA:53,0
DA:61,0
DA:62,0
DA:63,0
DA:65,0
DA:67,0
DA:70,0
DA:71,0
DA:72,0
DA:73,0
DA:74,0
DA:77,0
DA:78,0
DA:79,0
DA:80,0
DA:81,0
DA:82,0
DA:85,0
DA:86,0
DA:87,0
DA:88,0
DA:95,0
DA:98,0
DA:105,0
DA:106,0
DA:110,1
LF:57
LH:9
BRDA:11,0,0,0
BRDA:11,0,1,0
BRDA:12,1,0,0
BRDA:12,1,1,0
BRDA:28,2,0,0
BRDA:28,2,1,0
BRDA:39,3,0,0
BRDA:39,3,1,0
BRDA:40,4,0,0
BRDA:40,4,1,0
BRDA:41,5,0,0
BRDA:41,5,1,0
BRDA:41,6,0,0
BRDA:41,6,1,0
BRDA:42,7,0,0
BRDA:42,7,1,0
BRDA:49,8,0,0
BRDA:49,8,1,0
BRDA:52,9,0,0
BRDA:52,9,1,0
BRDA:65,10,0,0
BRDA:65,10,1,0
BRDA:78,11,0,0
BRDA:78,11,1,0
BRDA:81,12,0,0
BRDA:81,12,1,0
BRDA:82,13,0,0
BRDA:82,13,1,0
BRDA:82,14,0,0
BRDA:82,14,1,0
BRDA:86,15,0,0
BRDA:86,15,1,0
BRDA:88,16,0,0
BRDA:88,16,1,0
BRF:34
BRH:0
end_of_record
TN:
SF:routes\leaderboard.js
FN:7,(anonymous_0)
FN:16,(anonymous_1)
FNF:2
FNH:0
FNDA:0,(anonymous_0)
FNDA:0,(anonymous_1)
DA:1,1
DA:2,1
DA:4,1
DA:7,1
DA:8,0
DA:9,0
DA:16,0
DA:22,0
DA:24,0
DA:25,0
DA:29,1
LF:11
LH:5
BRDA:16,0,0,0
BRDA:16,0,1,0
BRDA:18,1,0,0
BRDA:18,1,1,0
BRDA:19,2,0,0
BRDA:19,2,1,0
BRF:6
BRH:0
end_of_record
TN:
SF:routes\notifications.js
FN:6,(anonymous_0)
FN:24,(anonymous_1)
FN:44,(anonymous_2)
FN:66,(anonymous_3)
FN:86,(anonymous_4)
FNF:5
FNH:0
FNDA:0,(anonymous_0)
FNDA:0,(anonymous_1)
FNDA:0,(anonymous_2)
FNDA:0,(anonymous_3)
FNDA:0,(anonymous_4)
DA:1,1
DA:2,1
DA:4,1
DA:6,1
DA:7,0
DA:8,0
DA:13,0
DA:17,0
DA:18,0
DA:24,1
DA:25,0
DA:26,0
DA:33,0
DA:37,0
DA:38,0
DA:44,1
DA:45,0
DA:46,0
DA:48,0
DA:54,0
DA:59,0
DA:60,0
DA:66,1
DA:67,0
DA:68,0
DA:70,0
DA:75,0
DA:79,0
DA:80,0
DA:86,1
DA:87,0
DA:88,0
DA:94,0
DA:95,0
DA:100,0
DA:105,0
DA:106,0
DA:112,1
LF:38
LH:9
BRDA:94,0,0,0
BRDA:94,0,1,0
BRF:2
BRH:0
end_of_record
TN:
SF:routes\otp.js
FN:18,(anonymous_0)
FN:43,(anonymous_1)
FN:166,(anonymous_2)
FN:276,(anonymous_3)
FN:299,(anonymous_4)
FN:347,(anonymous_5)
FN:352,(anonymous_6)
FN:376,(anonymous_7)
FNF:8
FNH:1
FNDA:0,(anonymous_0)
FNDA:1,(anonymous_1)
FNDA:0,(anonymous_2)
FNDA:0,(anonymous_3)
FNDA:0,(anonymous_4)
FNDA:0,(anonymous_5)
FNDA:0,(anonymous_6)
FNDA:0,(anonymous_7)
DA:7,1
DA:8,1
DA:9,1
DA:11,1
DA:12,1
DA:13,1
DA:14,1
DA:15,1
DA:18,1
DA:19,0
DA:20,0
DA:21,0
DA:22,0
DA:23,0
DA:27,0
DA:28,0
DA:29,0
DA:30,0
DA:31,0
DA:34,0
DA:43,1
DA:44,1
DA:45,1
DA:47,1
DA:48,0
DA:51,1
DA:52,1
DA:55,1
DA:56,1
DA:59,0
DA:60,0
DA:65,0
DA:66,0
DA:68,0
DA:69,0
DA:73,0
DA:74,0
DA:78,0
DA:79,0
DA:83,0
DA:84,0
DA:85,0
DA:86,0
DA:87,0
DA:88,0
DA:91,0
DA:93,0
DA:94,0
DA:97,0
DA:98,0
DA:99,0
DA:100,0
DA:101,0
DA:102,0
DA:104,0
DA:105,0
DA:106,0
DA:108,0
DA:112,0
DA:113,0
DA:114,0
DA:115,0
DA:119,0
DA:120,0
DA:121,0
DA:124,0
DA:125,0
DA:126,0
DA:127,0
DA:128,0
DA:133,0
DA:148,0
DA:155,0
DA:156,0
DA:166,1
DA:167,0
DA:168,0
DA:170,0
DA:171,0
DA:174,0
DA:175,0
DA:178,0
DA:179,0
DA:182,0
DA:183,0
DA:188,0
DA:189,0
DA:191,0
DA:192,0
DA:195,0
DA:196,0
DA:200,0
DA:201,0
DA:205,0
DA:206,0
DA:207,0
DA:208,0
DA:209,0
DA:212,0
DA:213,0
DA:214,0
DA:217,0
DA:218,0
DA:219,0
DA:220,0
DA:221,0
DA:222,0
DA:224,0
DA:225,0
DA:226,0
DA:227,0
DA:228,0
DA:230,0
DA:231,0
DA:232,0
DA:234,0
DA:239,0
DA:240,0
DA:241,0
DA:242,0
DA:243,0
DA:246,0
DA:251,0
DA:253,0
DA:255,0
DA:256,0
DA:257,0
DA:258,0
DA:261,0
DA:271,0
DA:272,0
DA:273,0
DA:274,0
DA:275,0
DA:276,0
DA:277,0
DA:278,0
DA:279,0
DA:280,0
DA:283,0
DA:287,0
DA:290,0
DA:298,0
DA:299,0
DA:300,0
DA:301,0
DA:309,0
DA:319,0
DA:328,0
DA:338,0
DA:339,0
DA:347,1
DA:348,0
DA:349,0
DA:350,0
DA:352,0
DA:365,0
DA:367,0
DA:368,0
DA:376,1
DA:377,0
DA:378,0
DA:379,0
DA:381,0
DA:383,0
DA:393,0
DA:394,0
DA:398,1
LF:168
LH:21
BRDA:27,0,0,0
BRDA:27,0,1,0
BRDA:29,1,0,0
BRDA:29,1,1,0
BRDA:47,2,0,0
BRDA:47,2,1,1
BRDA:47,3,0,1
BRDA:47,3,1,1
BRDA:47,3,2,1
BRDA:52,4,0,0
BRDA:52,4,1,1
BRDA:55,5,0,1
BRDA:55,5,1,0
BRDA:59,6,0,0
BRDA:59,6,1,0
BRDA:66,7,0,0
BRDA:66,7,1,0
BRDA:68,8,0,0
BRDA:68,8,1,0
BRDA:73,9,0,0
BRDA:73,9,1,0
BRDA:78,10,0,0
BRDA:78,10,1,0
BRDA:78,11,0,0
BRDA:78,11,1,0
BRDA:83,12,0,0
BRDA:83,12,1,0
BRDA:91,13,0,0
BRDA:91,13,1,0
BRDA:91,13,2,0
BRDA:93,14,0,0
BRDA:93,14,1,0
BRDA:97,15,0,0
BRDA:97,15,1,0
BRDA:98,16,0,0
BRDA:98,16,1,0
BRDA:99,17,0,0
BRDA:99,17,1,0
BRDA:105,18,0,0
BRDA:105,18,1,0
BRDA:126,19,0,0
BRDA:126,19,1,0
BRDA:126,20,0,0
BRDA:126,20,1,0
BRDA:170,21,0,0
BRDA:170,21,1,0
BRDA:170,22,0,0
BRDA:170,22,1,0
BRDA:170,22,2,0
BRDA:175,23,0,0
BRDA:175,23,1,0
BRDA:178,24,0,0
BRDA:178,24,1,0
BRDA:182,25,0,0
BRDA:182,25,1,0
BRDA:189,26,0,0
BRDA:189,26,1,0
BRDA:191,27,0,0
BRDA:191,27,1,0
BRDA:195,28,0,0
BRDA:195,28,1,0
BRDA:200,29,0,0
BRDA:200,29,1,0
BRDA:200,30,0,0
BRDA:200,30,1,0
BRDA:205,31,0,0
BRDA:205,31,1,0
BRDA:212,32,0,0
BRDA:212,32,1,0
BRDA:213,33,0,0
BRDA:213,33,1,0
BRDA:224,34,0,0
BRDA:224,34,1,0
BRDA:225,35,0,0
BRDA:225,35,1,0
BRDA:226,36,0,0
BRDA:226,36,1,0
BRDA:231,37,0,0
BRDA:231,37,1,0
BRDA:253,38,0,0
BRDA:253,38,1,0
BRDA:273,39,0,0
BRDA:273,39,1,0
BRDA:274,40,0,0
BRDA:274,40,1,0
BRDA:274,41,0,0
BRDA:274,41,1,0
BRDA:276,42,0,0
BRDA:276,42,1,0
BRDA:277,43,0,0
BRDA:277,43,1,0
BRDA:279,44,0,0
BRDA:279,44,1,0
BRDA:321,45,0,0
BRDA:321,45,1,0
BRDA:322,46,0,0
BRDA:322,46,1,0
BRDA:325,47,0,0
BRDA:325,47,1,0
BRDA:329,48,0,0
BRDA:329,48,1,0
BRDA:334,49,0,0
BRDA:334,49,1,0
BRDA:357,50,0,0
BRDA:357,50,1,0
BRDA:357,50,2,0
BRDA:358,51,0,0
BRDA:358,51,1,0
BRDA:361,52,0,0
BRDA:361,52,1,0
BRDA:362,53,0,0
BRDA:362,53,1,0
BRDA:379,54,0,0
BRDA:379,54,1,0
BRDA:386,55,0,0
BRDA:386,55,1,0
BRDA:387,56,0,0
BRDA:387,56,1,0
BRDA:387,57,0,0
BRDA:387,57,1,0
BRDA:387,57,2,0
BRDA:388,58,0,0
BRDA:388,58,1,0
BRDA:388,59,0,0
BRDA:388,59,1,0
BRF:125
BRH:6
end_of_record
TN:
SF:routes\passengerBookings.js
FN:8,(anonymous_0)
FNF:1
FNH:0
FNDA:0,(anonymous_0)
DA:1,1
DA:2,1
DA:4,1
DA:8,1
DA:9,0
DA:10,0
DA:11,0
DA:13,0
DA:14,0
DA:17,0
DA:19,0
DA:21,0
DA:36,0
DA:37,0
DA:41,1
LF:15
LH:5
BRDA:13,0,0,0
BRDA:13,0,1,0
BRDA:14,1,0,0
BRDA:14,1,1,0
BRDA:19,2,0,0
BRDA:19,2,1,0
BRDA:24,3,0,0
BRDA:24,3,1,0
BRDA:24,3,2,0
BRDA:25,4,0,0
BRDA:25,4,1,0
BRDA:25,4,2,0
BRDA:30,5,0,0
BRDA:30,5,1,0
BRDA:31,6,0,0
BRDA:31,6,1,0
BRDA:32,7,0,0
BRDA:32,7,1,0
BRDA:32,7,2,0
BRDA:33,8,0,0
BRDA:33,8,1,0
BRF:21
BRH:0
end_of_record
TN:
SF:routes\pickupPoints.js
FN:8,(anonymous_0)
FN:19,(anonymous_1)
FNF:2
FNH:0
FNDA:0,(anonymous_0)
FNDA:0,(anonymous_1)
DA:1,1
DA:2,1
DA:4,1
DA:8,1
DA:9,0
DA:10,0
DA:11,0
DA:13,0
DA:19,0
DA:20,0
DA:22,0
DA:23,0
DA:27,1
LF:13
LH:5
BRDA:11,0,0,0
BRDA:11,0,1,0
BRF:2
BRH:0
end_of_record
TN:
SF:routes\prediction.js
FN:9,(anonymous_0)
FNF:1
FNH:0
FNDA:0,(anonymous_0)
DA:1,1
DA:2,1
DA:4,1
DA:5,1
DA:9,1
DA:10,0
DA:11,0
DA:13,0
DA:14,0
DA:17,0
DA:22,0
DA:24,0
DA:29,0
DA:30,0
DA:34,1
LF:15
LH:6
BRDA:13,0,0,0
BRDA:13,0,1,0
BRDA:13,1,0,0
BRDA:13,1,1,0
BRF:4
BRH:0
end_of_record
TN:
SF:routes\pricing.js
FN:7,(anonymous_0)
FNF:1
FNH:0
FNDA:0,(anonymous_0)
DA:1,1
DA:2,1
DA:4,1
DA:5,1
DA:7,1
DA:8,0
DA:9,0
DA:11,0
DA:12,0
DA:15,0
DA:16,0
DA:19,0
DA:20,0
DA:23,0
DA:28,0
DA:29,0
DA:30,0
DA:31,0
DA:32,0
DA:35,0
DA:41,0
DA:43,0
DA:44,0
DA:48,1
LF:24
LH:6
BRDA:11,0,0,0
BRDA:11,0,1,0
BRDA:11,1,0,0
BRDA:11,1,1,0
BRDA:15,2,0,0
BRDA:15,2,1,0
BRDA:15,3,0,0
BRDA:15,3,1,0
BRDA:19,4,0,0
BRDA:19,4,1,0
BRDA:19,5,0,0
BRDA:19,5,1,0
BRDA:29,6,0,0
BRDA:29,6,1,0
BRDA:31,7,0,0
BRDA:31,7,1,0
BRF:16
BRH:0
end_of_record
TN:
SF:routes\profile.js
FN:11,(anonymous_0)
FN:29,(anonymous_1)
FN:48,(anonymous_2)
FN:80,(anonymous_3)
FN:93,(anonymous_4)
FN:104,(anonymous_5)
FN:115,(anonymous_6)
FN:124,(anonymous_7)
FN:168,(anonymous_8)
FNF:9
FNH:0
FNDA:0,(anonymous_0)
FNDA:0,(anonymous_1)
FNDA:0,(anonymous_2)
FNDA:0,(anonymous_3)
FNDA:0,(anonymous_4)
FNDA:0,(anonymous_5)
FNDA:0,(anonymous_6)
FNDA:0,(anonymous_7)
FNDA:0,(anonymous_8)
DA:1,1
DA:2,1
DA:4,1
DA:6,1
DA:7,1
DA:8,1
DA:9,1
DA:11,1
DA:12,0
DA:13,0
DA:15,0
DA:19,0
DA:23,0
DA:27,0
DA:29,0
DA:34,0
DA:41,0
DA:48,1
DA:49,0
DA:50,0
DA:51,0
DA:52,0
DA:55,0
DA:56,0
DA:57,0
DA:60,0
DA:63,0
DA:64,0
DA:66,0
DA:68,0
DA:74,0
DA:75,0
DA:80,1
DA:81,0
DA:82,0
DA:86,0
DA:88,0
DA:93,1
DA:94,0
DA:95,0
DA:96,0
DA:97,0
DA:99,0
DA:104,1
DA:105,0
DA:106,0
DA:107,0
DA:108,0
DA:110,0
DA:115,1
DA:116,0
DA:117,0
DA:119,0
DA:120,0
DA:122,0
DA:125,0
DA:126,0
DA:131,0
DA:132,0
DA:135,0
DA:136,0
DA:139,0
DA:140,0
DA:143,0
DA:144,0
DA:147,0
DA:148,0
DA:151,0
DA:152,0
DA:155,0
DA:157,0
DA:162,0
DA:163,0
DA:168,1
DA:169,0
DA:170,0
DA:171,0
DA:173,0
DA:174,0
DA:176,0
DA:178,0
DA:179,0
DA:185,1
LF:83
LH:15
BRDA:27,0,0,0
BRDA:27,0,1,0
BRDA:51,1,0,0
BRDA:51,1,1,0
BRDA:51,2,0,0
BRDA:51,2,1,0
BRDA:56,3,0,0
BRDA:56,3,1,0
BRDA:96,4,0,0
BRDA:96,4,1,0
BRDA:107,5,0,0
BRDA:107,5,1,0
BRDA:108,6,0,0
BRDA:108,6,1,0
BRDA:120,7,0,0
BRDA:120,7,1,0
BRDA:135,8,0,0
BRDA:135,8,1,0
BRDA:139,9,0,0
BRDA:139,9,1,0
BRDA:143,10,0,0
BRDA:143,10,1,0
BRDA:147,11,0,0
BRDA:147,11,1,0
BRDA:151,12,0,0
BRDA:151,12,1,0
BRDA:171,13,0,0
BRDA:171,13,1,0
BRDA:173,14,0,0
BRDA:173,14,1,0
BRF:30
BRH:0
end_of_record
TN:
SF:routes\recommendations.js
FN:10,(anonymous_0)
FN:27,(anonymous_1)
FN:33,(anonymous_2)
FN:47,(anonymous_3)
FNF:4
FNH:0
FNDA:0,(anonymous_0)
FNDA:0,(anonymous_1)
FNDA:0,(anonymous_2)
FNDA:0,(anonymous_3)
DA:1,1
DA:2,1
DA:4,1
DA:5,1
DA:6,1
DA:10,1
DA:11,0
DA:12,0
DA:14,0
DA:15,0
DA:20,0
DA:23,0
DA:27,0
DA:32,0
DA:34,0
DA:42,0
DA:47,0
DA:49,0
DA:51,0
DA:52,0
DA:56,1
LF:21
LH:7
BRDA:14,0,0,0
BRDA:14,0,1,0
BRDA:14,1,0,0
BRDA:14,1,1,0
BRDA:14,1,2,0
BRDA:27,2,0,0
BRDA:27,2,1,0
BRF:7
BRH:0
end_of_record
TN:
SF:routes\reports.js
FN:8,(anonymous_0)
FN:49,(anonymous_1)
FNF:2
FNH:0
FNDA:0,(anonymous_0)
FNDA:0,(anonymous_1)
DA:1,1
DA:2,1
DA:4,1
DA:5,1
DA:8,1
DA:9,0
DA:10,0
DA:12,0
DA:13,0
DA:16,0
DA:23,0
DA:26,0
DA:33,0
DA:34,0
DA:35,0
DA:36,0
DA:37,0
DA:40,0
DA:43,0
DA:44,0
DA:49,1
DA:50,0
DA:51,0
DA:52,0
DA:54,0
DA:55,0
DA:59,1
LF:27
LH:7
BRDA:10,0,0,0
BRDA:10,0,1,0
BRDA:12,1,0,0
BRDA:12,1,1,0
BRDA:12,2,0,0
BRDA:12,2,1,0
BRDA:12,2,2,0
BRDA:20,3,0,0
BRDA:20,3,1,0
BRDA:35,4,0,0
BRDA:35,4,1,0
BRF:11
BRH:0
end_of_record
TN:
SF:routes\reviews.js
FN:8,(anonymous_0)
FN:17,(anonymous_1)
FN:102,(anonymous_2)
FN:113,(anonymous_3)
FN:118,(anonymous_4)
FN:128,(anonymous_5)
FN:150,(anonymous_6)
FN:156,(anonymous_7)
FNF:8
FNH:0
FNDA:0,(anonymous_0)
FNDA:0,(anonymous_1)
FNDA:0,(anonymous_2)
FNDA:0,(anonymous_3)
FNDA:0,(anonymous_4)
FNDA:0,(anonymous_5)
FNDA:0,(anonymous_6)
FNDA:0,(anonymous_7)
DA:1,1
DA:2,1
DA:3,1
DA:4,1
DA:5,1
DA:6,1
DA:8,1
DA:9,0
DA:10,0
DA:11,0
DA:12,0
DA:13,0
DA:17,1
DA:18,0
DA:19,0
DA:21,0
DA:25,0
DA:26,0
DA:30,0
DA:33,0
DA:34,0
DA:35,0
DA:38,0
DA:40,0
DA:43,0
DA:44,0
DA:47,0
DA:48,0
DA:51,0
DA:52,0
DA:54,0
DA:56,0
DA:59,0
DA:67,0
DA:68,0
DA:69,0
DA:71,0
DA:76,0
DA:80,0
DA:81,0
DA:82,0
DA:87,0
DA:90,0
DA:94,0
DA:96,0
DA:97,0
DA:102,1
DA:103,0
DA:104,0
DA:105,0
DA:107,0
DA:108,0
DA:113,1
DA:114,0
DA:115,0
DA:116,0
DA:117,0
DA:118,0
DA:120,0
DA:122,0
DA:123,0
DA:128,1
DA:129,0
DA:130,0
DA:142,0
DA:144,0
DA:145,0
DA:150,1
DA:151,0
DA:152,0
DA:153,0
DA:155,0
DA:156,0
DA:159,0
DA:161,0
DA:163,0
DA:164,0
DA:168,1
LF:78
LH:13
BRDA:9,0,0,0
BRDA:9,0,1,0
BRDA:11,1,0,0
BRDA:11,1,1,0
BRDA:21,2,0,0
BRDA:21,2,1,0
BRDA:23,3,0,0
BRDA:23,3,1,0
BRDA:25,4,0,0
BRDA:25,4,1,0
BRDA:25,5,0,0
BRDA:25,5,1,0
BRDA:25,5,2,0
BRDA:25,5,3,0
BRDA:34,6,0,0
BRDA:34,6,1,0
BRDA:40,7,0,0
BRDA:40,7,1,0
BRDA:43,8,0,0
BRDA:43,8,1,0
BRDA:43,9,0,0
BRDA:43,9,1,0
BRDA:43,9,2,0
BRDA:47,10,0,0
BRDA:47,10,1,0
BRDA:76,11,0,0
BRDA:76,11,1,0
BRDA:81,12,0,0
BRDA:81,12,1,0
BRDA:117,13,0,0
BRDA:117,13,1,0
BRDA:155,14,0,0
BRDA:155,14,1,0
BRF:33
BRH:0
end_of_record
TN:
SF:routes\rides.js
FN:26,(anonymous_0)
FN:34,(anonymous_1)
FN:39,(anonymous_2)
FN:114,(anonymous_3)
FN:116,(anonymous_4)
FN:227,(anonymous_5)
FN:232,(anonymous_6)
FN:236,(anonymous_7)
FN:256,(anonymous_8)
FN:262,(anonymous_9)
FN:293,(anonymous_10)
FN:315,(anonymous_11)
FN:327,(anonymous_12)
FN:351,(anonymous_13)
FN:378,(anonymous_14)
FN:523,(anonymous_15)
FN:548,(anonymous_16)
FN:576,(anonymous_17)
FN:721,(anonymous_18)
FN:844,(anonymous_19)
FN:923,(anonymous_20)
FN:990,(anonymous_21)
FN:1009,(anonymous_22)
FN:1116,(anonymous_23)
FN:1224,(anonymous_24)
FN:1249,(anonymous_25)
FN:1331,(anonymous_26)
FN:1342,(anonymous_27)
FN:1343,(anonymous_28)
FN:1361,(anonymous_29)
FN:1421,(anonymous_30)
FN:1453,(anonymous_31)
FN:1480,(anonymous_32)
FN:1503,(anonymous_33)
FNF:34
FNH:1
FNDA:0,(anonymous_0)
FNDA:0,(anonymous_1)
FNDA:0,(anonymous_2)
FNDA:0,(anonymous_3)
FNDA:0,(anonymous_4)
FNDA:0,(anonymous_5)
FNDA:0,(anonymous_6)
FNDA:0,(anonymous_7)
FNDA:0,(anonymous_8)
FNDA:0,(anonymous_9)
FNDA:1,(anonymous_10)
FNDA:0,(anonymous_11)
FNDA:0,(anonymous_12)
FNDA:0,(anonymous_13)
FNDA:0,(anonymous_14)
FNDA:0,(anonymous_15)
FNDA:0,(anonymous_16)
FNDA:0,(anonymous_17)
FNDA:0,(anonymous_18)
FNDA:0,(anonymous_19)
FNDA:0,(anonymous_20)
FNDA:0,(anonymous_21)
FNDA:0,(anonymous_22)
FNDA:0,(anonymous_23)
FNDA:0,(anonymous_24)
FNDA:0,(anonymous_25)
FNDA:0,(anonymous_26)
FNDA:0,(anonymous_27)
FNDA:0,(anonymous_28)
FNDA:0,(anonymous_29)
FNDA:0,(anonymous_30)
FNDA:0,(anonymous_31)
FNDA:0,(anonymous_32)
FNDA:0,(anonymous_33)
DA:1,1
DA:2,1
DA:3,1
DA:4,1
DA:5,1
DA:7,1
DA:8,1
DA:9,1
DA:10,1
DA:11,1
DA:12,1
DA:13,1
DA:14,1
DA:16,1
DA:17,1
DA:18,1
DA:20,1
DA:21,1
DA:23,1
DA:25,1
DA:26,1
DA:27,0
DA:28,0
DA:29,0
DA:30,0
DA:31,0
DA:34,1
DA:35,0
DA:39,1
DA:40,0
DA:63,0
DA:65,0
DA:76,0
DA:81,0
DA:82,0
DA:83,0
DA:86,0
DA:87,0
DA:88,0
DA:93,0
DA:94,0
DA:95,0
DA:99,0
DA:104,0
DA:108,0
DA:109,0
DA:112,0
DA:114,0
DA:116,0
DA:119,0
DA:120,0
DA:121,0
DA:122,0
DA:125,0
DA:127,0
DA:157,0
DA:158,0
DA:161,0
DA:166,0
DA:170,0
DA:171,0
DA:182,0
DA:183,0
DA:184,0
DA:185,0
DA:187,0
DA:188,0
DA:189,0
DA:190,0
DA:193,0
DA:196,0
DA:198,0
DA:207,0
DA:208,0
DA:209,0
DA:217,0
DA:219,0
DA:220,0
DA:227,1
DA:228,0
DA:229,0
DA:231,0
DA:233,0
DA:234,0
DA:236,0
DA:244,0
DA:248,0
DA:250,0
DA:251,0
DA:256,1
DA:258,0
DA:259,0
DA:261,0
DA:263,0
DA:264,0
DA:285,0
DA:287,0
DA:288,0
DA:293,1
DA:294,1
DA:295,1
DA:296,1
DA:297,1
DA:299,1
DA:304,1
DA:306,0
DA:307,0
DA:315,1
DA:316,0
DA:317,0
DA:319,0
DA:320,0
DA:324,0
DA:326,0
DA:327,0
DA:331,0
DA:332,0
DA:334,0
DA:335,0
DA:337,0
DA:339,0
DA:341,0
DA:342,0
DA:351,1
DA:352,0
DA:353,0
DA:355,0
DA:356,0
DA:359,0
DA:362,0
DA:363,0
DA:365,0
DA:371,0
DA:372,0
DA:378,1
DA:379,0
DA:380,0
DA:382,0
DA:383,0
DA:386,0
DA:387,0
DA:389,0
DA:390,0
DA:398,0
DA:399,0
DA:402,0
DA:403,0
DA:406,0
DA:407,0
DA:409,0
DA:443,0
DA:447,0
DA:448,0
DA:450,0
DA:451,0
DA:469,0
DA:470,0
DA:489,0
DA:504,0
DA:517,0
DA:518,0
DA:523,1
DA:524,0
DA:525,0
DA:526,0
DA:527,0
DA:529,0
DA:531,0
DA:532,0
DA:533,0
DA:534,0
DA:545,0
DA:547,0
DA:549,0
DA:558,0
DA:565,0
DA:566,0
DA:568,0
DA:570,0
DA:571,0
DA:576,1
DA:577,0
DA:578,0
DA:579,0
DA:581,0
DA:582,0
DA:585,0
DA:586,0
DA:587,0
DA:590,0
DA:591,0
DA:592,0
DA:593,0
DA:597,0
DA:598,0
DA:599,0
DA:603,0
DA:606,0
DA:609,0
DA:610,0
DA:612,0
DA:613,0
DA:615,0
DA:616,0
DA:620,0
DA:621,0
DA:622,0
DA:624,0
DA:625,0
DA:626,0
DA:629,0
DA:651,0
DA:652,0
DA:655,0
DA:670,0
DA:675,0
DA:676,0
DA:677,0
DA:687,0
DA:689,0
DA:696,0
DA:703,0
DA:712,0
DA:713,0
DA:715,0
DA:716,0
DA:721,1
DA:722,0
DA:723,0
DA:725,0
DA:726,0
DA:729,0
DA:730,0
DA:733,0
DA:734,0
DA:738,0
DA:739,0
DA:745,0
DA:752,0
DA:754,0
DA:755,0
DA:756,0
DA:760,0
DA:761,0
DA:765,0
DA:766,0
DA:767,0
DA:768,0
DA:769,0
DA:770,0
DA:773,0
DA:774,0
DA:775,0
DA:776,0
DA:777,0
DA:778,0
DA:779,0
DA:781,0
DA:782,0
DA:783,0
DA:785,0
DA:789,0
DA:790,0
DA:791,0
DA:792,0
DA:793,0
DA:796,0
DA:797,0
DA:798,0
DA:801,0
DA:802,0
DA:803,0
DA:804,0
DA:805,0
DA:810,0
DA:812,0
DA:813,0
DA:821,0
DA:829,0
DA:836,0
DA:838,0
DA:839,0
DA:844,1
DA:845,0
DA:846,0
DA:849,0
DA:850,0
DA:853,0
DA:855,0
DA:856,0
DA:859,0
DA:860,0
DA:863,0
DA:864,0
DA:868,0
DA:869,0
DA:873,0
DA:874,0
DA:878,0
DA:879,0
DA:880,0
DA:881,0
DA:882,0
DA:883,0
DA:886,0
DA:888,0
DA:889,0
DA:890,0
DA:891,0
DA:892,0
DA:893,0
DA:895,0
DA:896,0
DA:897,0
DA:899,0
DA:902,0
DA:903,0
DA:904,0
DA:905,0
DA:906,0
DA:908,0
DA:915,0
DA:917,0
DA:918,0
DA:923,1
DA:924,0
DA:925,0
DA:927,0
DA:928,0
DA:929,0
DA:933,0
DA:934,0
DA:938,0
DA:939,0
DA:942,0
DA:943,0
DA:948,0
DA:949,0
DA:950,0
DA:953,0
DA:954,0
DA:955,0
DA:956,0
DA:957,0
DA:962,0
DA:963,0
DA:965,0
DA:966,0
DA:974,0
DA:981,0
DA:983,0
DA:984,0
DA:990,1
DA:991,0
DA:992,0
DA:993,0
DA:995,0
DA:1003,0
DA:1004,0
DA:1009,1
DA:1010,0
DA:1011,0
DA:1013,0
DA:1014,0
DA:1017,0
DA:1019,0
DA:1020,0
DA:1023,0
DA:1024,0
DA:1027,0
DA:1028,0
DA:1032,0
DA:1033,0
DA:1037,0
DA:1038,0
DA:1042,0
DA:1043,0
DA:1044,0
DA:1045,0
DA:1046,0
DA:1049,0
DA:1050,0
DA:1051,0
DA:1052,0
DA:1053,0
DA:1055,0
DA:1056,0
DA:1057,0
DA:1059,0
DA:1062,0
DA:1063,0
DA:1064,0
DA:1065,0
DA:1066,0
DA:1069,0
DA:1074,0
DA:1075,0
DA:1076,0
DA:1077,0
DA:1078,0
DA:1080,0
DA:1082,0
DA:1089,0
DA:1099,0
DA:1108,0
DA:1110,0
DA:1111,0
DA:1116,1
DA:1117,0
DA:1118,0
DA:1119,0
DA:1120,0
DA:1123,0
DA:1124,0
DA:1128,0
DA:1129,0
DA:1132,0
DA:1133,0
DA:1136,0
DA:1137,0
DA:1143,0
DA:1149,0
DA:1150,0
DA:1155,0
DA:1156,0
DA:1157,0
DA:1160,0
DA:1161,0
DA:1162,0
DA:1163,0
DA:1164,0
DA:1169,0
DA:1174,0
DA:1175,0
DA:1176,0
DA:1177,0
DA:1179,0
DA:1180,0
DA:1181,0
DA:1185,0
DA:1187,0
DA:1188,0
DA:1189,0
DA:1190,0
DA:1193,0
DA:1196,0
DA:1203,0
DA:1213,0
DA:1214,0
DA:1215,0
DA:1216,0
DA:1222,0
DA:1223,0
DA:1224,0
DA:1228,0
DA:1229,0
DA:1231,0
DA:1232,0
DA:1235,0
DA:1238,0
DA:1243,0
DA:1244,0
DA:1249,1
DA:1250,0
DA:1251,0
DA:1253,0
DA:1254,0
DA:1257,0
DA:1265,0
DA:1267,0
DA:1269,0
DA:1270,0
DA:1275,0
DA:1277,0
DA:1286,0
DA:1288,0
DA:1289,0
DA:1290,0
DA:1292,0
DA:1294,0
DA:1295,0
DA:1296,0
DA:1297,0
DA:1298,0
DA:1299,0
DA:1300,0
DA:1303,0
DA:1305,0
DA:1306,0
DA:1308,0
DA:1309,0
DA:1311,0
DA:1313,0
DA:1318,0
DA:1320,0
DA:1321,0
DA:1323,0
DA:1325,0
DA:1326,0
DA:1331,1
DA:1332,0
DA:1333,0
DA:1335,0
DA:1337,0
DA:1338,0
DA:1339,0
DA:1342,0
DA:1343,0
DA:1345,0
DA:1352,0
DA:1354,0
DA:1355,0
DA:1361,1
DA:1362,0
DA:1363,0
DA:1368,0
DA:1369,0
DA:1370,0
DA:1372,0
DA:1373,0
DA:1375,0
DA:1418,0
DA:1421,0
DA:1437,0
DA:1439,0
DA:1440,0
DA:1450,1
DA:1454,0
DA:1455,0
DA:1456,0
DA:1458,0
DA:1459,0
DA:1460,0
DA:1461,0
DA:1464,0
DA:1465,0
DA:1466,0
DA:1467,0
DA:1470,0
DA:1471,0
DA:1473,0
DA:1474,0
DA:1477,0
DA:1479,0
DA:1480,0
DA:1487,0
DA:1494,0
DA:1496,0
DA:1497,0
DA:1503,1
DA:1504,0
DA:1505,0
DA:1507,0
DA:1511,0
DA:1513,0
DA:1514,0
DA:1518,1
LF:557
LH:49
BRDA:27,0,0,0
BRDA:27,0,1,0
BRDA:29,1,0,0
BRDA:29,1,1,0
BRDA:65,2,0,0
BRDA:65,2,1,0
BRDA:66,3,0,0
BRDA:66,3,1,0
BRDA:66,3,2,0
BRDA:66,3,3,0
BRDA:66,3,4,0
BRDA:66,3,5,0
BRDA:66,3,6,0
BRDA:66,3,7,0
BRDA:66,3,8,0
BRDA:82,4,0,0
BRDA:82,4,1,0
BRDA:87,5,0,0
BRDA:87,5,1,0
BRDA:94,6,0,0
BRDA:94,6,1,0
BRDA:99,7,0,0
BRDA:99,7,1,0
BRDA:99,8,0,0
BRDA:99,8,1,0
BRDA:104,9,0,0
BRDA:104,9,1,0
BRDA:104,10,0,0
BRDA:104,10,1,0
BRDA:109,11,0,0
BRDA:109,11,1,0
BRDA:109,12,0,0
BRDA:109,12,1,0
BRDA:112,13,0,0
BRDA:112,13,1,0
BRDA:112,14,0,0
BRDA:112,14,1,0
BRDA:120,15,0,0
BRDA:120,15,1,0
BRDA:122,16,0,0
BRDA:122,16,1,0
BRDA:138,17,0,0
BRDA:138,17,1,0
BRDA:153,18,0,0
BRDA:153,18,1,0
BRDA:161,19,0,0
BRDA:161,19,1,0
BRDA:161,19,2,0
BRDA:166,20,0,0
BRDA:166,20,1,0
BRDA:166,20,2,0
BRDA:170,21,0,0
BRDA:170,21,1,0
BRDA:170,22,0,0
BRDA:170,22,1,0
BRDA:201,23,0,0
BRDA:201,23,1,0
BRDA:274,24,0,0
BRDA:274,24,1,0
BRDA:275,25,0,0
BRDA:275,25,1,0
BRDA:276,26,0,0
BRDA:276,26,1,0
BRDA:276,26,2,0
BRDA:277,27,0,0
BRDA:277,27,1,0
BRDA:277,27,2,0
BRDA:277,27,3,0
BRDA:278,28,0,0
BRDA:278,28,1,0
BRDA:279,29,0,0
BRDA:279,29,1,0
BRDA:319,30,0,0
BRDA:319,30,1,0
BRDA:319,31,0,0
BRDA:319,31,1,0
BRDA:326,32,0,0
BRDA:326,32,1,0
BRDA:326,33,0,0
BRDA:326,33,1,0
BRDA:327,34,0,0
BRDA:327,34,1,0
BRDA:355,35,0,0
BRDA:355,35,1,0
BRDA:355,36,0,0
BRDA:355,36,1,0
BRDA:382,37,0,0
BRDA:382,37,1,0
BRDA:382,38,0,0
BRDA:382,38,1,0
BRDA:382,38,2,0
BRDA:382,38,3,0
BRDA:382,38,4,0
BRDA:382,38,5,0
BRDA:387,39,0,0
BRDA:387,39,1,0
BRDA:389,40,0,0
BRDA:389,40,1,0
BRDA:418,41,0,0
BRDA:418,41,1,0
BRDA:418,42,0,0
BRDA:418,42,1,0
BRDA:418,43,0,0
BRDA:418,43,1,0
BRDA:418,44,0,0
BRDA:418,44,1,0
BRDA:418,45,0,0
BRDA:418,45,1,0
BRDA:419,46,0,0
BRDA:419,46,1,0
BRDA:419,47,0,0
BRDA:419,47,1,0
BRDA:419,47,2,0
BRDA:420,48,0,0
BRDA:420,48,1,0
BRDA:420,49,0,0
BRDA:420,49,1,0
BRDA:420,49,2,0
BRDA:422,50,0,0
BRDA:422,50,1,0
BRDA:422,51,0,0
BRDA:422,51,1,0
BRDA:422,52,0,0
BRDA:422,52,1,0
BRDA:422,53,0,0
BRDA:422,53,1,0
BRDA:422,54,0,0
BRDA:422,54,1,0
BRDA:423,55,0,0
BRDA:423,55,1,0
BRDA:423,56,0,0
BRDA:423,56,1,0
BRDA:423,56,2,0
BRDA:424,57,0,0
BRDA:424,57,1,0
BRDA:424,58,0,0
BRDA:424,58,1,0
BRDA:424,58,2,0
BRDA:450,59,0,0
BRDA:450,59,1,0
BRDA:469,60,0,0
BRDA:469,60,1,0
BRDA:527,61,0,0
BRDA:527,61,1,0
BRDA:533,62,0,0
BRDA:533,62,1,0
BRDA:581,63,0,0
BRDA:581,63,1,0
BRDA:581,64,0,0
BRDA:581,64,1,0
BRDA:586,65,0,0
BRDA:586,65,1,0
BRDA:591,66,0,0
BRDA:591,66,1,0
BRDA:597,67,0,0
BRDA:597,67,1,0
BRDA:603,68,0,0
BRDA:603,68,1,0
BRDA:606,69,0,0
BRDA:606,69,1,0
BRDA:606,70,0,0
BRDA:606,70,1,0
BRDA:610,71,0,0
BRDA:610,71,1,0
BRDA:613,72,0,0
BRDA:613,72,1,0
BRDA:625,73,0,0
BRDA:625,73,1,0
BRDA:632,74,0,0
BRDA:632,74,1,0
BRDA:635,75,0,0
BRDA:635,75,1,0
BRDA:642,76,0,0
BRDA:642,76,1,0
BRDA:676,77,0,0
BRDA:676,77,1,0
BRDA:725,78,0,0
BRDA:725,78,1,0
BRDA:725,79,0,0
BRDA:725,79,1,0
BRDA:730,80,0,0
BRDA:730,80,1,0
BRDA:733,81,0,0
BRDA:733,81,1,0
BRDA:738,82,0,0
BRDA:738,82,1,0
BRDA:738,83,0,0
BRDA:738,83,1,0
BRDA:738,83,2,0
BRDA:752,84,0,0
BRDA:752,84,1,0
BRDA:754,85,0,0
BRDA:754,85,1,0
BRDA:755,86,0,0
BRDA:755,86,1,0
BRDA:760,87,0,0
BRDA:760,87,1,0
BRDA:760,88,0,0
BRDA:760,88,1,0
BRDA:765,89,0,0
BRDA:765,89,1,0
BRDA:773,90,0,0
BRDA:773,90,1,0
BRDA:773,90,2,0
BRDA:774,91,0,0
BRDA:774,91,1,0
BRDA:775,92,0,0
BRDA:775,92,1,0
BRDA:776,93,0,0
BRDA:776,93,1,0
BRDA:782,94,0,0
BRDA:782,94,1,0
BRDA:803,95,0,0
BRDA:803,95,1,0
BRDA:803,96,0,0
BRDA:803,96,1,0
BRDA:812,97,0,0
BRDA:812,97,1,0
BRDA:849,98,0,0
BRDA:849,98,1,0
BRDA:849,99,0,0
BRDA:849,99,1,0
BRDA:855,100,0,0
BRDA:855,100,1,0
BRDA:860,101,0,0
BRDA:860,101,1,0
BRDA:863,102,0,0
BRDA:863,102,1,0
BRDA:868,103,0,0
BRDA:868,103,1,0
BRDA:873,104,0,0
BRDA:873,104,1,0
BRDA:873,105,0,0
BRDA:873,105,1,0
BRDA:878,106,0,0
BRDA:878,106,1,0
BRDA:886,107,0,0
BRDA:886,107,1,0
BRDA:886,107,2,0
BRDA:888,108,0,0
BRDA:888,108,1,0
BRDA:889,109,0,0
BRDA:889,109,1,0
BRDA:890,110,0,0
BRDA:890,110,1,0
BRDA:896,111,0,0
BRDA:896,111,1,0
BRDA:928,112,0,0
BRDA:928,112,1,0
BRDA:933,113,0,0
BRDA:933,113,1,0
BRDA:938,114,0,0
BRDA:938,114,1,0
BRDA:938,115,0,0
BRDA:938,115,1,0
BRDA:942,116,0,0
BRDA:942,116,1,0
BRDA:955,117,0,0
BRDA:955,117,1,0
BRDA:955,118,0,0
BRDA:955,118,1,0
BRDA:965,119,0,0
BRDA:965,119,1,0
BRDA:993,120,0,0
BRDA:993,120,1,0
BRDA:1013,121,0,0
BRDA:1013,121,1,0
BRDA:1013,122,0,0
BRDA:1013,122,1,0
BRDA:1019,123,0,0
BRDA:1019,123,1,0
BRDA:1024,124,0,0
BRDA:1024,124,1,0
BRDA:1027,125,0,0
BRDA:1027,125,1,0
BRDA:1032,126,0,0
BRDA:1032,126,1,0
BRDA:1037,127,0,0
BRDA:1037,127,1,0
BRDA:1037,128,0,0
BRDA:1037,128,1,0
BRDA:1042,129,0,0
BRDA:1042,129,1,0
BRDA:1049,130,0,0
BRDA:1049,130,1,0
BRDA:1050,131,0,0
BRDA:1050,131,1,0
BRDA:1051,132,0,0
BRDA:1051,132,1,0
BRDA:1056,133,0,0
BRDA:1056,133,1,0
BRDA:1074,134,0,0
BRDA:1074,134,1,0
BRDA:1075,135,0,0
BRDA:1075,135,1,0
BRDA:1075,136,0,0
BRDA:1075,136,1,0
BRDA:1075,136,2,0
BRDA:1075,136,3,0
BRDA:1075,136,4,0
BRDA:1120,137,0,0
BRDA:1120,137,1,0
BRDA:1123,138,0,0
BRDA:1123,138,1,0
BRDA:1128,139,0,0
BRDA:1128,139,1,0
BRDA:1128,140,0,0
BRDA:1128,140,1,0
BRDA:1128,140,2,0
BRDA:1128,140,3,0
BRDA:1132,141,0,0
BRDA:1132,141,1,0
BRDA:1136,142,0,0
BRDA:1136,142,1,0
BRDA:1149,143,0,0
BRDA:1149,143,1,0
BRDA:1162,144,0,0
BRDA:1162,144,1,0
BRDA:1162,145,0,0
BRDA:1162,145,1,0
BRDA:1185,146,0,0
BRDA:1185,146,1,0
BRDA:1188,147,0,0
BRDA:1188,147,1,0
BRDA:1215,148,0,0
BRDA:1215,148,1,0
BRDA:1216,149,0,0
BRDA:1216,149,1,0
BRDA:1216,150,0,0
BRDA:1216,150,1,0
BRDA:1224,151,0,0
BRDA:1224,151,1,0
BRDA:1228,152,0,0
BRDA:1228,152,1,0
BRDA:1231,153,0,0
BRDA:1231,153,1,0
BRDA:1231,154,0,0
BRDA:1231,154,1,0
BRDA:1253,155,0,0
BRDA:1253,155,1,0
BRDA:1300,156,0,0
BRDA:1300,156,1,0
BRDA:1337,157,0,0
BRDA:1337,157,1,0
BRDA:1337,158,0,0
BRDA:1337,158,1,0
BRDA:1369,159,0,0
BRDA:1369,159,1,0
BRDA:1370,160,0,0
BRDA:1370,160,1,0
BRDA:1373,161,0,0
BRDA:1373,161,1,0
BRDA:1430,162,0,0
BRDA:1430,162,1,0
BRDA:1431,163,0,0
BRDA:1431,163,1,0
BRDA:1432,164,0,0
BRDA:1432,164,1,0
BRDA:1458,165,0,0
BRDA:1458,165,1,0
BRDA:1459,166,0,0
BRDA:1459,166,1,0
BRDA:1460,167,0,0
BRDA:1460,167,1,0
BRDA:1460,168,0,0
BRDA:1460,168,1,0
BRDA:1460,168,2,0
BRDA:1465,169,0,0
BRDA:1465,169,1,0
BRDA:1466,170,0,0
BRDA:1466,170,1,0
BRDA:1473,171,0,0
BRDA:1473,171,1,0
BRF:373
BRH:0
end_of_record
TN:
SF:routes\routePlanner.js
FN:8,parseTimeToMinutes
FN:38,computeReason
FN:50,(anonymous_2)
FN:78,(anonymous_3)
FN:84,(anonymous_4)
FN:88,(anonymous_5)
FN:99,(anonymous_6)
FN:104,(anonymous_7)
FN:135,(anonymous_8)
FN:151,(anonymous_9)
FN:152,(anonymous_10)
FN:153,(anonymous_11)
FN:181,(anonymous_12)
FNF:13
FNH:0
FNDA:0,parseTimeToMinutes
FNDA:0,computeReason
FNDA:0,(anonymous_2)
FNDA:0,(anonymous_3)
FNDA:0,(anonymous_4)
FNDA:0,(anonymous_5)
FNDA:0,(anonymous_6)
FNDA:0,(anonymous_7)
FNDA:0,(anonymous_8)
FNDA:0,(anonymous_9)
FNDA:0,(anonymous_10)
FNDA:0,(anonymous_11)
FNDA:0,(anonymous_12)
DA:1,1
DA:2,1
DA:4,1
DA:5,1
DA:6,1
DA:10,0
DA:11,0
DA:14,0
DA:17,0
DA:18,0
DA:19,0
DA:20,0
DA:21,0
DA:22,0
DA:23,0
DA:24,0
DA:28,0
DA:29,0
DA:30,0
DA:31,0
DA:32,0
DA:35,0
DA:39,0
DA:40,0
DA:41,0
DA:42,0
DA:43,0
DA:44,0
DA:50,1
DA:51,0
DA:58,0
DA:60,0
DA:61,0
DA:64,0
DA:65,0
DA:66,0
DA:67,0
DA:70,0
DA:72,0
DA:75,0
DA:76,0
DA:77,0
DA:78,0
DA:83,0
DA:85,0
DA:86,0
DA:88,0
DA:91,0
DA:92,0
DA:96,0
DA:97,0
DA:98,0
DA:99,0
DA:103,0
DA:105,0
DA:113,0
DA:114,0
DA:119,0
DA:123,0
DA:124,0
DA:126,0
DA:137,0
DA:139,0
DA:141,0
DA:143,0
DA:146,0
DA:147,0
DA:150,0
DA:151,0
DA:152,0
DA:153,0
DA:155,0
DA:168,0
DA:181,0
DA:193,0
DA:195,0
DA:196,0
DA:200,1
LF:78
LH:7
BRDA:10,0,0,0
BRDA:10,0,1,0
BRDA:18,1,0,0
BRDA:18,1,1,0
BRDA:22,2,0,0
BRDA:22,2,1,0
BRDA:22,3,0,0
BRDA:22,3,1,0
BRDA:23,4,0,0
BRDA:23,4,1,0
BRDA:23,5,0,0
BRDA:23,5,1,0
BRDA:29,6,0,0
BRDA:29,6,1,0
BRDA:40,7,0,0
BRDA:40,7,1,0
BRDA:41,8,0,0
BRDA:41,8,1,0
BRDA:42,9,0,0
BRDA:42,9,1,0
BRDA:43,10,0,0
BRDA:43,10,1,0
BRDA:44,11,0,0
BRDA:44,11,1,0
BRDA:58,12,0,0
BRDA:58,12,1,0
BRDA:60,13,0,0
BRDA:60,13,1,0
BRDA:60,14,0,0
BRDA:60,14,1,0
BRDA:66,15,0,0
BRDA:66,15,1,0
BRDA:75,16,0,0
BRDA:75,16,1,0
BRDA:75,17,0,0
BRDA:75,17,1,0
BRDA:77,18,0,0
BRDA:77,18,1,0
BRDA:78,19,0,0
BRDA:78,19,1,0
BRDA:88,20,0,0
BRDA:88,20,1,0
BRDA:91,21,0,0
BRDA:91,21,1,0
BRDA:97,22,0,0
BRDA:97,22,1,0
BRDA:97,23,0,0
BRDA:97,23,1,0
BRDA:99,24,0,0
BRDA:99,24,1,0
BRDA:106,25,0,0
BRDA:106,25,1,0
BRDA:113,26,0,0
BRDA:113,26,1,0
BRDA:114,27,0,0
BRDA:114,27,1,0
BRDA:123,28,0,0
BRDA:123,28,1,0
BRDA:124,29,0,0
BRDA:124,29,1,0
BRDA:137,30,0,0
BRDA:137,30,1,0
BRDA:139,31,0,0
BRDA:139,31,1,0
BRDA:141,32,0,0
BRDA:141,32,1,0
BRDA:147,33,0,0
BRDA:147,33,1,0
BRDA:151,34,0,0
BRDA:151,34,1,0
BRDA:152,35,0,0
BRDA:152,35,1,0
BRDA:153,36,0,0
BRDA:153,36,1,0
BRDA:159,37,0,0
BRDA:159,37,1,0
BRDA:160,38,0,0
BRDA:160,38,1,0
BRDA:162,39,0,0
BRDA:162,39,1,0
BRF:80
BRH:0
end_of_record
TN:
SF:routes\sos.js
FN:6,(anonymous_0)
FN:16,(anonymous_1)
FN:35,(anonymous_2)
FN:87,(anonymous_3)
FN:104,(anonymous_4)
FNF:5
FNH:0
FNDA:0,(anonymous_0)
FNDA:0,(anonymous_1)
FNDA:0,(anonymous_2)
FNDA:0,(anonymous_3)
FNDA:0,(anonymous_4)
DA:1,1
DA:2,1
DA:4,1
DA:5,1
DA:6,1
DA:7,0
DA:16,1
DA:17,0
DA:18,0
DA:19,0
DA:21,0
DA:27,0
DA:29,0
DA:30,0
DA:35,1
DA:36,0
DA:37,0
DA:39,0
DA:40,0
DA:43,0
DA:52,0
DA:53,0
DA:54,0
DA:65,0
DA:72,0
DA:73,0
DA:74,0
DA:75,0
DA:77,0
DA:78,0
DA:79,0
DA:82,0
DA:83,0
DA:92,0
DA:95,0
DA:97,0
DA:98,0
DA:102,1
DA:104,1
DA:105,0
DA:106,0
DA:111,0
DA:113,0
DA:119,1
LF:44
LH:10
BRDA:8,0,0,0
BRDA:8,0,1,0
BRDA:37,1,0,0
BRDA:37,1,1,0
BRDA:39,2,0,0
BRDA:39,2,1,0
BRDA:39,3,0,0
BRDA:39,3,1,0
BRDA:39,3,2,0
BRDA:39,3,3,0
BRDA:75,4,0,0
BRDA:75,4,1,0
BRDA:77,5,0,0
BRDA:77,5,1,0
BRDA:82,6,0,0
BRDA:82,6,1,0
BRF:16
BRH:0
end_of_record
TN:
SF:routes\subscriptions.js
FN:8,(anonymous_0)
FN:40,(anonymous_1)
FN:51,(anonymous_2)
FNF:3
FNH:0
FNDA:0,(anonymous_0)
FNDA:0,(anonymous_1)
FNDA:0,(anonymous_2)
DA:1,1
DA:2,1
DA:4,1
DA:5,1
DA:8,1
DA:9,0
DA:10,0
DA:12,0
DA:13,0
DA:16,0
DA:18,0
DA:19,0
DA:22,0
DA:25,0
DA:32,0
DA:34,0
DA:35,0
DA:40,1
DA:41,0
DA:42,0
DA:43,0
DA:45,0
DA:46,0
DA:51,1
DA:52,0
DA:53,0
DA:54,0
DA:56,0
DA:57,0
DA:61,1
LF:30
LH:8
BRDA:12,0,0,0
BRDA:12,0,1,0
BRDA:12,1,0,0
BRDA:12,1,1,0
BRDA:12,1,2,0
BRDA:18,2,0,0
BRDA:18,2,1,0
BRF:7
BRH:0
end_of_record
TN:
SF:routes\users.js
FN:13,(anonymous_0)
FN:14,(anonymous_1)
FN:36,(anonymous_2)
FN:102,(anonymous_3)
FN:162,(anonymous_4)
FN:236,(anonymous_5)
FN:241,(anonymous_6)
FN:394,(anonymous_7)
FN:458,(anonymous_8)
FN:522,(anonymous_9)
FN:580,(anonymous_10)
FN:609,(anonymous_11)
FN:661,(anonymous_12)
FN:703,(anonymous_13)
FNF:14
FNH:2
FNDA:6,(anonymous_0)
FNDA:0,(anonymous_1)
FNDA:0,(anonymous_2)
FNDA:0,(anonymous_3)
FNDA:0,(anonymous_4)
FNDA:0,(anonymous_5)
FNDA:0,(anonymous_6)
FNDA:0,(anonymous_7)
FNDA:0,(anonymous_8)
FNDA:2,(anonymous_9)
FNDA:0,(anonymous_10)
FNDA:0,(anonymous_11)
FNDA:0,(anonymous_12)
FNDA:0,(anonymous_13)
DA:1,1
DA:2,1
DA:3,1
DA:4,1
DA:5,1
DA:6,1
DA:9,1
DA:12,1
DA:13,1
DA:14,6
DA:15,0
DA:16,0
DA:17,0
DA:18,0
DA:19,0
DA:21,0
DA:22,0
DA:23,0
DA:24,0
DA:25,0
DA:27,0
DA:28,0
DA:29,0
DA:31,0
DA:36,1
DA:38,0
DA:40,0
DA:42,0
DA:44,0
DA:45,0
DA:50,0
DA:54,0
DA:55,0
DA:57,0
DA:61,0
DA:63,0
DA:86,0
DA:92,0
DA:94,0
DA:102,1
DA:104,0
DA:106,0
DA:108,0
DA:110,0
DA:111,0
DA:116,0
DA:117,0
DA:118,0
DA:119,0
DA:120,0
DA:125,0
DA:126,0
DA:127,0
DA:128,0
DA:129,0
DA:131,0
DA:132,0
DA:133,0
DA:137,0
DA:142,0
DA:143,0
DA:148,0
DA:154,0
DA:162,1
DA:164,0
DA:166,0
DA:168,0
DA:170,0
DA:171,0
DA:176,0
DA:177,0
DA:178,0
DA:179,0
DA:180,0
DA:185,0
DA:186,0
DA:187,0
DA:188,0
DA:189,0
DA:191,0
DA:192,0
DA:193,0
DA:197,0
DA:202,0
DA:203,0
DA:208,0
DA:210,0
DA:212,0
DA:213,0
DA:214,0
DA:216,0
DA:218,0
DA:224,0
DA:226,0
DA:236,1
DA:237,0
DA:241,1
DA:242,0
DA:243,0
DA:246,0
DA:249,0
DA:254,0
DA:255,0
DA:258,0
DA:260,0
DA:262,0
DA:263,0
DA:270,0
DA:275,0
DA:277,0
DA:287,0
DA:290,0
DA:294,0
DA:295,0
DA:296,0
DA:300,0
DA:303,0
DA:304,0
DA:305,0
DA:307,0
DA:308,0
DA:320,0
DA:322,0
DA:323,0
DA:328,0
DA:330,0
DA:331,0
DA:332,0
DA:334,0
DA:335,0
DA:339,0
DA:340,0
DA:341,0
DA:342,0
DA:344,0
DA:345,0
DA:346,0
DA:350,0
DA:356,0
DA:358,0
DA:363,0
DA:371,0
DA:377,0
DA:378,0
DA:379,0
DA:384,0
DA:394,1
DA:395,0
DA:396,0
DA:398,0
DA:400,0
DA:401,0
DA:406,0
DA:407,0
DA:408,0
DA:409,0
DA:410,0
DA:415,0
DA:416,0
DA:417,0
DA:418,0
DA:419,0
DA:421,0
DA:422,0
DA:423,0
DA:427,0
DA:432,0
DA:433,0
DA:438,0
DA:439,0
DA:440,0
DA:441,0
DA:443,0
DA:445,0
DA:450,0
DA:451,0
DA:458,1
DA:459,0
DA:460,0
DA:462,0
DA:464,0
DA:466,0
DA:467,0
DA:472,0
DA:476,0
DA:477,0
DA:478,0
DA:482,0
DA:484,0
DA:485,0
DA:486,0
DA:488,0
DA:489,0
DA:501,0
DA:503,0
DA:504,0
DA:509,0
DA:514,0
DA:515,0
DA:522,1
DA:523,2
DA:524,2
DA:526,2
DA:527,2
DA:528,0
DA:529,2
DA:530,2
DA:533,2
DA:534,1
DA:537,1
DA:538,1
DA:539,0
DA:542,1
DA:543,0
DA:548,1
DA:549,0
DA:556,1
DA:557,1
DA:558,1
DA:573,0
DA:574,0
DA:580,1
DA:582,0
DA:585,0
DA:589,0
DA:590,0
DA:595,0
DA:601,0
DA:609,1
DA:611,0
DA:613,0
DA:615,0
DA:616,0
DA:621,0
DA:623,0
DA:624,0
DA:629,0
DA:634,0
DA:635,0
DA:640,0
DA:642,0
DA:643,0
DA:645,0
DA:651,0
DA:653,0
DA:661,1
DA:663,0
DA:666,0
DA:671,0
DA:672,0
DA:677,0
DA:693,0
DA:703,1
DA:704,0
DA:705,0
DA:707,0
DA:708,0
DA:711,0
DA:712,0
DA:713,0
DA:716,0
DA:717,0
DA:719,0
DA:721,0
DA:722,0
DA:726,1
LF:266
LH:38
BRDA:9,0,0,1
BRDA:9,0,1,0
BRDA:17,1,0,0
BRDA:17,1,1,0
BRDA:22,2,0,0
BRDA:22,2,1,0
BRDA:28,3,0,0
BRDA:28,3,1,0
BRDA:44,4,0,0
BRDA:44,4,1,0
BRDA:110,5,0,0
BRDA:110,5,1,0
BRDA:116,6,0,0
BRDA:116,6,1,0
BRDA:125,7,0,0
BRDA:125,7,1,0
BRDA:126,8,0,0
BRDA:126,8,1,0
BRDA:127,9,0,0
BRDA:127,9,1,0
BRDA:132,10,0,0
BRDA:132,10,1,0
BRDA:142,11,0,0
BRDA:142,11,1,0
BRDA:170,12,0,0
BRDA:170,12,1,0
BRDA:176,13,0,0
BRDA:176,13,1,0
BRDA:185,14,0,0
BRDA:185,14,1,0
BRDA:186,15,0,0
BRDA:186,15,1,0
BRDA:187,16,0,0
BRDA:187,16,1,0
BRDA:192,17,0,0
BRDA:192,17,1,0
BRDA:202,18,0,0
BRDA:202,18,1,0
BRDA:246,19,0,0
BRDA:246,19,1,0
BRDA:254,20,0,0
BRDA:254,20,1,0
BRDA:262,21,0,0
BRDA:262,21,1,0
BRDA:309,22,0,0
BRDA:309,22,1,0
BRDA:334,23,0,0
BRDA:334,23,1,0
BRDA:339,24,0,0
BRDA:339,24,1,0
BRDA:377,25,0,0
BRDA:377,25,1,0
BRDA:377,26,0,0
BRDA:377,26,1,0
BRDA:378,27,0,0
BRDA:378,27,1,0
BRDA:378,28,0,0
BRDA:378,28,1,0
BRDA:400,29,0,0
BRDA:400,29,1,0
BRDA:406,30,0,0
BRDA:406,30,1,0
BRDA:415,31,0,0
BRDA:415,31,1,0
BRDA:416,32,0,0
BRDA:416,32,1,0
BRDA:417,33,0,0
BRDA:417,33,1,0
BRDA:422,34,0,0
BRDA:422,34,1,0
BRDA:432,35,0,0
BRDA:432,35,1,0
BRDA:466,36,0,0
BRDA:466,36,1,0
BRDA:527,37,0,0
BRDA:527,37,1,2
BRDA:529,38,0,2
BRDA:529,38,1,0
BRDA:533,39,0,1
BRDA:533,39,1,1
BRDA:538,40,0,0
BRDA:538,40,1,1
BRDA:542,41,0,0
BRDA:542,41,1,1
BRDA:548,42,0,0
BRDA:548,42,1,1
BRDA:556,43,0,1
BRDA:556,43,1,0
BRDA:562,44,0,0
BRDA:562,44,1,1
BRDA:566,45,0,1
BRDA:566,45,1,0
BRDA:567,46,0,1
BRDA:567,46,1,0
BRDA:568,47,0,1
BRDA:568,47,1,0
BRDA:589,48,0,0
BRDA:589,48,1,0
BRDA:596,49,0,0
BRDA:596,49,1,0
BRDA:615,50,0,0
BRDA:615,50,1,0
BRDA:615,51,0,0
BRDA:615,51,1,0
BRDA:615,51,2,0
BRDA:623,52,0,0
BRDA:623,52,1,0
BRDA:634,53,0,0
BRDA:634,53,1,0
BRDA:671,54,0,0
BRDA:671,54,1,0
BRDA:680,55,0,0
BRDA:680,55,1,0
BRDA:681,56,0,0
BRDA:681,56,1,0
BRDA:683,57,0,0
BRDA:683,57,1,0
BRDA:684,58,0,0
BRDA:684,58,1,0
BRDA:685,59,0,0
BRDA:685,59,1,0
BRDA:686,60,0,0
BRDA:686,60,1,0
BRDA:687,61,0,0
BRDA:687,61,1,0
BRDA:705,62,0,0
BRDA:705,62,1,0
BRDA:707,63,0,0
BRDA:707,63,1,0
BRDA:707,64,0,0
BRDA:707,64,1,0
BRDA:712,65,0,0
BRDA:712,65,1,0
BRF:133
BRH:13
end_of_record
TN:
SF:routes\vehicles.js
FN:8,(anonymous_0)
FN:39,(anonymous_1)
FNF:2
FNH:0
FNDA:0,(anonymous_0)
FNDA:0,(anonymous_1)
DA:1,1
DA:2,1
DA:4,1
DA:5,1
DA:8,1
DA:9,0
DA:10,0
DA:12,0
DA:14,0
DA:15,0
DA:16,0
DA:19,0
DA:29,0
DA:31,0
DA:33,0
DA:34,0
DA:39,1
DA:40,0
DA:41,0
DA:42,0
DA:44,0
DA:45,0
DA:49,1
LF:23
LH:7
BRDA:12,0,0,0
BRDA:12,0,1,0
BRDA:12,0,2,0
BRDA:12,0,3,0
BRDA:15,1,0,0
BRDA:15,1,1,0
BRDA:26,2,0,0
BRDA:26,2,1,0
BRF:8
BRH:0
end_of_record
TN:
SF:routes\waitlist.js
FN:12,(anonymous_0)
FN:66,(anonymous_1)
FN:75,(anonymous_2)
FN:77,(anonymous_3)
FN:79,(anonymous_4)
FNF:5
FNH:0
FNDA:0,(anonymous_0)
FNDA:0,(anonymous_1)
FNDA:0,(anonymous_2)
FNDA:0,(anonymous_3)
FNDA:0,(anonymous_4)
DA:1,1
DA:2,1
DA:4,1
DA:5,1
DA:6,1
DA:7,1
DA:8,1
DA:12,1
DA:13,0
DA:14,0
DA:16,0
DA:17,0
DA:19,0
DA:20,0
DA:22,0
DA:23,0
DA:26,0
DA:27,0
DA:28,0
DA:31,0
DA:32,0
DA:33,0
DA:36,0
DA:40,0
DA:41,0
DA:48,0
DA:54,0
DA:60,0
DA:61,0
DA:66,1
DA:67,0
DA:68,0
DA:69,0
DA:71,0
DA:75,0
DA:76,0
DA:77,0
DA:79,0
DA:80,0
DA:81,0
DA:102,0
DA:104,0
DA:105,0
DA:109,1
LF:44
LH:10
BRDA:14,0,0,0
BRDA:14,0,1,0
BRDA:16,1,0,0
BRDA:16,1,1,0
BRDA:17,2,0,0
BRDA:17,2,1,0
BRDA:20,3,0,0
BRDA:20,3,1,0
BRDA:23,4,0,0
BRDA:23,4,1,0
BRDA:27,5,0,0
BRDA:27,5,1,0
BRDA:32,6,0,0
BRDA:32,6,1,0
BRDA:40,7,0,0
BRDA:40,7,1,0
BRDA:40,8,0,0
BRDA:40,8,1,0
BRDA:69,9,0,0
BRDA:69,9,1,0
BRDA:80,10,0,0
BRDA:80,10,1,0
BRDA:86,11,0,0
BRDA:86,11,1,0
BRF:24
BRH:0
end_of_record
TN:
SF:routes\weather.js
FN:8,(anonymous_0)
FNF:1
FNH:0
FNDA:0,(anonymous_0)
DA:1,1
DA:2,1
DA:4,1
DA:6,1
DA:10,0
DA:13,0
DA:19,0
DA:23,0
DA:31,1
LF:9
LH:5
BRF:0
BRH:0
end_of_record
TN:
SF:services\geminiService.js
FN:10,normalizeModelName
FN:14,getBestModel
FN:44,(anonymous_2)
FN:53,askGemini
FN:71,(anonymous_4)
FNF:5
FNH:0
FNDA:0,normalizeModelName
FNDA:0,getBestModel
FNDA:0,(anonymous_2)
FNDA:0,askGemini
FNDA:0,(anonymous_4)
DA:1,1
DA:3,1
DA:8,1
DA:11,0
DA:16,0
DA:23,0
DA:24,0
DA:25,0
DA:27,0
DA:30,0
DA:34,0
DA:36,0
DA:39,0
DA:40,0
DA:41,0
DA:44,0
DA:45,0
DA:46,0
DA:50,0
DA:54,0
DA:55,0
DA:58,0
DA:60,0
DA:61,0
DA:62,0
DA:64,0
DA:65,0
DA:67,0
DA:70,0
DA:71,0
DA:72,0
DA:75,0
DA:81,1
LF:33
LH:4
BRDA:8,0,0,1
BRDA:8,0,1,0
BRDA:11,1,0,0
BRDA:11,1,1,0
BRDA:11,1,2,0
BRDA:11,1,3,0
BRDA:25,2,0,0
BRDA:25,2,1,0
BRDA:34,3,0,0
BRDA:34,3,1,0
BRDA:34,4,0,0
BRDA:34,4,1,0
BRDA:40,5,0,0
BRDA:40,5,1,0
BRDA:45,6,0,0
BRDA:45,6,1,0
BRDA:54,7,0,0
BRDA:54,7,1,0
BRDA:70,8,0,0
BRDA:70,8,1,0
BRDA:70,9,0,0
BRDA:70,9,1,0
BRF:22
BRH:1
end_of_record
TN:
SF:utils\badgeHelper.js
FN:1,calculateBadges
FNF:1
FNH:1
FNDA:5,calculateBadges
DA:7,5
DA:10,5
DA:11,4
DA:14,5
DA:15,3
DA:18,5
DA:19,3
DA:22,5
DA:23,2
DA:26,5
DA:27,1
DA:30,5
DA:31,1
DA:34,5
DA:35,1
DA:39,5
DA:40,1
DA:43,5
DA:44,1
DA:47,5
DA:50,1
LF:21
LH:21
BRDA:1,0,0,0
BRDA:2,1,0,1
BRDA:3,2,0,4
BRDA:4,3,0,4
BRDA:5,4,0,4
BRDA:10,5,0,4
BRDA:10,5,1,1
BRDA:14,6,0,3
BRDA:14,6,1,2
BRDA:18,7,0,3
BRDA:18,7,1,2
BRDA:22,8,0,2
BRDA:22,8,1,3
BRDA:26,9,0,1
BRDA:26,9,1,4
BRDA:30,10,0,1
BRDA:30,10,1,4
BRDA:34,11,0,1
BRDA:34,11,1,4
BRDA:39,12,0,1
BRDA:39,12,1,4
BRDA:43,13,0,1
BRDA:43,13,1,4
BRF:23
BRH:22
end_of_record
TN:
SF:utils\calculateTrustScore.js
FN:1,calculateTrustScore
FNF:1
FNH:1
FNDA:5,calculateTrustScore
DA:3,5
DA:6,5
DA:7,2
DA:10,5
DA:11,2
DA:14,5
DA:15,2
DA:18,5
DA:24,5
DA:25,2
DA:29,5
DA:30,3
DA:34,5
DA:37,5
DA:42,5
DA:45,2
LF:16
LH:16
BRDA:6,0,0,2
BRDA:6,0,1,3
BRDA:10,1,0,2
BRDA:10,1,1,3
BRDA:14,2,0,2
BRDA:14,2,1,3
BRDA:19,3,0,5
BRDA:19,3,1,3
BRDA:24,4,0,2
BRDA:24,4,1,3
BRDA:24,5,0,5
BRDA:24,5,1,1
BRDA:29,6,0,3
BRDA:29,6,1,2
BRDA:29,7,0,5
BRDA:29,7,1,1
BRDA:34,8,0,5
BRDA:34,8,1,3
BRF:18
BRH:18
end_of_record
TN:
SF:utils\checkProfileCompletion.js
FN:1,(anonymous_0)
FNF:1
FNH:0
FNDA:0,(anonymous_0)
DA:1,1
DA:2,0
DA:4,0
DA:5,0
DA:6,0
DA:12,0
DA:19,1
LF:7
LH:2
BRDA:2,0,0,0
BRDA:2,0,1,0
BRDA:13,1,0,0
BRDA:13,1,1,0
BRDA:13,1,2,0
BRF:5
BRH:0
end_of_record
TN:
SF:utils\demandPrediction.js
FN:1,predictDemand
FNF:1
FNH:1
FNDA:5,predictDemand
DA:2,5
DA:4,5
DA:5,1
DA:11,4
DA:12,1
DA:18,3
DA:24,2
LF:7
LH:7
BRDA:2,0,0,2
BRDA:2,0,1,3
BRDA:4,1,0,1
BRDA:4,1,1,4
BRDA:11,2,0,1
BRDA:11,2,1,3
BRF:6
BRH:6
end_of_record
TN:
SF:utils\dynamicPricing.js
FN:1,calculateDynamicPrice
FNF:1
FNH:1
FNDA:5,calculateDynamicPrice
DA:6,5
DA:8,5
DA:9,2
DA:12,5
DA:13,1
DA:16,5
DA:17,2
DA:20,5
DA:23,2
LF:9
LH:9
BRDA:8,0,0,2
BRDA:8,0,1,3
BRDA:12,1,0,1
BRDA:12,1,1,4
BRDA:16,2,0,2
BRDA:16,2,1,3
BRF:6
BRH:6
end_of_record
TN:
SF:utils\mailer.js
FNF:0
FNH:0
DA:1,1
DA:3,1
DA:11,1
LF:3
LH:3
BRF:0
BRH:0
end_of_record
TN:
SF:utils\matchScore.js
FN:1,calculateMatchScore
FN:28,(anonymous_1)
FNF:2
FNH:0
FNDA:0,calculateMatchScore
FNDA:0,(anonymous_1)
DA:8,0
DA:10,0
DA:15,0
DA:18,0
DA:23,0
DA:28,0
DA:29,0
DA:36,0
DA:40,0
DA:43,1
LF:10
LH:1
BRDA:6,0,0,0
BRDA:10,1,0,0
BRDA:10,1,1,0
BRDA:11,2,0,0
BRDA:11,2,1,0
BRDA:11,2,2,0
BRDA:18,3,0,0
BRDA:18,3,1,0
BRDA:19,4,0,0
BRDA:19,4,1,0
BRDA:19,4,2,0
BRDA:29,5,0,0
BRDA:29,5,1,0
BRDA:30,6,0,0
BRDA:30,6,1,0
BRDA:30,6,2,0
BRDA:30,6,3,0
BRDA:30,6,4,0
BRDA:33,7,0,0
BRDA:33,7,1,0
BRDA:34,8,0,0
BRDA:34,8,1,0
BRF:22
BRH:0
end_of_record
TN:
SF:utils\notifications.js
FN:5,getIo
FN:14,createNotification
FNF:2
FNH:0
FNDA:0,getIo
FNDA:0,createNotification
DA:1,1
DA:2,1
DA:3,1
DA:6,0
DA:8,0
DA:10,0
DA:15,0
DA:17,0
DA:18,0
DA:25,0
DA:26,0
DA:29,0
DA:33,0
DA:34,0
DA:35,0
DA:37,0
DA:38,0
DA:51,0
DA:54,0
DA:56,0
DA:57,0
DA:61,1
LF:22
LH:4
BRDA:15,0,0,0
BRDA:15,0,1,0
BRDA:15,1,0,0
BRDA:15,1,1,0
BRDA:15,1,2,0
BRDA:22,2,0,0
BRDA:22,2,1,0
BRDA:26,3,0,0
BRDA:26,3,1,0
BRDA:37,4,0,0
BRDA:37,4,1,0
BRDA:43,5,0,0
BRDA:43,5,1,0
BRDA:45,6,0,0
BRDA:45,6,1,0
BRF:15
BRH:0
end_of_record
TN:
SF:utils\revenueForecast.js
FN:1,forecastRevenue
FN:6,(anonymous_1)
FNF:2
FNH:2
FNDA:4,forecastRevenue
FNDA:7,(anonymous_1)
DA:2,4
DA:3,2
DA:6,7
DA:7,2
DA:10,2
LF:5
LH:5
BRDA:2,0,0,2
BRDA:2,0,1,2
BRDA:2,1,0,4
BRDA:2,1,1,3
BRDA:6,2,0,7
BRDA:6,2,1,2
BRF:6
BRH:6
end_of_record
TN:
SF:utils\rideScheduler.js
FN:9,(anonymous_0)
FN:24,(anonymous_1)
FN:26,(anonymous_2)
FN:31,(anonymous_3)
FN:42,(anonymous_4)
FN:43,(anonymous_5)
FN:70,(anonymous_6)
FN:139,(anonymous_7)
FN:143,(anonymous_8)
FN:144,(anonymous_9)
FNF:10
FNH:0
FNDA:0,(anonymous_0)
FNDA:0,(anonymous_1)
FNDA:0,(anonymous_2)
FNDA:0,(anonymous_3)
FNDA:0,(anonymous_4)
FNDA:0,(anonymous_5)
FNDA:0,(anonymous_6)
FNDA:0,(anonymous_7)
FNDA:0,(anonymous_8)
FNDA:0,(anonymous_9)
DA:1,1
DA:2,1
DA:3,1
DA:4,1
DA:9,1
DA:10,0
DA:11,0
DA:12,0
DA:14,0
DA:24,0
DA:26,0
DA:28,0
DA:31,0
DA:36,0
DA:37,0
DA:39,0
DA:40,0
DA:42,0
DA:43,0
DA:45,0
DA:48,0
DA:49,0
DA:52,0
DA:53,0
DA:54,0
DA:55,0
DA:58,0
DA:62,0
DA:63,0
DA:66,0
DA:67,0
DA:68,0
DA:70,0
DA:71,0
DA:73,0
DA:74,0
DA:77,0
DA:78,0
DA:80,0
DA:81,0
DA:82,0
DA:83,0
DA:86,0
DA:88,0
DA:89,0
DA:90,0
DA:92,0
DA:102,0
DA:103,0
DA:104,0
DA:107,0
DA:109,0
DA:111,0
DA:132,0
DA:133,0
DA:138,0
DA:139,0
DA:142,0
DA:143,0
DA:144,0
DA:151,0
DA:153,0
DA:156,0
DA:161,0
LF:64
LH:5
BRDA:24,0,0,0
BRDA:24,0,1,0
BRDA:37,1,0,0
BRDA:37,1,1,0
BRDA:39,2,0,0
BRDA:39,2,1,0
BRDA:39,3,0,0
BRDA:39,3,1,0
BRDA:39,3,2,0
BRDA:45,4,0,0
BRDA:45,4,1,0
BRDA:54,5,0,0
BRDA:54,5,1,0
BRDA:68,6,0,0
BRDA:68,6,1,0
BRDA:71,7,0,0
BRDA:71,7,1,0
BRDA:71,8,0,0
BRDA:71,8,1,0
BRDA:71,8,2,0
BRDA:78,9,0,0
BRDA:78,9,1,0
BRDA:80,10,0,0
BRDA:80,10,1,0
BRDA:81,11,0,0
BRDA:81,11,1,0
BRDA:82,12,0,0
BRDA:82,12,1,0
BRDA:86,13,0,0
BRDA:86,13,1,0
BRDA:86,14,0,0
BRDA:86,14,1,0
BRDA:90,15,0,0
BRDA:90,15,1,0
BRDA:102,16,0,0
BRDA:102,16,1,0
BRDA:114,17,0,0
BRDA:114,17,1,0
BRDA:128,18,0,0
BRDA:128,18,1,0
BRDA:143,19,0,0
BRDA:143,19,1,0
BRDA:151,20,0,0
BRDA:151,20,1,0
BRF:44
BRH:0
end_of_record
TN:
SF:utils\rideStatusUpdater.js
FN:3,combineRideDateTime
FN:10,updateExpiredRides
FN:40,(anonymous_2)
FN:41,(anonymous_3)
FNF:4
FNH:0
FNDA:0,combineRideDateTime
FNDA:0,updateExpiredRides
FNDA:0,(anonymous_2)
FNDA:0,(anonymous_3)
DA:1,1
DA:4,0
DA:5,0
DA:6,0
DA:7,0
DA:11,0
DA:14,0
DA:16,0
DA:18,0
DA:19,0
DA:24,0
DA:26,0
DA:27,0
DA:31,0
DA:33,0
DA:40,1
DA:41,0
DA:44,1
LF:18
LH:3
BRDA:4,0,0,0
BRDA:4,0,1,0
BRDA:4,1,0,0
BRDA:4,1,1,0
BRDA:6,2,0,0
BRDA:6,2,1,0
BRDA:24,3,0,0
BRDA:24,3,1,0
BRDA:26,4,0,0
BRDA:26,4,1,0
BRDA:31,5,0,0
BRDA:31,5,1,0
BRF:12
BRH:0
end_of_record
TN:
SF:utils\sendPushNotification.js
FN:5,initFirebaseAdmin
FN:36,sendPushNotification
FN:46,(anonymous_2)
FNF:3
FNH:0
FNDA:0,initFirebaseAdmin
FNDA:0,sendPushNotification
FNDA:0,(anonymous_2)
DA:1,1
DA:3,1
DA:6,0
DA:7,0
DA:8,0
DA:9,0
DA:14,0
DA:15,0
DA:17,0
DA:18,0
DA:19,0
DA:22,0
DA:23,0
DA:28,0
DA:33,0
DA:37,0
DA:38,0
DA:40,0
DA:48,0
DA:49,0
DA:53,0
DA:54,0
DA:56,0
DA:57,0
DA:61,1
LF:25
LH:3
BRDA:6,0,0,0
BRDA:6,0,1,0
BRDA:7,1,0,0
BRDA:7,1,1,0
BRDA:7,2,0,0
BRDA:7,2,1,0
BRDA:17,3,0,0
BRDA:17,3,1,0
BRDA:22,4,0,0
BRDA:22,4,1,0
BRDA:36,5,0,0
BRDA:37,6,0,0
BRDA:37,6,1,0
BRDA:48,7,0,0
BRDA:48,7,1,0
BRF:15
BRH:0
end_of_record
